[0.029s] Invoking command in '/home/yundali/Arm_Project_WS/src/build/soarm_scripts': CMAKE_PREFIX_PATH=/opt/ros/humble /usr/bin/cmake /home/yundali/Arm_Project_WS/src/soarm_scripts -DCMAKE_INSTALL_PREFIX=/home/yundali/Arm_Project_WS/src/install/soarm_scripts
[0.654s] -- The C compiler identification is GNU 11.4.0
[1.039s] -- The CXX compiler identification is GNU 11.4.0
[1.135s] -- Detecting C compiler ABI info
[1.354s] -- Detecting C compiler ABI info - done
[1.370s] -- Check for working C compiler: /usr/bin/cc - skipped
[1.370s] -- Detecting C compile features
[1.384s] -- Detecting C compile features - done
[1.393s] -- Detecting CXX compiler ABI info
[1.575s] -- Detecting CXX compiler ABI info - done
[1.584s] -- Check for working CXX compiler: /usr/bin/c++ - skipped
[1.585s] -- Detecting CXX compile features
[1.585s] -- Detecting CXX compile features - done
[1.728s] -- Found ament_cmake: 1.3.13 (/opt/ros/humble/share/ament_cmake/cmake)
[2.013s] -- Found Python3: /usr/bin/python3 (found version "3.10.12") found components: Interpreter 
[2.340s] -- Found ament_lint_auto: 0.12.15 (/opt/ros/humble/share/ament_lint_auto/cmake)
[2.511s] -- Added test 'lint_cmake' to check CMake code style
[2.513s] -- Added test 'xmllint' to check XML markup files
[2.520s] -- Configuring done
[2.523s] -- Generating done
[2.526s] -- Build files have been written to: /home/yundali/Arm_Project_WS/src/build/soarm_scripts
[2.532s] Invoked command in '/home/yundali/Arm_Project_WS/src/build/soarm_scripts' returned '0': CMAKE_PREFIX_PATH=/opt/ros/humble /usr/bin/cmake /home/yundali/Arm_Project_WS/src/soarm_scripts -DCMAKE_INSTALL_PREFIX=/home/yundali/Arm_Project_WS/src/install/soarm_scripts
[2.534s] Invoking command in '/home/yundali/Arm_Project_WS/src/build/soarm_scripts': CMAKE_PREFIX_PATH=/opt/ros/humble /usr/bin/cmake --build /home/yundali/Arm_Project_WS/src/build/soarm_scripts -- -j8 -l8
[2.583s] Invoked command in '/home/yundali/Arm_Project_WS/src/build/soarm_scripts' returned '0': CMAKE_PREFIX_PATH=/opt/ros/humble /usr/bin/cmake --build /home/yundali/Arm_Project_WS/src/build/soarm_scripts -- -j8 -l8
[2.595s] Invoking command in '/home/yundali/Arm_Project_WS/src/build/soarm_scripts': CMAKE_PREFIX_PATH=/opt/ros/humble /usr/bin/cmake --install /home/yundali/Arm_Project_WS/src/build/soarm_scripts
[2.605s] -- Install configuration: ""
[2.606s] -- Installing: /home/yundali/Arm_Project_WS/src/install/soarm_scripts/share/ament_index/resource_index/package_run_dependencies/soarm_scripts
[2.606s] -- Installing: /home/yundali/Arm_Project_WS/src/install/soarm_scripts/share/ament_index/resource_index/parent_prefix_path/soarm_scripts
[2.606s] -- Installing: /home/yundali/Arm_Project_WS/src/install/soarm_scripts/share/soarm_scripts/environment/ament_prefix_path.sh
[2.606s] -- Installing: /home/yundali/Arm_Project_WS/src/install/soarm_scripts/share/soarm_scripts/environment/ament_prefix_path.dsv
[2.607s] -- Installing: /home/yundali/Arm_Project_WS/src/install/soarm_scripts/share/soarm_scripts/environment/path.sh
[2.607s] -- Installing: /home/yundali/Arm_Project_WS/src/install/soarm_scripts/share/soarm_scripts/environment/path.dsv
[2.607s] -- Installing: /home/yundali/Arm_Project_WS/src/install/soarm_scripts/share/soarm_scripts/local_setup.bash
[2.608s] -- Installing: /home/yundali/Arm_Project_WS/src/install/soarm_scripts/share/soarm_scripts/local_setup.sh
[2.608s] -- Installing: /home/yundali/Arm_Project_WS/src/install/soarm_scripts/share/soarm_scripts/local_setup.zsh
[2.608s] -- Installing: /home/yundali/Arm_Project_WS/src/install/soarm_scripts/share/soarm_scripts/local_setup.dsv
[2.608s] -- Installing: /home/yundali/Arm_Project_WS/src/install/soarm_scripts/share/soarm_scripts/package.dsv
[2.608s] -- Installing: /home/yundali/Arm_Project_WS/src/install/soarm_scripts/share/ament_index/resource_index/packages/soarm_scripts
[2.609s] -- Installing: /home/yundali/Arm_Project_WS/src/install/soarm_scripts/share/soarm_scripts/cmake/soarm_scriptsConfig.cmake
[2.609s] -- Installing: /home/yundali/Arm_Project_WS/src/install/soarm_scripts/share/soarm_scripts/cmake/soarm_scriptsConfig-version.cmake
[2.609s] -- Installing: /home/yundali/Arm_Project_WS/src/install/soarm_scripts/share/soarm_scripts/package.xml
[2.612s] Invoked command in '/home/yundali/Arm_Project_WS/src/build/soarm_scripts' returned '0': CMAKE_PREFIX_PATH=/opt/ros/humble /usr/bin/cmake --install /home/yundali/Arm_Project_WS/src/build/soarm_scripts
