[2.523s] DEBUG:colcon:Command line arguments: ['/usr/bin/colcon', 'build']
[2.524s] DEBUG:colcon:Parsed command line arguments: Namespace(log_base=None, log_level=None, verb_name='build', build_base='build', install_base='install', merge_install=False, symlink_install=False, test_result_base=None, continue_on_error=False, executor='parallel', parallel_workers=8, event_handlers=None, ignore_user_meta=False, metas=['./colcon.meta'], base_paths=['.'], packages_ignore=None, packages_ignore_regex=None, paths=None, packages_up_to=None, packages_up_to_regex=None, packages_above=None, packages_above_and_dependencies=None, packages_above_depth=None, packages_select_by_dep=None, packages_skip_by_dep=None, packages_skip_up_to=None, packages_select_build_failed=False, packages_skip_build_finished=False, packages_select_test_failures=False, packages_skip_test_passed=False, packages_select=None, packages_skip=None, packages_select_regex=None, packages_skip_regex=None, packages_start=None, packages_end=None, allow_overriding=[], cmake_args=None, cmake_target=None, cmake_target_skip_unavailable=False, cmake_clean_cache=False, cmake_clean_first=False, cmake_force_configure=False, ament_cmake_args=None, catkin_cmake_args=None, catkin_skip_building_tests=False, mixin_files=None, mixin=None, verb_parser=<colcon_mixin.mixin.mixin_argument.MixinArgumentDecorator object at 0x7d579b65e0b0>, verb_extension=<colcon_core.verb.build.BuildVerb object at 0x7d579b75f220>, main=<bound method BuildVerb.main of <colcon_core.verb.build.BuildVerb object at 0x7d579b75f220>>, mixin_verb=('build',))
[11.943s] Level 1:colcon.colcon_core.package_discovery:discover_packages(colcon_meta) check parameters
[11.943s] Level 1:colcon.colcon_core.package_discovery:discover_packages(recursive) check parameters
[11.944s] Level 1:colcon.colcon_core.package_discovery:discover_packages(ignore) check parameters
[11.944s] Level 1:colcon.colcon_core.package_discovery:discover_packages(path) check parameters
[11.944s] Level 1:colcon.colcon_core.package_discovery:discover_packages(colcon_meta) discover
[11.944s] Level 1:colcon.colcon_core.package_discovery:discover_packages(recursive) discover
[11.944s] INFO:colcon.colcon_core.package_discovery:Crawling recursively for packages in '/home/yundali/Arm_Project_WS'
[11.944s] Level 1:colcon.colcon_core.package_identification:_identify(.) by extensions ['ignore', 'ignore_ament_install']
[11.944s] Level 1:colcon.colcon_core.package_identification:_identify(.) by extension 'ignore'
[11.945s] Level 1:colcon.colcon_core.package_identification:_identify(.) by extension 'ignore_ament_install'
[11.945s] Level 1:colcon.colcon_core.package_identification:_identify(.) by extensions ['colcon_pkg']
[11.945s] Level 1:colcon.colcon_core.package_identification:_identify(.) by extension 'colcon_pkg'
[11.945s] Level 1:colcon.colcon_core.package_identification:_identify(.) by extensions ['colcon_meta']
[11.945s] Level 1:colcon.colcon_core.package_identification:_identify(.) by extension 'colcon_meta'
[11.945s] Level 1:colcon.colcon_core.package_identification:_identify(.) by extensions ['ros']
[11.945s] Level 1:colcon.colcon_core.package_identification:_identify(.) by extension 'ros'
[12.006s] Level 1:colcon.colcon_core.package_identification:_identify(.) by extensions ['cmake', 'python']
[12.006s] Level 1:colcon.colcon_core.package_identification:_identify(.) by extension 'cmake'
[12.006s] Level 1:colcon.colcon_core.package_identification:_identify(.) by extension 'python'
[12.006s] Level 1:colcon.colcon_core.package_identification:_identify(.) by extensions ['python_setup_py']
[12.006s] Level 1:colcon.colcon_core.package_identification:_identify(.) by extension 'python_setup_py'
[12.006s] Level 1:colcon.colcon_core.package_identification:_identify(build) by extensions ['ignore', 'ignore_ament_install']
[12.007s] Level 1:colcon.colcon_core.package_identification:_identify(build) by extension 'ignore'
[12.007s] Level 1:colcon.colcon_core.package_identification:_identify(build) ignored
[12.007s] Level 1:colcon.colcon_core.package_identification:_identify(install) by extensions ['ignore', 'ignore_ament_install']
[12.007s] Level 1:colcon.colcon_core.package_identification:_identify(install) by extension 'ignore'
[12.007s] Level 1:colcon.colcon_core.package_identification:_identify(install) ignored
[12.008s] Level 1:colcon.colcon_core.package_identification:_identify(log) by extensions ['ignore', 'ignore_ament_install']
[12.008s] Level 1:colcon.colcon_core.package_identification:_identify(log) by extension 'ignore'
[12.008s] Level 1:colcon.colcon_core.package_identification:_identify(log) ignored
[12.008s] Level 1:colcon.colcon_core.package_identification:_identify(src) by extensions ['ignore', 'ignore_ament_install']
[12.008s] Level 1:colcon.colcon_core.package_identification:_identify(src) by extension 'ignore'
[12.008s] Level 1:colcon.colcon_core.package_identification:_identify(src) by extension 'ignore_ament_install'
[12.009s] Level 1:colcon.colcon_core.package_identification:_identify(src) by extensions ['colcon_pkg']
[12.009s] Level 1:colcon.colcon_core.package_identification:_identify(src) by extension 'colcon_pkg'
[12.009s] Level 1:colcon.colcon_core.package_identification:_identify(src) by extensions ['colcon_meta']
[12.009s] Level 1:colcon.colcon_core.package_identification:_identify(src) by extension 'colcon_meta'
[12.009s] Level 1:colcon.colcon_core.package_identification:_identify(src) by extensions ['ros']
[12.009s] Level 1:colcon.colcon_core.package_identification:_identify(src) by extension 'ros'
[12.009s] Level 1:colcon.colcon_core.package_identification:_identify(src) by extensions ['cmake', 'python']
[12.009s] Level 1:colcon.colcon_core.package_identification:_identify(src) by extension 'cmake'
[12.009s] Level 1:colcon.colcon_core.package_identification:_identify(src) by extension 'python'
[12.009s] Level 1:colcon.colcon_core.package_identification:_identify(src) by extensions ['python_setup_py']
[12.009s] Level 1:colcon.colcon_core.package_identification:_identify(src) by extension 'python_setup_py'
[12.010s] Level 1:colcon.colcon_core.package_identification:_identify(src/soarm_controller) by extensions ['ignore', 'ignore_ament_install']
[12.010s] Level 1:colcon.colcon_core.package_identification:_identify(src/soarm_controller) by extension 'ignore'
[12.010s] Level 1:colcon.colcon_core.package_identification:_identify(src/soarm_controller) by extension 'ignore_ament_install'
[12.010s] Level 1:colcon.colcon_core.package_identification:_identify(src/soarm_controller) by extensions ['colcon_pkg']
[12.010s] Level 1:colcon.colcon_core.package_identification:_identify(src/soarm_controller) by extension 'colcon_pkg'
[12.010s] Level 1:colcon.colcon_core.package_identification:_identify(src/soarm_controller) by extensions ['colcon_meta']
[12.010s] Level 1:colcon.colcon_core.package_identification:_identify(src/soarm_controller) by extension 'colcon_meta'
[12.010s] Level 1:colcon.colcon_core.package_identification:_identify(src/soarm_controller) by extensions ['ros']
[12.010s] Level 1:colcon.colcon_core.package_identification:_identify(src/soarm_controller) by extension 'ros'
[12.032s] DEBUG:colcon.colcon_core.package_identification:Package 'src/soarm_controller' with type 'ros.ament_cmake' and name 'soarm_controller'
[12.033s] Level 1:colcon.colcon_core.package_identification:_identify(src/soarm_description) by extensions ['ignore', 'ignore_ament_install']
[12.033s] Level 1:colcon.colcon_core.package_identification:_identify(src/soarm_description) by extension 'ignore'
[12.033s] Level 1:colcon.colcon_core.package_identification:_identify(src/soarm_description) by extension 'ignore_ament_install'
[12.033s] Level 1:colcon.colcon_core.package_identification:_identify(src/soarm_description) by extensions ['colcon_pkg']
[12.033s] Level 1:colcon.colcon_core.package_identification:_identify(src/soarm_description) by extension 'colcon_pkg'
[12.033s] Level 1:colcon.colcon_core.package_identification:_identify(src/soarm_description) by extensions ['colcon_meta']
[12.033s] Level 1:colcon.colcon_core.package_identification:_identify(src/soarm_description) by extension 'colcon_meta'
[12.033s] Level 1:colcon.colcon_core.package_identification:_identify(src/soarm_description) by extensions ['ros']
[12.033s] Level 1:colcon.colcon_core.package_identification:_identify(src/soarm_description) by extension 'ros'
[12.052s] DEBUG:colcon.colcon_core.package_identification:Package 'src/soarm_description' with type 'ros.ament_cmake' and name 'soarm_description'
[12.052s] Level 1:colcon.colcon_core.package_identification:_identify(src/soarm_scripts) by extensions ['ignore', 'ignore_ament_install']
[12.052s] Level 1:colcon.colcon_core.package_identification:_identify(src/soarm_scripts) by extension 'ignore'
[12.053s] Level 1:colcon.colcon_core.package_identification:_identify(src/soarm_scripts) by extension 'ignore_ament_install'
[12.053s] Level 1:colcon.colcon_core.package_identification:_identify(src/soarm_scripts) by extensions ['colcon_pkg']
[12.053s] Level 1:colcon.colcon_core.package_identification:_identify(src/soarm_scripts) by extension 'colcon_pkg'
[12.053s] Level 1:colcon.colcon_core.package_identification:_identify(src/soarm_scripts) by extensions ['colcon_meta']
[12.053s] Level 1:colcon.colcon_core.package_identification:_identify(src/soarm_scripts) by extension 'colcon_meta'
[12.053s] Level 1:colcon.colcon_core.package_identification:_identify(src/soarm_scripts) by extensions ['ros']
[12.053s] Level 1:colcon.colcon_core.package_identification:_identify(src/soarm_scripts) by extension 'ros'
[12.056s] DEBUG:colcon.colcon_core.package_identification:Package 'src/soarm_scripts' with type 'ros.ament_cmake' and name 'soarm_scripts'
[12.056s] Level 1:colcon.colcon_core.package_discovery:discover_packages(recursive) using defaults
[12.057s] Level 1:colcon.colcon_core.package_discovery:discover_packages(ignore) discover
[12.057s] Level 1:colcon.colcon_core.package_discovery:discover_packages(ignore) using defaults
[12.057s] Level 1:colcon.colcon_core.package_discovery:discover_packages(path) discover
[12.057s] Level 1:colcon.colcon_core.package_discovery:discover_packages(path) using defaults
[12.292s] Level 1:colcon.colcon_core.package_discovery:discover_packages(prefix_path) check parameters
[12.292s] Level 1:colcon.colcon_core.package_discovery:discover_packages(prefix_path) discover
[12.296s] DEBUG:colcon.colcon_installed_package_information.package_discovery:Found 3 installed packages in /home/yundali/Arm_Project_WS/install
[12.298s] DEBUG:colcon.colcon_installed_package_information.package_discovery:Found 400 installed packages in /opt/ros/humble
[12.300s] Level 1:colcon.colcon_core.package_discovery:discover_packages(prefix_path) using defaults
[12.401s] Level 5:colcon.colcon_core.verb:set package 'soarm_controller' build argument 'cmake_args' from command line to 'None'
[12.401s] Level 5:colcon.colcon_core.verb:set package 'soarm_controller' build argument 'cmake_target' from command line to 'None'
[12.401s] Level 5:colcon.colcon_core.verb:set package 'soarm_controller' build argument 'cmake_target_skip_unavailable' from command line to 'False'
[12.401s] Level 5:colcon.colcon_core.verb:set package 'soarm_controller' build argument 'cmake_clean_cache' from command line to 'False'
[12.401s] Level 5:colcon.colcon_core.verb:set package 'soarm_controller' build argument 'cmake_clean_first' from command line to 'False'
[12.401s] Level 5:colcon.colcon_core.verb:set package 'soarm_controller' build argument 'cmake_force_configure' from command line to 'False'
[12.401s] Level 5:colcon.colcon_core.verb:set package 'soarm_controller' build argument 'ament_cmake_args' from command line to 'None'
[12.401s] Level 5:colcon.colcon_core.verb:set package 'soarm_controller' build argument 'catkin_cmake_args' from command line to 'None'
[12.401s] Level 5:colcon.colcon_core.verb:set package 'soarm_controller' build argument 'catkin_skip_building_tests' from command line to 'False'
[12.401s] DEBUG:colcon.colcon_core.verb:Building package 'soarm_controller' with the following arguments: {'ament_cmake_args': None, 'build_base': '/home/yundali/Arm_Project_WS/build/soarm_controller', 'catkin_cmake_args': None, 'catkin_skip_building_tests': False, 'cmake_args': None, 'cmake_clean_cache': False, 'cmake_clean_first': False, 'cmake_force_configure': False, 'cmake_target': None, 'cmake_target_skip_unavailable': False, 'install_base': '/home/yundali/Arm_Project_WS/install/soarm_controller', 'merge_install': False, 'path': '/home/yundali/Arm_Project_WS/src/soarm_controller', 'symlink_install': False, 'test_result_base': None}
[12.402s] Level 5:colcon.colcon_core.verb:set package 'soarm_description' build argument 'cmake_args' from command line to 'None'
[12.402s] Level 5:colcon.colcon_core.verb:set package 'soarm_description' build argument 'cmake_target' from command line to 'None'
[12.402s] Level 5:colcon.colcon_core.verb:set package 'soarm_description' build argument 'cmake_target_skip_unavailable' from command line to 'False'
[12.402s] Level 5:colcon.colcon_core.verb:set package 'soarm_description' build argument 'cmake_clean_cache' from command line to 'False'
[12.402s] Level 5:colcon.colcon_core.verb:set package 'soarm_description' build argument 'cmake_clean_first' from command line to 'False'
[12.402s] Level 5:colcon.colcon_core.verb:set package 'soarm_description' build argument 'cmake_force_configure' from command line to 'False'
[12.402s] Level 5:colcon.colcon_core.verb:set package 'soarm_description' build argument 'ament_cmake_args' from command line to 'None'
[12.402s] Level 5:colcon.colcon_core.verb:set package 'soarm_description' build argument 'catkin_cmake_args' from command line to 'None'
[12.402s] Level 5:colcon.colcon_core.verb:set package 'soarm_description' build argument 'catkin_skip_building_tests' from command line to 'False'
[12.402s] DEBUG:colcon.colcon_core.verb:Building package 'soarm_description' with the following arguments: {'ament_cmake_args': None, 'build_base': '/home/yundali/Arm_Project_WS/build/soarm_description', 'catkin_cmake_args': None, 'catkin_skip_building_tests': False, 'cmake_args': None, 'cmake_clean_cache': False, 'cmake_clean_first': False, 'cmake_force_configure': False, 'cmake_target': None, 'cmake_target_skip_unavailable': False, 'install_base': '/home/yundali/Arm_Project_WS/install/soarm_description', 'merge_install': False, 'path': '/home/yundali/Arm_Project_WS/src/soarm_description', 'symlink_install': False, 'test_result_base': None}
[12.402s] Level 5:colcon.colcon_core.verb:set package 'soarm_scripts' build argument 'cmake_args' from command line to 'None'
[12.402s] Level 5:colcon.colcon_core.verb:set package 'soarm_scripts' build argument 'cmake_target' from command line to 'None'
[12.402s] Level 5:colcon.colcon_core.verb:set package 'soarm_scripts' build argument 'cmake_target_skip_unavailable' from command line to 'False'
[12.402s] Level 5:colcon.colcon_core.verb:set package 'soarm_scripts' build argument 'cmake_clean_cache' from command line to 'False'
[12.403s] Level 5:colcon.colcon_core.verb:set package 'soarm_scripts' build argument 'cmake_clean_first' from command line to 'False'
[12.403s] Level 5:colcon.colcon_core.verb:set package 'soarm_scripts' build argument 'cmake_force_configure' from command line to 'False'
[12.403s] Level 5:colcon.colcon_core.verb:set package 'soarm_scripts' build argument 'ament_cmake_args' from command line to 'None'
[12.403s] Level 5:colcon.colcon_core.verb:set package 'soarm_scripts' build argument 'catkin_cmake_args' from command line to 'None'
[12.403s] Level 5:colcon.colcon_core.verb:set package 'soarm_scripts' build argument 'catkin_skip_building_tests' from command line to 'False'
[12.403s] DEBUG:colcon.colcon_core.verb:Building package 'soarm_scripts' with the following arguments: {'ament_cmake_args': None, 'build_base': '/home/yundali/Arm_Project_WS/build/soarm_scripts', 'catkin_cmake_args': None, 'catkin_skip_building_tests': False, 'cmake_args': None, 'cmake_clean_cache': False, 'cmake_clean_first': False, 'cmake_force_configure': False, 'cmake_target': None, 'cmake_target_skip_unavailable': False, 'install_base': '/home/yundali/Arm_Project_WS/install/soarm_scripts', 'merge_install': False, 'path': '/home/yundali/Arm_Project_WS/src/soarm_scripts', 'symlink_install': False, 'test_result_base': None}
[12.403s] INFO:colcon.colcon_core.executor:Executing jobs using 'parallel' executor
[12.404s] DEBUG:colcon.colcon_parallel_executor.executor.parallel:run_until_complete
[12.404s] INFO:colcon.colcon_ros.task.ament_cmake.build:Building ROS package in '/home/yundali/Arm_Project_WS/src/soarm_controller' with build type 'ament_cmake'
[12.404s] INFO:colcon.colcon_cmake.task.cmake.build:Building CMake package in '/home/yundali/Arm_Project_WS/src/soarm_controller'
[12.428s] INFO:colcon.colcon_core.plugin_system:Skipping extension 'colcon_core.shell.bat': Not used on non-Windows systems
[12.429s] INFO:colcon.colcon_core.shell:Skip shell extension 'powershell' for command environment: Not usable outside of PowerShell
[12.429s] DEBUG:colcon.colcon_core.shell:Skip shell extension 'dsv' for command environment
[12.444s] INFO:colcon.colcon_ros.task.ament_cmake.build:Building ROS package in '/home/yundali/Arm_Project_WS/src/soarm_description' with build type 'ament_cmake'
[12.444s] INFO:colcon.colcon_cmake.task.cmake.build:Building CMake package in '/home/yundali/Arm_Project_WS/src/soarm_description'
[12.445s] INFO:colcon.colcon_core.shell:Skip shell extension 'powershell' for command environment: Not usable outside of PowerShell
[12.445s] DEBUG:colcon.colcon_core.shell:Skip shell extension 'dsv' for command environment
[12.449s] INFO:colcon.colcon_ros.task.ament_cmake.build:Building ROS package in '/home/yundali/Arm_Project_WS/src/soarm_scripts' with build type 'ament_cmake'
[12.450s] INFO:colcon.colcon_cmake.task.cmake.build:Building CMake package in '/home/yundali/Arm_Project_WS/src/soarm_scripts'
[12.450s] INFO:colcon.colcon_core.shell:Skip shell extension 'powershell' for command environment: Not usable outside of PowerShell
[12.450s] DEBUG:colcon.colcon_core.shell:Skip shell extension 'dsv' for command environment
[12.498s] DEBUG:colcon.colcon_core.event_handler.log_command:Invoking command in '/home/yundali/Arm_Project_WS/build/soarm_controller': CMAKE_PREFIX_PATH=${CMAKE_PREFIX_PATH}:/opt/ros/humble /usr/bin/cmake --build /home/yundali/Arm_Project_WS/build/soarm_controller -- -j8 -l8
[12.503s] DEBUG:colcon.colcon_core.event_handler.log_command:Invoking command in '/home/yundali/Arm_Project_WS/build/soarm_description': CMAKE_PREFIX_PATH=${CMAKE_PREFIX_PATH}:/opt/ros/humble /usr/bin/cmake --build /home/yundali/Arm_Project_WS/build/soarm_description -- -j8 -l8
[12.571s] DEBUG:colcon.colcon_core.event_handler.log_command:Invoking command in '/home/yundali/Arm_Project_WS/build/soarm_scripts': CMAKE_PREFIX_PATH=${CMAKE_PREFIX_PATH}:/opt/ros/humble /usr/bin/cmake --build /home/yundali/Arm_Project_WS/build/soarm_scripts -- -j8 -l8
[12.774s] DEBUG:colcon.colcon_core.event_handler.log_command:Invoked command in '/home/yundali/Arm_Project_WS/build/soarm_controller' returned '0': CMAKE_PREFIX_PATH=${CMAKE_PREFIX_PATH}:/opt/ros/humble /usr/bin/cmake --build /home/yundali/Arm_Project_WS/build/soarm_controller -- -j8 -l8
[12.824s] DEBUG:colcon.colcon_core.event_handler.log_command:Invoking command in '/home/yundali/Arm_Project_WS/build/soarm_controller': CMAKE_PREFIX_PATH=${CMAKE_PREFIX_PATH}:/opt/ros/humble /usr/bin/cmake --install /home/yundali/Arm_Project_WS/build/soarm_controller
[12.825s] DEBUG:colcon.colcon_core.event_handler.log_command:Invoked command in '/home/yundali/Arm_Project_WS/build/soarm_description' returned '0': CMAKE_PREFIX_PATH=${CMAKE_PREFIX_PATH}:/opt/ros/humble /usr/bin/cmake --build /home/yundali/Arm_Project_WS/build/soarm_description -- -j8 -l8
[12.828s] DEBUG:colcon.colcon_core.event_handler.log_command:Invoking command in '/home/yundali/Arm_Project_WS/build/soarm_description': CMAKE_PREFIX_PATH=${CMAKE_PREFIX_PATH}:/opt/ros/humble /usr/bin/cmake --install /home/yundali/Arm_Project_WS/build/soarm_description
[12.828s] DEBUG:colcon.colcon_core.event_handler.log_command:Invoked command in '/home/yundali/Arm_Project_WS/build/soarm_scripts' returned '0': CMAKE_PREFIX_PATH=${CMAKE_PREFIX_PATH}:/opt/ros/humble /usr/bin/cmake --build /home/yundali/Arm_Project_WS/build/soarm_scripts -- -j8 -l8
[12.832s] DEBUG:colcon.colcon_core.event_handler.log_command:Invoking command in '/home/yundali/Arm_Project_WS/build/soarm_scripts': CMAKE_PREFIX_PATH=${CMAKE_PREFIX_PATH}:/opt/ros/humble /usr/bin/cmake --install /home/yundali/Arm_Project_WS/build/soarm_scripts
[12.887s] Level 1:colcon.colcon_core.environment:create_environment_scripts_only(soarm_controller)
[12.887s] DEBUG:colcon.colcon_core.event_handler.log_command:Invoked command in '/home/yundali/Arm_Project_WS/build/soarm_controller' returned '0': CMAKE_PREFIX_PATH=${CMAKE_PREFIX_PATH}:/opt/ros/humble /usr/bin/cmake --install /home/yundali/Arm_Project_WS/build/soarm_controller
[12.976s] Level 1:colcon.colcon_core.environment:checking '/home/yundali/Arm_Project_WS/install/soarm_controller' for CMake module files
[12.977s] Level 1:colcon.colcon_core.environment:checking '/home/yundali/Arm_Project_WS/install/soarm_controller' for CMake config files
[12.977s] Level 1:colcon.colcon_core.shell:create_environment_hook('soarm_controller', 'cmake_prefix_path')
[12.977s] INFO:colcon.colcon_core.shell:Creating environment hook '/home/yundali/Arm_Project_WS/install/soarm_controller/share/soarm_controller/hook/cmake_prefix_path.ps1'
[12.993s] INFO:colcon.colcon_core.shell:Creating environment descriptor '/home/yundali/Arm_Project_WS/install/soarm_controller/share/soarm_controller/hook/cmake_prefix_path.dsv'
[13.010s] INFO:colcon.colcon_core.shell:Creating environment hook '/home/yundali/Arm_Project_WS/install/soarm_controller/share/soarm_controller/hook/cmake_prefix_path.sh'
[13.011s] Level 1:colcon.colcon_core.environment:checking '/home/yundali/Arm_Project_WS/install/soarm_controller/bin'
[13.011s] Level 1:colcon.colcon_core.environment:checking '/home/yundali/Arm_Project_WS/install/soarm_controller/lib/pkgconfig/soarm_controller.pc'
[13.012s] Level 1:colcon.colcon_core.environment:checking '/home/yundali/Arm_Project_WS/install/soarm_controller/lib/python3.10/site-packages'
[13.012s] Level 1:colcon.colcon_core.environment:checking '/home/yundali/Arm_Project_WS/install/soarm_controller/bin'
[13.013s] INFO:colcon.colcon_core.shell:Creating package script '/home/yundali/Arm_Project_WS/install/soarm_controller/share/soarm_controller/package.ps1'
[13.014s] INFO:colcon.colcon_core.shell:Creating package descriptor '/home/yundali/Arm_Project_WS/install/soarm_controller/share/soarm_controller/package.dsv'
[13.015s] INFO:colcon.colcon_core.shell:Creating package script '/home/yundali/Arm_Project_WS/install/soarm_controller/share/soarm_controller/package.sh'
[13.016s] INFO:colcon.colcon_core.shell:Creating package script '/home/yundali/Arm_Project_WS/install/soarm_controller/share/soarm_controller/package.bash'
[13.048s] INFO:colcon.colcon_core.shell:Creating package script '/home/yundali/Arm_Project_WS/install/soarm_controller/share/soarm_controller/package.zsh'
[13.049s] Level 1:colcon.colcon_core.environment:create_file_with_runtime_dependencies(/home/yundali/Arm_Project_WS/install/soarm_controller/share/colcon-core/packages/soarm_controller)
[13.050s] Level 1:colcon.colcon_core.environment:create_environment_scripts_only(soarm_controller)
[13.050s] Level 1:colcon.colcon_core.environment:checking '/home/yundali/Arm_Project_WS/install/soarm_controller' for CMake module files
[13.051s] Level 1:colcon.colcon_core.environment:checking '/home/yundali/Arm_Project_WS/install/soarm_controller' for CMake config files
[13.051s] Level 1:colcon.colcon_core.shell:create_environment_hook('soarm_controller', 'cmake_prefix_path')
[13.051s] INFO:colcon.colcon_core.shell:Creating environment hook '/home/yundali/Arm_Project_WS/install/soarm_controller/share/soarm_controller/hook/cmake_prefix_path.ps1'
[13.052s] INFO:colcon.colcon_core.shell:Creating environment descriptor '/home/yundali/Arm_Project_WS/install/soarm_controller/share/soarm_controller/hook/cmake_prefix_path.dsv'
[13.053s] INFO:colcon.colcon_core.shell:Creating environment hook '/home/yundali/Arm_Project_WS/install/soarm_controller/share/soarm_controller/hook/cmake_prefix_path.sh'
[13.053s] Level 1:colcon.colcon_core.environment:checking '/home/yundali/Arm_Project_WS/install/soarm_controller/bin'
[13.054s] Level 1:colcon.colcon_core.environment:checking '/home/yundali/Arm_Project_WS/install/soarm_controller/lib/pkgconfig/soarm_controller.pc'
[13.054s] Level 1:colcon.colcon_core.environment:checking '/home/yundali/Arm_Project_WS/install/soarm_controller/lib/python3.10/site-packages'
[13.054s] Level 1:colcon.colcon_core.environment:checking '/home/yundali/Arm_Project_WS/install/soarm_controller/bin'
[13.055s] INFO:colcon.colcon_core.shell:Creating package script '/home/yundali/Arm_Project_WS/install/soarm_controller/share/soarm_controller/package.ps1'
[13.055s] INFO:colcon.colcon_core.shell:Creating package descriptor '/home/yundali/Arm_Project_WS/install/soarm_controller/share/soarm_controller/package.dsv'
[13.056s] INFO:colcon.colcon_core.shell:Creating package script '/home/yundali/Arm_Project_WS/install/soarm_controller/share/soarm_controller/package.sh'
[13.056s] INFO:colcon.colcon_core.shell:Creating package script '/home/yundali/Arm_Project_WS/install/soarm_controller/share/soarm_controller/package.bash'
[13.057s] INFO:colcon.colcon_core.shell:Creating package script '/home/yundali/Arm_Project_WS/install/soarm_controller/share/soarm_controller/package.zsh'
[13.058s] Level 1:colcon.colcon_core.environment:create_file_with_runtime_dependencies(/home/yundali/Arm_Project_WS/install/soarm_controller/share/colcon-core/packages/soarm_controller)
[13.060s] Level 1:colcon.colcon_core.environment:create_environment_scripts_only(soarm_description)
[13.060s] Level 1:colcon.colcon_core.environment:checking '/home/yundali/Arm_Project_WS/install/soarm_description' for CMake module files
[13.061s] DEBUG:colcon.colcon_core.event_handler.log_command:Invoked command in '/home/yundali/Arm_Project_WS/build/soarm_description' returned '0': CMAKE_PREFIX_PATH=${CMAKE_PREFIX_PATH}:/opt/ros/humble /usr/bin/cmake --install /home/yundali/Arm_Project_WS/build/soarm_description
[13.062s] Level 1:colcon.colcon_core.environment:checking '/home/yundali/Arm_Project_WS/install/soarm_description' for CMake config files
[13.062s] Level 1:colcon.colcon_core.shell:create_environment_hook('soarm_description', 'cmake_prefix_path')
[13.063s] INFO:colcon.colcon_core.shell:Creating environment hook '/home/yundali/Arm_Project_WS/install/soarm_description/share/soarm_description/hook/cmake_prefix_path.ps1'
[13.064s] INFO:colcon.colcon_core.shell:Creating environment descriptor '/home/yundali/Arm_Project_WS/install/soarm_description/share/soarm_description/hook/cmake_prefix_path.dsv'
[13.064s] INFO:colcon.colcon_core.shell:Creating environment hook '/home/yundali/Arm_Project_WS/install/soarm_description/share/soarm_description/hook/cmake_prefix_path.sh'
[13.065s] Level 1:colcon.colcon_core.environment:checking '/home/yundali/Arm_Project_WS/install/soarm_description/bin'
[13.065s] Level 1:colcon.colcon_core.environment:checking '/home/yundali/Arm_Project_WS/install/soarm_description/lib/pkgconfig/soarm_description.pc'
[13.065s] Level 1:colcon.colcon_core.environment:checking '/home/yundali/Arm_Project_WS/install/soarm_description/lib/python3.10/site-packages'
[13.066s] Level 1:colcon.colcon_core.environment:checking '/home/yundali/Arm_Project_WS/install/soarm_description/bin'
[13.066s] INFO:colcon.colcon_core.shell:Creating package script '/home/yundali/Arm_Project_WS/install/soarm_description/share/soarm_description/package.ps1'
[13.067s] INFO:colcon.colcon_core.shell:Creating package descriptor '/home/yundali/Arm_Project_WS/install/soarm_description/share/soarm_description/package.dsv'
[13.067s] INFO:colcon.colcon_core.shell:Creating package script '/home/yundali/Arm_Project_WS/install/soarm_description/share/soarm_description/package.sh'
[13.068s] INFO:colcon.colcon_core.shell:Creating package script '/home/yundali/Arm_Project_WS/install/soarm_description/share/soarm_description/package.bash'
[13.068s] INFO:colcon.colcon_core.shell:Creating package script '/home/yundali/Arm_Project_WS/install/soarm_description/share/soarm_description/package.zsh'
[13.069s] Level 1:colcon.colcon_core.environment:create_file_with_runtime_dependencies(/home/yundali/Arm_Project_WS/install/soarm_description/share/colcon-core/packages/soarm_description)
[13.069s] Level 1:colcon.colcon_core.environment:create_environment_scripts_only(soarm_description)
[13.069s] Level 1:colcon.colcon_core.environment:checking '/home/yundali/Arm_Project_WS/install/soarm_description' for CMake module files
[13.070s] Level 1:colcon.colcon_core.environment:checking '/home/yundali/Arm_Project_WS/install/soarm_description' for CMake config files
[13.070s] Level 1:colcon.colcon_core.shell:create_environment_hook('soarm_description', 'cmake_prefix_path')
[13.071s] INFO:colcon.colcon_core.shell:Creating environment hook '/home/yundali/Arm_Project_WS/install/soarm_description/share/soarm_description/hook/cmake_prefix_path.ps1'
[13.071s] INFO:colcon.colcon_core.shell:Creating environment descriptor '/home/yundali/Arm_Project_WS/install/soarm_description/share/soarm_description/hook/cmake_prefix_path.dsv'
[13.071s] INFO:colcon.colcon_core.shell:Creating environment hook '/home/yundali/Arm_Project_WS/install/soarm_description/share/soarm_description/hook/cmake_prefix_path.sh'
[13.072s] Level 1:colcon.colcon_core.environment:checking '/home/yundali/Arm_Project_WS/install/soarm_description/bin'
[13.072s] Level 1:colcon.colcon_core.environment:checking '/home/yundali/Arm_Project_WS/install/soarm_description/lib/pkgconfig/soarm_description.pc'
[13.072s] Level 1:colcon.colcon_core.environment:checking '/home/yundali/Arm_Project_WS/install/soarm_description/lib/python3.10/site-packages'
[13.073s] Level 1:colcon.colcon_core.environment:checking '/home/yundali/Arm_Project_WS/install/soarm_description/bin'
[13.073s] INFO:colcon.colcon_core.shell:Creating package script '/home/yundali/Arm_Project_WS/install/soarm_description/share/soarm_description/package.ps1'
[13.074s] INFO:colcon.colcon_core.shell:Creating package descriptor '/home/yundali/Arm_Project_WS/install/soarm_description/share/soarm_description/package.dsv'
[13.074s] INFO:colcon.colcon_core.shell:Creating package script '/home/yundali/Arm_Project_WS/install/soarm_description/share/soarm_description/package.sh'
[13.075s] INFO:colcon.colcon_core.shell:Creating package script '/home/yundali/Arm_Project_WS/install/soarm_description/share/soarm_description/package.bash'
[13.075s] INFO:colcon.colcon_core.shell:Creating package script '/home/yundali/Arm_Project_WS/install/soarm_description/share/soarm_description/package.zsh'
[13.076s] Level 1:colcon.colcon_core.environment:create_file_with_runtime_dependencies(/home/yundali/Arm_Project_WS/install/soarm_description/share/colcon-core/packages/soarm_description)
[13.077s] Level 1:colcon.colcon_core.environment:create_environment_scripts_only(soarm_scripts)
[13.077s] Level 1:colcon.colcon_core.environment:checking '/home/yundali/Arm_Project_WS/install/soarm_scripts' for CMake module files
[13.078s] DEBUG:colcon.colcon_core.event_handler.log_command:Invoked command in '/home/yundali/Arm_Project_WS/build/soarm_scripts' returned '0': CMAKE_PREFIX_PATH=${CMAKE_PREFIX_PATH}:/opt/ros/humble /usr/bin/cmake --install /home/yundali/Arm_Project_WS/build/soarm_scripts
[13.079s] Level 1:colcon.colcon_core.environment:checking '/home/yundali/Arm_Project_WS/install/soarm_scripts' for CMake config files
[13.079s] Level 1:colcon.colcon_core.shell:create_environment_hook('soarm_scripts', 'cmake_prefix_path')
[13.079s] INFO:colcon.colcon_core.shell:Creating environment hook '/home/yundali/Arm_Project_WS/install/soarm_scripts/share/soarm_scripts/hook/cmake_prefix_path.ps1'
[13.080s] INFO:colcon.colcon_core.shell:Creating environment descriptor '/home/yundali/Arm_Project_WS/install/soarm_scripts/share/soarm_scripts/hook/cmake_prefix_path.dsv'
[13.080s] INFO:colcon.colcon_core.shell:Creating environment hook '/home/yundali/Arm_Project_WS/install/soarm_scripts/share/soarm_scripts/hook/cmake_prefix_path.sh'
[13.081s] Level 1:colcon.colcon_core.environment:checking '/home/yundali/Arm_Project_WS/install/soarm_scripts/bin'
[13.081s] Level 1:colcon.colcon_core.environment:checking '/home/yundali/Arm_Project_WS/install/soarm_scripts/lib/pkgconfig/soarm_scripts.pc'
[13.081s] Level 1:colcon.colcon_core.environment:checking '/home/yundali/Arm_Project_WS/install/soarm_scripts/lib/python3.10/site-packages'
[13.082s] Level 1:colcon.colcon_core.environment:checking '/home/yundali/Arm_Project_WS/install/soarm_scripts/bin'
[13.082s] INFO:colcon.colcon_core.shell:Creating package script '/home/yundali/Arm_Project_WS/install/soarm_scripts/share/soarm_scripts/package.ps1'
[13.083s] INFO:colcon.colcon_core.shell:Creating package descriptor '/home/yundali/Arm_Project_WS/install/soarm_scripts/share/soarm_scripts/package.dsv'
[13.084s] INFO:colcon.colcon_core.shell:Creating package script '/home/yundali/Arm_Project_WS/install/soarm_scripts/share/soarm_scripts/package.sh'
[13.084s] INFO:colcon.colcon_core.shell:Creating package script '/home/yundali/Arm_Project_WS/install/soarm_scripts/share/soarm_scripts/package.bash'
[13.085s] INFO:colcon.colcon_core.shell:Creating package script '/home/yundali/Arm_Project_WS/install/soarm_scripts/share/soarm_scripts/package.zsh'
[13.085s] Level 1:colcon.colcon_core.environment:create_file_with_runtime_dependencies(/home/yundali/Arm_Project_WS/install/soarm_scripts/share/colcon-core/packages/soarm_scripts)
[13.086s] Level 1:colcon.colcon_core.environment:create_environment_scripts_only(soarm_scripts)
[13.086s] Level 1:colcon.colcon_core.environment:checking '/home/yundali/Arm_Project_WS/install/soarm_scripts' for CMake module files
[13.086s] Level 1:colcon.colcon_core.environment:checking '/home/yundali/Arm_Project_WS/install/soarm_scripts' for CMake config files
[13.087s] Level 1:colcon.colcon_core.shell:create_environment_hook('soarm_scripts', 'cmake_prefix_path')
[13.087s] INFO:colcon.colcon_core.shell:Creating environment hook '/home/yundali/Arm_Project_WS/install/soarm_scripts/share/soarm_scripts/hook/cmake_prefix_path.ps1'
[13.087s] INFO:colcon.colcon_core.shell:Creating environment descriptor '/home/yundali/Arm_Project_WS/install/soarm_scripts/share/soarm_scripts/hook/cmake_prefix_path.dsv'
[13.088s] INFO:colcon.colcon_core.shell:Creating environment hook '/home/yundali/Arm_Project_WS/install/soarm_scripts/share/soarm_scripts/hook/cmake_prefix_path.sh'
[13.089s] Level 1:colcon.colcon_core.environment:checking '/home/yundali/Arm_Project_WS/install/soarm_scripts/bin'
[13.089s] Level 1:colcon.colcon_core.environment:checking '/home/yundali/Arm_Project_WS/install/soarm_scripts/lib/pkgconfig/soarm_scripts.pc'
[13.089s] Level 1:colcon.colcon_core.environment:checking '/home/yundali/Arm_Project_WS/install/soarm_scripts/lib/python3.10/site-packages'
[13.089s] Level 1:colcon.colcon_core.environment:checking '/home/yundali/Arm_Project_WS/install/soarm_scripts/bin'
[13.090s] INFO:colcon.colcon_core.shell:Creating package script '/home/yundali/Arm_Project_WS/install/soarm_scripts/share/soarm_scripts/package.ps1'
[13.090s] INFO:colcon.colcon_core.shell:Creating package descriptor '/home/yundali/Arm_Project_WS/install/soarm_scripts/share/soarm_scripts/package.dsv'
[13.091s] INFO:colcon.colcon_core.shell:Creating package script '/home/yundali/Arm_Project_WS/install/soarm_scripts/share/soarm_scripts/package.sh'
[13.091s] INFO:colcon.colcon_core.shell:Creating package script '/home/yundali/Arm_Project_WS/install/soarm_scripts/share/soarm_scripts/package.bash'
[13.092s] INFO:colcon.colcon_core.shell:Creating package script '/home/yundali/Arm_Project_WS/install/soarm_scripts/share/soarm_scripts/package.zsh'
[13.092s] Level 1:colcon.colcon_core.environment:create_file_with_runtime_dependencies(/home/yundali/Arm_Project_WS/install/soarm_scripts/share/colcon-core/packages/soarm_scripts)
[13.092s] DEBUG:colcon.colcon_parallel_executor.executor.parallel:closing loop
[13.093s] DEBUG:colcon.colcon_parallel_executor.executor.parallel:loop closed
[13.093s] DEBUG:colcon.colcon_parallel_executor.executor.parallel:run_until_complete finished with '0'
[13.093s] DEBUG:colcon.colcon_core.event_reactor:joining thread
[13.101s] INFO:colcon.colcon_core.plugin_system:Skipping extension 'colcon_notification.desktop_notification.terminal_notifier': Not used on non-Darwin systems
[13.101s] INFO:colcon.colcon_core.plugin_system:Skipping extension 'colcon_notification.desktop_notification.win32': Not used on non-Windows systems
[13.101s] INFO:colcon.colcon_notification.desktop_notification:Sending desktop notification using 'notify2'
[13.118s] DEBUG:colcon.colcon_core.event_reactor:joined thread
[13.118s] INFO:colcon.colcon_core.shell:Creating prefix script '/home/yundali/Arm_Project_WS/install/local_setup.ps1'
[13.131s] INFO:colcon.colcon_core.shell:Creating prefix util module '/home/yundali/Arm_Project_WS/install/_local_setup_util_ps1.py'
[13.140s] INFO:colcon.colcon_core.shell:Creating prefix chain script '/home/yundali/Arm_Project_WS/install/setup.ps1'
[13.144s] INFO:colcon.colcon_core.shell:Creating prefix script '/home/yundali/Arm_Project_WS/install/local_setup.sh'
[13.154s] INFO:colcon.colcon_core.shell:Creating prefix util module '/home/yundali/Arm_Project_WS/install/_local_setup_util_sh.py'
[13.155s] INFO:colcon.colcon_core.shell:Creating prefix chain script '/home/yundali/Arm_Project_WS/install/setup.sh'
[13.157s] INFO:colcon.colcon_core.shell:Creating prefix script '/home/yundali/Arm_Project_WS/install/local_setup.bash'
[13.158s] INFO:colcon.colcon_core.shell:Creating prefix chain script '/home/yundali/Arm_Project_WS/install/setup.bash'
[13.159s] INFO:colcon.colcon_core.shell:Creating prefix script '/home/yundali/Arm_Project_WS/install/local_setup.zsh'
[13.160s] INFO:colcon.colcon_core.shell:Creating prefix chain script '/home/yundali/Arm_Project_WS/install/setup.zsh'
