-- Found ament_cmake: 1.3.13 (/opt/ros/humble/share/ament_cmake/cmake)
-- Override CMake install command with custom implementation using symlinks instead of copying resources
-- Found ament_lint_auto: 0.12.15 (/opt/ros/humble/share/ament_lint_auto/cmake)
-- Added test 'lint_cmake' to check CMake code style
-- Added test 'xmllint' to check XML markup files
-- Configuring done
-- Generating done
-- Build files have been written to: /home/yundali/Arm_Project_WS/build/soarm_scripts
-- Install configuration: ""
-- Execute custom install script
-- Up-to-date symlink: /home/yundali/Arm_Project_WS/install/soarm_scripts/share/ament_index/resource_index/package_run_dependencies/soarm_scripts
-- Up-to-date symlink: /home/yundali/Arm_Project_WS/install/soarm_scripts/share/ament_index/resource_index/parent_prefix_path/soarm_scripts
-- Up-to-date symlink: /home/yundali/Arm_Project_WS/install/soarm_scripts/share/soarm_scripts/environment/ament_prefix_path.sh
-- Up-to-date symlink: /home/yundali/Arm_Project_WS/install/soarm_scripts/share/soarm_scripts/environment/ament_prefix_path.dsv
-- Up-to-date symlink: /home/yundali/Arm_Project_WS/install/soarm_scripts/share/soarm_scripts/environment/path.sh
-- Up-to-date symlink: /home/yundali/Arm_Project_WS/install/soarm_scripts/share/soarm_scripts/environment/path.dsv
-- Up-to-date symlink: /home/yundali/Arm_Project_WS/install/soarm_scripts/share/soarm_scripts/local_setup.bash
-- Up-to-date symlink: /home/yundali/Arm_Project_WS/install/soarm_scripts/share/soarm_scripts/local_setup.sh
-- Up-to-date symlink: /home/yundali/Arm_Project_WS/install/soarm_scripts/share/soarm_scripts/local_setup.zsh
-- Up-to-date symlink: /home/yundali/Arm_Project_WS/install/soarm_scripts/share/soarm_scripts/local_setup.dsv
-- Symlinking: /home/yundali/Arm_Project_WS/install/soarm_scripts/share/soarm_scripts/package.dsv
-- Up-to-date symlink: /home/yundali/Arm_Project_WS/install/soarm_scripts/share/ament_index/resource_index/packages/soarm_scripts
-- Up-to-date symlink: /home/yundali/Arm_Project_WS/install/soarm_scripts/share/soarm_scripts/cmake/soarm_scriptsConfig.cmake
-- Up-to-date symlink: /home/yundali/Arm_Project_WS/install/soarm_scripts/share/soarm_scripts/cmake/soarm_scriptsConfig-version.cmake
-- Up-to-date symlink: /home/yundali/Arm_Project_WS/install/soarm_scripts/share/soarm_scripts/package.xml
