[0.021s] Invoking command in '/home/yundali/Arm_Project_WS/build/soarm_scripts': CMAKE_PREFIX_PATH=${CMAKE_PREFIX_PATH}:/opt/ros/humble /usr/bin/cmake /home/yundali/Arm_Project_WS/src/soarm_scripts -DCMAKE_INSTALL_PREFIX=/home/yundali/Arm_Project_WS/install/soarm_scripts
[0.035s] -- Found ament_cmake: 1.3.13 (/opt/ros/humble/share/ament_cmake/cmake)
[0.185s] -- Override CMake install command with custom implementation using symlinks instead of copying resources
[0.194s] -- Found ament_lint_auto: 0.12.15 (/opt/ros/humble/share/ament_lint_auto/cmake)
[0.289s] -- Added test 'lint_cmake' to check CMake code style
[0.291s] -- Added test 'xmllint' to check XML markup files
[0.293s] -- Configuring done
[0.299s] -- Generating done
[0.302s] -- Build files have been written to: /home/yundali/Arm_Project_WS/build/soarm_scripts
[0.310s] Invoked command in '/home/yundali/Arm_Project_WS/build/soarm_scripts' returned '0': CMAKE_PREFIX_PATH=${CMAKE_PREFIX_PATH}:/opt/ros/humble /usr/bin/cmake /home/yundali/Arm_Project_WS/src/soarm_scripts -DCMAKE_INSTALL_PREFIX=/home/yundali/Arm_Project_WS/install/soarm_scripts
[0.313s] Invoking command in '/home/yundali/Arm_Project_WS/build/soarm_scripts': CMAKE_PREFIX_PATH=${CMAKE_PREFIX_PATH}:/opt/ros/humble /usr/bin/cmake --build /home/yundali/Arm_Project_WS/build/soarm_scripts -- -j8 -l8
[0.379s] Invoked command in '/home/yundali/Arm_Project_WS/build/soarm_scripts' returned '0': CMAKE_PREFIX_PATH=${CMAKE_PREFIX_PATH}:/opt/ros/humble /usr/bin/cmake --build /home/yundali/Arm_Project_WS/build/soarm_scripts -- -j8 -l8
[0.381s] Invoking command in '/home/yundali/Arm_Project_WS/build/soarm_scripts': CMAKE_PREFIX_PATH=${CMAKE_PREFIX_PATH}:/opt/ros/humble /usr/bin/cmake --install /home/yundali/Arm_Project_WS/build/soarm_scripts
[0.392s] -- Install configuration: ""
[0.393s] -- Execute custom install script
[0.393s] -- Up-to-date symlink: /home/yundali/Arm_Project_WS/install/soarm_scripts/share/ament_index/resource_index/package_run_dependencies/soarm_scripts
[0.393s] -- Up-to-date symlink: /home/yundali/Arm_Project_WS/install/soarm_scripts/share/ament_index/resource_index/parent_prefix_path/soarm_scripts
[0.394s] -- Up-to-date symlink: /home/yundali/Arm_Project_WS/install/soarm_scripts/share/soarm_scripts/environment/ament_prefix_path.sh
[0.394s] -- Up-to-date symlink: /home/yundali/Arm_Project_WS/install/soarm_scripts/share/soarm_scripts/environment/ament_prefix_path.dsv
[0.394s] -- Up-to-date symlink: /home/yundali/Arm_Project_WS/install/soarm_scripts/share/soarm_scripts/environment/path.sh
[0.395s] -- Up-to-date symlink: /home/yundali/Arm_Project_WS/install/soarm_scripts/share/soarm_scripts/environment/path.dsv
[0.395s] -- Up-to-date symlink: /home/yundali/Arm_Project_WS/install/soarm_scripts/share/soarm_scripts/local_setup.bash
[0.396s] -- Up-to-date symlink: /home/yundali/Arm_Project_WS/install/soarm_scripts/share/soarm_scripts/local_setup.sh
[0.396s] -- Up-to-date symlink: /home/yundali/Arm_Project_WS/install/soarm_scripts/share/soarm_scripts/local_setup.zsh
[0.396s] -- Up-to-date symlink: /home/yundali/Arm_Project_WS/install/soarm_scripts/share/soarm_scripts/local_setup.dsv
[0.397s] -- Symlinking: /home/yundali/Arm_Project_WS/install/soarm_scripts/share/soarm_scripts/package.dsv
[0.412s] -- Up-to-date symlink: /home/yundali/Arm_Project_WS/install/soarm_scripts/share/ament_index/resource_index/packages/soarm_scripts
[0.412s] -- Up-to-date symlink: /home/yundali/Arm_Project_WS/install/soarm_scripts/share/soarm_scripts/cmake/soarm_scriptsConfig.cmake
[0.412s] -- Up-to-date symlink: /home/yundali/Arm_Project_WS/install/soarm_scripts/share/soarm_scripts/cmake/soarm_scriptsConfig-version.cmake
[0.412s] -- Up-to-date symlink: /home/yundali/Arm_Project_WS/install/soarm_scripts/share/soarm_scripts/package.xml
[0.458s] Invoked command in '/home/yundali/Arm_Project_WS/build/soarm_scripts' returned '0': CMAKE_PREFIX_PATH=${CMAKE_PREFIX_PATH}:/opt/ros/humble /usr/bin/cmake --install /home/yundali/Arm_Project_WS/build/soarm_scripts
