[0.015s] Invoking command in '/home/yundali/Arm_Project_WS/build/soarm_description': CMAKE_PREFIX_PATH=${CMAKE_PREFIX_PATH}:/opt/ros/humble /usr/bin/cmake /home/yundali/Arm_Project_WS/src/soarm_description -DCMAKE_INSTALL_PREFIX=/home/yundali/Arm_Project_WS/install/soarm_description
[0.082s] -- The C compiler identification is GNU 11.4.0
[0.153s] -- The CXX compiler identification is GNU 11.4.0
[0.162s] -- Detecting C compiler ABI info
[0.247s] -- Detecting C compiler ABI info - done
[0.265s] -- Check for working C compiler: /usr/bin/cc - skipped
[0.265s] -- Detecting C compile features
[0.266s] -- Detecting C compile features - done
[0.272s] -- Detecting CXX compiler ABI info
[0.380s] -- Detecting CXX compiler ABI info - done
[0.392s] -- Check for working CXX compiler: /usr/bin/c++ - skipped
[0.392s] -- Detecting CXX compile features
[0.393s] -- Detecting CXX compile features - done
[0.398s] -- Found ament_cmake: 1.3.13 (/opt/ros/humble/share/ament_cmake/cmake)
[0.576s] -- Found Python3: /usr/bin/python3 (found version "3.10.12") found components: Interpreter 
[0.679s] -- Found ament_lint_auto: 0.12.15 (/opt/ros/humble/share/ament_lint_auto/cmake)
[0.774s] -- Added test 'flake8' to check Python code syntax and style conventions
[0.775s] -- Added test 'lint_cmake' to check CMake code style
[0.776s] -- Added test 'pep257' to check Python code against some of the docstring style conventions in PEP 257
[0.779s] -- Added test 'xmllint' to check XML markup files
[0.780s] -- Configuring done
[0.784s] -- Generating done
[0.786s] -- Build files have been written to: /home/yundali/Arm_Project_WS/build/soarm_description
[0.791s] Invoked command in '/home/yundali/Arm_Project_WS/build/soarm_description' returned '0': CMAKE_PREFIX_PATH=${CMAKE_PREFIX_PATH}:/opt/ros/humble /usr/bin/cmake /home/yundali/Arm_Project_WS/src/soarm_description -DCMAKE_INSTALL_PREFIX=/home/yundali/Arm_Project_WS/install/soarm_description
[0.794s] Invoking command in '/home/yundali/Arm_Project_WS/build/soarm_description': CMAKE_PREFIX_PATH=${CMAKE_PREFIX_PATH}:/opt/ros/humble /usr/bin/cmake --build /home/yundali/Arm_Project_WS/build/soarm_description -- -j8 -l8
[0.839s] Invoked command in '/home/yundali/Arm_Project_WS/build/soarm_description' returned '0': CMAKE_PREFIX_PATH=${CMAKE_PREFIX_PATH}:/opt/ros/humble /usr/bin/cmake --build /home/yundali/Arm_Project_WS/build/soarm_description -- -j8 -l8
[0.850s] Invoking command in '/home/yundali/Arm_Project_WS/build/soarm_description': CMAKE_PREFIX_PATH=${CMAKE_PREFIX_PATH}:/opt/ros/humble /usr/bin/cmake --install /home/yundali/Arm_Project_WS/build/soarm_description
[0.859s] -- Install configuration: ""
[0.859s] -- Installing: /home/yundali/Arm_Project_WS/install/soarm_description/share/soarm_description/meshes
[0.860s] -- Installing: /home/yundali/Arm_Project_WS/install/soarm_description/share/soarm_description/meshes/Wrist_Roll_Follower_SO101.stl
[0.860s] -- Installing: /home/yundali/Arm_Project_WS/install/soarm_description/share/soarm_description/meshes/Rotation_Pitch_SO101.stl
[0.861s] -- Installing: /home/yundali/Arm_Project_WS/install/soarm_description/share/soarm_description/meshes/Base_SO101.stl
[0.862s] -- Installing: /home/yundali/Arm_Project_WS/install/soarm_description/share/soarm_description/meshes/WaveShare_Mounting_Plate_SO101.stl
[0.862s] -- Installing: /home/yundali/Arm_Project_WS/install/soarm_description/share/soarm_description/meshes/Wrist_Roll_SO101.stl
[0.863s] -- Installing: /home/yundali/Arm_Project_WS/install/soarm_description/share/soarm_description/meshes/Seeedstudio_Mounting_Plate_SO101.stl
[0.863s] -- Installing: /home/yundali/Arm_Project_WS/install/soarm_description/share/soarm_description/meshes/Motor_holder_SO101_Base.stl
[0.864s] -- Installing: /home/yundali/Arm_Project_WS/install/soarm_description/share/soarm_description/meshes/Upper_arm_SO101.stl
[0.864s] -- Installing: /home/yundali/Arm_Project_WS/install/soarm_description/share/soarm_description/meshes/Wrist_Roll_Pitch_SO101.stl
[0.866s] -- Installing: /home/yundali/Arm_Project_WS/install/soarm_description/share/soarm_description/meshes/SO101 Assembly.stl
[0.911s] -- Installing: /home/yundali/Arm_Project_WS/install/soarm_description/share/soarm_description/meshes/Under_arm_SO101.stl
[0.911s] -- Installing: /home/yundali/Arm_Project_WS/install/soarm_description/share/soarm_description/meshes/Base_motor_holder_SO101.stl
[0.912s] -- Installing: /home/yundali/Arm_Project_WS/install/soarm_description/share/soarm_description/meshes/Moving_Jaw_SO101.stl
[0.913s] -- Installing: /home/yundali/Arm_Project_WS/install/soarm_description/share/soarm_description/meshes/Handle_SO101.stl
[0.914s] -- Installing: /home/yundali/Arm_Project_WS/install/soarm_description/share/soarm_description/meshes/Motor_holder_SO101_Wrist.stl
[0.915s] -- Installing: /home/yundali/Arm_Project_WS/install/soarm_description/share/soarm_description/meshes/Trigger_SO101.stl
[0.916s] -- Installing: /home/yundali/Arm_Project_WS/install/soarm_description/share/soarm_description/urdf
[0.916s] -- Installing: /home/yundali/Arm_Project_WS/install/soarm_description/share/soarm_description/urdf/soarm.urdf.xacro
[0.916s] -- Installing: /home/yundali/Arm_Project_WS/install/soarm_description/share/soarm_description/launch
[0.916s] -- Installing: /home/yundali/Arm_Project_WS/install/soarm_description/share/soarm_description/launch/display.launch.py
[0.916s] -- Installing: /home/yundali/Arm_Project_WS/install/soarm_description/share/soarm_description/rviz
[0.917s] -- Installing: /home/yundali/Arm_Project_WS/install/soarm_description/share/ament_index/resource_index/package_run_dependencies/soarm_description
[0.917s] -- Installing: /home/yundali/Arm_Project_WS/install/soarm_description/share/ament_index/resource_index/parent_prefix_path/soarm_description
[0.917s] -- Installing: /home/yundali/Arm_Project_WS/install/soarm_description/share/soarm_description/environment/ament_prefix_path.sh
[0.917s] -- Installing: /home/yundali/Arm_Project_WS/install/soarm_description/share/soarm_description/environment/ament_prefix_path.dsv
[0.917s] -- Installing: /home/yundali/Arm_Project_WS/install/soarm_description/share/soarm_description/environment/path.sh
[0.918s] -- Installing: /home/yundali/Arm_Project_WS/install/soarm_description/share/soarm_description/environment/path.dsv
[0.918s] -- Installing: /home/yundali/Arm_Project_WS/install/soarm_description/share/soarm_description/local_setup.bash
[0.918s] -- Installing: /home/yundali/Arm_Project_WS/install/soarm_description/share/soarm_description/local_setup.sh
[0.918s] -- Installing: /home/yundali/Arm_Project_WS/install/soarm_description/share/soarm_description/local_setup.zsh
[0.918s] -- Installing: /home/yundali/Arm_Project_WS/install/soarm_description/share/soarm_description/local_setup.dsv
[0.919s] -- Installing: /home/yundali/Arm_Project_WS/install/soarm_description/share/soarm_description/package.dsv
[0.919s] -- Installing: /home/yundali/Arm_Project_WS/install/soarm_description/share/ament_index/resource_index/packages/soarm_description
[0.919s] -- Installing: /home/yundali/Arm_Project_WS/install/soarm_description/share/soarm_description/cmake/soarm_descriptionConfig.cmake
[0.919s] -- Installing: /home/yundali/Arm_Project_WS/install/soarm_description/share/soarm_description/cmake/soarm_descriptionConfig-version.cmake
[0.919s] -- Installing: /home/yundali/Arm_Project_WS/install/soarm_description/share/soarm_description/package.xml
[0.922s] Invoked command in '/home/yundali/Arm_Project_WS/build/soarm_description' returned '0': CMAKE_PREFIX_PATH=${CMAKE_PREFIX_PATH}:/opt/ros/humble /usr/bin/cmake --install /home/yundali/Arm_Project_WS/build/soarm_description
