[0.019s] Invoking command in '/home/yundali/Arm_Project_WS/build/soarm_description': CMAKE_PREFIX_PATH=${CMAKE_PREFIX_PATH}:/opt/ros/humble /usr/bin/cmake /home/yundali/Arm_Project_WS/src/soarm_description -DCMAKE_INSTALL_PREFIX=/home/yundali/Arm_Project_WS/install/soarm_description
[0.087s] -- The C compiler identification is GNU 11.4.0
[0.162s] -- The CXX compiler identification is GNU 11.4.0
[0.174s] -- Detecting C compiler ABI info
[0.268s] -- Detecting C compiler ABI info - done
[0.285s] -- Check for working C compiler: /usr/bin/cc - skipped
[0.286s] -- Detecting C compile features
[0.286s] -- Detecting C compile features - done
[0.292s] -- Detecting CXX compiler ABI info
[0.403s] -- Detecting CXX compiler ABI info - done
[0.413s] -- Check for working CXX compiler: /usr/bin/c++ - skipped
[0.413s] -- Detecting CXX compile features
[0.414s] -- Detecting CXX compile features - done
[0.417s] -- Found ament_cmake: 1.3.13 (/opt/ros/humble/share/ament_cmake/cmake)
[0.601s] -- Found Python3: /usr/bin/python3 (found version "3.10.12") found components: Interpreter 
[0.733s] -- Found ament_lint_auto: 0.12.15 (/opt/ros/humble/share/ament_lint_auto/cmake)
[0.852s] -- Added test 'flake8' to check Python code syntax and style conventions
[0.854s] -- Added test 'lint_cmake' to check CMake code style
[0.855s] -- Added test 'pep257' to check Python code against some of the docstring style conventions in PEP 257
[0.859s] -- Added test 'xmllint' to check XML markup files
[0.862s] -- Configuring done
[0.866s] -- Generating done
[0.868s] -- Build files have been written to: /home/yundali/Arm_Project_WS/build/soarm_description
[0.874s] Invoked command in '/home/yundali/Arm_Project_WS/build/soarm_description' returned '0': CMAKE_PREFIX_PATH=${CMAKE_PREFIX_PATH}:/opt/ros/humble /usr/bin/cmake /home/yundali/Arm_Project_WS/src/soarm_description -DCMAKE_INSTALL_PREFIX=/home/yundali/Arm_Project_WS/install/soarm_description
[0.875s] Invoking command in '/home/yundali/Arm_Project_WS/build/soarm_description': CMAKE_PREFIX_PATH=${CMAKE_PREFIX_PATH}:/opt/ros/humble /usr/bin/cmake --build /home/yundali/Arm_Project_WS/build/soarm_description -- -j8 -l8
[0.953s] Invoked command in '/home/yundali/Arm_Project_WS/build/soarm_description' returned '0': CMAKE_PREFIX_PATH=${CMAKE_PREFIX_PATH}:/opt/ros/humble /usr/bin/cmake --build /home/yundali/Arm_Project_WS/build/soarm_description -- -j8 -l8
[0.954s] Invoking command in '/home/yundali/Arm_Project_WS/build/soarm_description': CMAKE_PREFIX_PATH=${CMAKE_PREFIX_PATH}:/opt/ros/humble /usr/bin/cmake --install /home/yundali/Arm_Project_WS/build/soarm_description
[0.971s] -- Install configuration: ""
[0.972s] -- Installing: /home/yundali/Arm_Project_WS/install/soarm_description/share/soarm_description/meshes
[0.972s] -- Installing: /home/yundali/Arm_Project_WS/install/soarm_description/share/soarm_description/meshes/Wrist_Roll_Follower_SO101.stl
[0.972s] -- Installing: /home/yundali/Arm_Project_WS/install/soarm_description/share/soarm_description/meshes/Rotation_Pitch_SO101.stl
[0.972s] -- Installing: /home/yundali/Arm_Project_WS/install/soarm_description/share/soarm_description/meshes/Base_SO101.stl
[0.972s] -- Installing: /home/yundali/Arm_Project_WS/install/soarm_description/share/soarm_description/meshes/WaveShare_Mounting_Plate_SO101.stl
[0.972s] -- Installing: /home/yundali/Arm_Project_WS/install/soarm_description/share/soarm_description/meshes/Wrist_Roll_SO101.stl
[0.972s] -- Installing: /home/yundali/Arm_Project_WS/install/soarm_description/share/soarm_description/meshes/Seeedstudio_Mounting_Plate_SO101.stl
[0.973s] -- Installing: /home/yundali/Arm_Project_WS/install/soarm_description/share/soarm_description/meshes/Motor_holder_SO101_Base.stl
[0.973s] -- Installing: /home/yundali/Arm_Project_WS/install/soarm_description/share/soarm_description/meshes/Upper_arm_SO101.stl
[0.973s] -- Installing: /home/yundali/Arm_Project_WS/install/soarm_description/share/soarm_description/meshes/Wrist_Roll_Pitch_SO101.stl
[0.973s] -- Installing: /home/yundali/Arm_Project_WS/install/soarm_description/share/soarm_description/meshes/SO101 Assembly.stl
[1.017s] -- Installing: /home/yundali/Arm_Project_WS/install/soarm_description/share/soarm_description/meshes/Under_arm_SO101.stl
[1.018s] -- Installing: /home/yundali/Arm_Project_WS/install/soarm_description/share/soarm_description/meshes/Base_motor_holder_SO101.stl
[1.018s] -- Installing: /home/yundali/Arm_Project_WS/install/soarm_description/share/soarm_description/meshes/Moving_Jaw_SO101.stl
[1.019s] -- Installing: /home/yundali/Arm_Project_WS/install/soarm_description/share/soarm_description/meshes/Handle_SO101.stl
[1.020s] -- Installing: /home/yundali/Arm_Project_WS/install/soarm_description/share/soarm_description/meshes/Motor_holder_SO101_Wrist.stl
[1.021s] -- Installing: /home/yundali/Arm_Project_WS/install/soarm_description/share/soarm_description/meshes/Trigger_SO101.stl
[1.022s] -- Installing: /home/yundali/Arm_Project_WS/install/soarm_description/share/soarm_description/urdf
[1.022s] -- Installing: /home/yundali/Arm_Project_WS/install/soarm_description/share/soarm_description/urdf/soarm.urdf.xacro
[1.022s] -- Installing: /home/yundali/Arm_Project_WS/install/soarm_description/share/soarm_description/launch
[1.022s] -- Installing: /home/yundali/Arm_Project_WS/install/soarm_description/share/soarm_description/launch/display.launch.py
[1.023s] -- Installing: /home/yundali/Arm_Project_WS/install/soarm_description/share/soarm_description/rviz
[1.023s] -- Installing: /home/yundali/Arm_Project_WS/install/soarm_description/share/ament_index/resource_index/package_run_dependencies/soarm_description
[1.023s] -- Installing: /home/yundali/Arm_Project_WS/install/soarm_description/share/ament_index/resource_index/parent_prefix_path/soarm_description
[1.023s] -- Installing: /home/yundali/Arm_Project_WS/install/soarm_description/share/soarm_description/environment/ament_prefix_path.sh
[1.023s] -- Installing: /home/yundali/Arm_Project_WS/install/soarm_description/share/soarm_description/environment/ament_prefix_path.dsv
[1.023s] -- Installing: /home/yundali/Arm_Project_WS/install/soarm_description/share/soarm_description/environment/path.sh
[1.024s] -- Installing: /home/yundali/Arm_Project_WS/install/soarm_description/share/soarm_description/environment/path.dsv
[1.024s] -- Installing: /home/yundali/Arm_Project_WS/install/soarm_description/share/soarm_description/local_setup.bash
[1.024s] -- Installing: /home/yundali/Arm_Project_WS/install/soarm_description/share/soarm_description/local_setup.sh
[1.024s] -- Installing: /home/yundali/Arm_Project_WS/install/soarm_description/share/soarm_description/local_setup.zsh
[1.025s] -- Installing: /home/yundali/Arm_Project_WS/install/soarm_description/share/soarm_description/local_setup.dsv
[1.025s] -- Installing: /home/yundali/Arm_Project_WS/install/soarm_description/share/soarm_description/package.dsv
[1.025s] -- Installing: /home/yundali/Arm_Project_WS/install/soarm_description/share/ament_index/resource_index/packages/soarm_description
[1.026s] -- Installing: /home/yundali/Arm_Project_WS/install/soarm_description/share/soarm_description/cmake/soarm_descriptionConfig.cmake
[1.026s] -- Installing: /home/yundali/Arm_Project_WS/install/soarm_description/share/soarm_description/cmake/soarm_descriptionConfig-version.cmake
[1.026s] -- Installing: /home/yundali/Arm_Project_WS/install/soarm_description/share/soarm_description/package.xml
[1.029s] Invoked command in '/home/yundali/Arm_Project_WS/build/soarm_description' returned '0': CMAKE_PREFIX_PATH=${CMAKE_PREFIX_PATH}:/opt/ros/humble /usr/bin/cmake --install /home/yundali/Arm_Project_WS/build/soarm_description
