[0.020s] Invoking command in '/home/yundali/Arm_Project_WS/build/soarm_controller': CMAKE_PREFIX_PATH=${CMAKE_PREFIX_PATH}:/opt/ros/humble /usr/bin/cmake /home/yundali/Arm_Project_WS/src/soarm_controller -DCMAKE_INSTALL_PREFIX=/home/yundali/Arm_Project_WS/install/soarm_controller
[0.096s] -- The C compiler identification is GNU 11.4.0
[0.170s] -- The CXX compiler identification is GNU 11.4.0
[0.180s] -- Detecting C compiler ABI info
[0.272s] -- Detecting C compiler ABI info - done
[0.290s] -- Check for working C compiler: /usr/bin/cc - skipped
[0.290s] -- Detecting C compile features
[0.291s] -- Detecting C compile features - done
[0.297s] -- Detecting CXX compiler ABI info
[0.409s] -- Detecting CXX compiler ABI info - done
[0.421s] -- Check for working CXX compiler: /usr/bin/c++ - skipped
[0.422s] -- Detecting CXX compile features
[0.422s] -- Detecting CXX compile features - done
[0.425s] -- Found ament_cmake: 1.3.13 (/opt/ros/humble/share/ament_cmake/cmake)
[0.615s] -- Found Python3: /usr/bin/python3 (found version "3.10.12") found components: Interpreter 
[0.735s] -- Found ament_lint_auto: 0.12.15 (/opt/ros/humble/share/ament_lint_auto/cmake)
[0.847s] -- Added test 'lint_cmake' to check CMake code style
[0.851s] -- Added test 'xmllint' to check XML markup files
[0.852s] -- Configuring done
[0.858s] -- Generating done
[0.861s] -- Build files have been written to: /home/yundali/Arm_Project_WS/build/soarm_controller
[0.870s] Invoked command in '/home/yundali/Arm_Project_WS/build/soarm_controller' returned '0': CMAKE_PREFIX_PATH=${CMAKE_PREFIX_PATH}:/opt/ros/humble /usr/bin/cmake /home/yundali/Arm_Project_WS/src/soarm_controller -DCMAKE_INSTALL_PREFIX=/home/yundali/Arm_Project_WS/install/soarm_controller
[0.872s] Invoking command in '/home/yundali/Arm_Project_WS/build/soarm_controller': CMAKE_PREFIX_PATH=${CMAKE_PREFIX_PATH}:/opt/ros/humble /usr/bin/cmake --build /home/yundali/Arm_Project_WS/build/soarm_controller -- -j8 -l8
[0.924s] Invoked command in '/home/yundali/Arm_Project_WS/build/soarm_controller' returned '0': CMAKE_PREFIX_PATH=${CMAKE_PREFIX_PATH}:/opt/ros/humble /usr/bin/cmake --build /home/yundali/Arm_Project_WS/build/soarm_controller -- -j8 -l8
[0.927s] Invoking command in '/home/yundali/Arm_Project_WS/build/soarm_controller': CMAKE_PREFIX_PATH=${CMAKE_PREFIX_PATH}:/opt/ros/humble /usr/bin/cmake --install /home/yundali/Arm_Project_WS/build/soarm_controller
[0.938s] -- Install configuration: ""
[0.939s] -- Installing: /home/yundali/Arm_Project_WS/install/soarm_controller/share/ament_index/resource_index/package_run_dependencies/soarm_controller
[0.939s] -- Installing: /home/yundali/Arm_Project_WS/install/soarm_controller/share/ament_index/resource_index/parent_prefix_path/soarm_controller
[0.939s] -- Installing: /home/yundali/Arm_Project_WS/install/soarm_controller/share/soarm_controller/environment/ament_prefix_path.sh
[0.940s] -- Installing: /home/yundali/Arm_Project_WS/install/soarm_controller/share/soarm_controller/environment/ament_prefix_path.dsv
[0.940s] -- Installing: /home/yundali/Arm_Project_WS/install/soarm_controller/share/soarm_controller/environment/path.sh
[0.940s] -- Installing: /home/yundali/Arm_Project_WS/install/soarm_controller/share/soarm_controller/environment/path.dsv
[0.941s] -- Installing: /home/yundali/Arm_Project_WS/install/soarm_controller/share/soarm_controller/local_setup.bash
[0.942s] -- Installing: /home/yundali/Arm_Project_WS/install/soarm_controller/share/soarm_controller/local_setup.sh
[0.942s] -- Installing: /home/yundali/Arm_Project_WS/install/soarm_controller/share/soarm_controller/local_setup.zsh
[0.942s] -- Installing: /home/yundali/Arm_Project_WS/install/soarm_controller/share/soarm_controller/local_setup.dsv
[0.943s] -- Installing: /home/yundali/Arm_Project_WS/install/soarm_controller/share/soarm_controller/package.dsv
[0.943s] -- Installing: /home/yundali/Arm_Project_WS/install/soarm_controller/share/ament_index/resource_index/packages/soarm_controller
[0.944s] -- Installing: /home/yundali/Arm_Project_WS/install/soarm_controller/share/soarm_controller/cmake/soarm_controllerConfig.cmake
[0.944s] -- Installing: /home/yundali/Arm_Project_WS/install/soarm_controller/share/soarm_controller/cmake/soarm_controllerConfig-version.cmake
[0.944s] -- Installing: /home/yundali/Arm_Project_WS/install/soarm_controller/share/soarm_controller/package.xml
[0.962s] Invoked command in '/home/yundali/Arm_Project_WS/build/soarm_controller' returned '0': CMAKE_PREFIX_PATH=${CMAKE_PREFIX_PATH}:/opt/ros/humble /usr/bin/cmake --install /home/yundali/Arm_Project_WS/build/soarm_controller
