[3.677s] DEBUG:colcon:Command line arguments: ['/usr/bin/colcon', 'build']
[3.677s] DEBUG:colcon:Parsed command line arguments: Namespace(log_base=None, log_level=None, verb_name='build', build_base='build', install_base='install', merge_install=False, symlink_install=False, test_result_base=None, continue_on_error=False, executor='parallel', parallel_workers=8, event_handlers=None, ignore_user_meta=False, metas=['./colcon.meta'], base_paths=['.'], packages_ignore=None, packages_ignore_regex=None, paths=None, packages_up_to=None, packages_up_to_regex=None, packages_above=None, packages_above_and_dependencies=None, packages_above_depth=None, packages_select_by_dep=None, packages_skip_by_dep=None, packages_skip_up_to=None, packages_select_build_failed=False, packages_skip_build_finished=False, packages_select_test_failures=False, packages_skip_test_passed=False, packages_select=None, packages_skip=None, packages_select_regex=None, packages_skip_regex=None, packages_start=None, packages_end=None, allow_overriding=[], cmake_args=None, cmake_target=None, cmake_target_skip_unavailable=False, cmake_clean_cache=False, cmake_clean_first=False, cmake_force_configure=False, ament_cmake_args=None, catkin_cmake_args=None, catkin_skip_building_tests=False, mixin_files=None, mixin=None, verb_parser=<colcon_mixin.mixin.mixin_argument.MixinArgumentDecorator object at 0x736d6fa660e0>, verb_extension=<colcon_core.verb.build.BuildVerb object at 0x736d6fb63250>, main=<bound method BuildVerb.main of <colcon_core.verb.build.BuildVerb object at 0x736d6fb63250>>, mixin_verb=('build',))
[8.572s] Level 1:colcon.colcon_core.package_discovery:discover_packages(colcon_meta) check parameters
[8.572s] Level 1:colcon.colcon_core.package_discovery:discover_packages(recursive) check parameters
[8.572s] Level 1:colcon.colcon_core.package_discovery:discover_packages(ignore) check parameters
[8.572s] Level 1:colcon.colcon_core.package_discovery:discover_packages(path) check parameters
[8.572s] Level 1:colcon.colcon_core.package_discovery:discover_packages(colcon_meta) discover
[8.572s] Level 1:colcon.colcon_core.package_discovery:discover_packages(recursive) discover
[8.572s] INFO:colcon.colcon_core.package_discovery:Crawling recursively for packages in '/home/yundali/Arm_Project'
[8.572s] Level 1:colcon.colcon_core.package_identification:_identify(.) by extensions ['ignore', 'ignore_ament_install']
[8.572s] Level 1:colcon.colcon_core.package_identification:_identify(.) by extension 'ignore'
[8.572s] Level 1:colcon.colcon_core.package_identification:_identify(.) by extension 'ignore_ament_install'
[8.572s] Level 1:colcon.colcon_core.package_identification:_identify(.) by extensions ['colcon_pkg']
[8.572s] Level 1:colcon.colcon_core.package_identification:_identify(.) by extension 'colcon_pkg'
[8.573s] Level 1:colcon.colcon_core.package_identification:_identify(.) by extensions ['colcon_meta']
[8.573s] Level 1:colcon.colcon_core.package_identification:_identify(.) by extension 'colcon_meta'
[8.573s] Level 1:colcon.colcon_core.package_identification:_identify(.) by extensions ['ros']
[8.573s] Level 1:colcon.colcon_core.package_identification:_identify(.) by extension 'ros'
[8.628s] Level 1:colcon.colcon_core.package_identification:_identify(.) by extensions ['cmake', 'python']
[8.629s] Level 1:colcon.colcon_core.package_identification:_identify(.) by extension 'cmake'
[8.629s] Level 1:colcon.colcon_core.package_identification:_identify(.) by extension 'python'
[8.629s] Level 1:colcon.colcon_core.package_identification:_identify(.) by extensions ['python_setup_py']
[8.629s] Level 1:colcon.colcon_core.package_identification:_identify(.) by extension 'python_setup_py'
[8.629s] Level 1:colcon.colcon_core.package_identification:_identify(build) by extensions ['ignore', 'ignore_ament_install']
[8.629s] Level 1:colcon.colcon_core.package_identification:_identify(build) by extension 'ignore'
[8.629s] Level 1:colcon.colcon_core.package_identification:_identify(build) ignored
[8.629s] Level 1:colcon.colcon_core.package_identification:_identify(install) by extensions ['ignore', 'ignore_ament_install']
[8.629s] Level 1:colcon.colcon_core.package_identification:_identify(install) by extension 'ignore'
[8.629s] Level 1:colcon.colcon_core.package_identification:_identify(install) ignored
[8.630s] Level 1:colcon.colcon_core.package_identification:_identify(log) by extensions ['ignore', 'ignore_ament_install']
[8.630s] Level 1:colcon.colcon_core.package_identification:_identify(log) by extension 'ignore'
[8.630s] Level 1:colcon.colcon_core.package_identification:_identify(log) ignored
[8.630s] Level 1:colcon.colcon_core.package_identification:_identify(src) by extensions ['ignore', 'ignore_ament_install']
[8.630s] Level 1:colcon.colcon_core.package_identification:_identify(src) by extension 'ignore'
[8.630s] Level 1:colcon.colcon_core.package_identification:_identify(src) by extension 'ignore_ament_install'
[8.630s] Level 1:colcon.colcon_core.package_identification:_identify(src) by extensions ['colcon_pkg']
[8.630s] Level 1:colcon.colcon_core.package_identification:_identify(src) by extension 'colcon_pkg'
[8.630s] Level 1:colcon.colcon_core.package_identification:_identify(src) by extensions ['colcon_meta']
[8.630s] Level 1:colcon.colcon_core.package_identification:_identify(src) by extension 'colcon_meta'
[8.630s] Level 1:colcon.colcon_core.package_identification:_identify(src) by extensions ['ros']
[8.630s] Level 1:colcon.colcon_core.package_identification:_identify(src) by extension 'ros'
[8.630s] Level 1:colcon.colcon_core.package_identification:_identify(src) by extensions ['cmake', 'python']
[8.631s] Level 1:colcon.colcon_core.package_identification:_identify(src) by extension 'cmake'
[8.631s] Level 1:colcon.colcon_core.package_identification:_identify(src) by extension 'python'
[8.631s] Level 1:colcon.colcon_core.package_identification:_identify(src) by extensions ['python_setup_py']
[8.631s] Level 1:colcon.colcon_core.package_identification:_identify(src) by extension 'python_setup_py'
[8.631s] Level 1:colcon.colcon_core.package_discovery:discover_packages(recursive) using defaults
[8.631s] Level 1:colcon.colcon_core.package_discovery:discover_packages(ignore) discover
[8.631s] Level 1:colcon.colcon_core.package_discovery:discover_packages(ignore) using defaults
[8.631s] Level 1:colcon.colcon_core.package_discovery:discover_packages(path) discover
[8.631s] Level 1:colcon.colcon_core.package_discovery:discover_packages(path) using defaults
[8.828s] Level 1:colcon.colcon_core.package_discovery:discover_packages(prefix_path) check parameters
[8.828s] Level 1:colcon.colcon_core.package_discovery:discover_packages(prefix_path) discover
[8.833s] DEBUG:colcon.colcon_installed_package_information.package_discovery:Found 400 installed packages in /opt/ros/humble
[8.835s] Level 1:colcon.colcon_core.package_discovery:discover_packages(prefix_path) using defaults
[8.889s] INFO:colcon.colcon_core.executor:Executing jobs using 'parallel' executor
[8.891s] DEBUG:colcon.colcon_parallel_executor.executor.parallel:run_until_complete
[8.891s] DEBUG:colcon.colcon_parallel_executor.executor.parallel:closing loop
[8.891s] DEBUG:colcon.colcon_parallel_executor.executor.parallel:loop closed
[8.891s] DEBUG:colcon.colcon_parallel_executor.executor.parallel:run_until_complete finished with '0'
[8.891s] DEBUG:colcon.colcon_core.event_reactor:joining thread
[8.937s] INFO:colcon.colcon_core.plugin_system:Skipping extension 'colcon_notification.desktop_notification.terminal_notifier': Not used on non-Darwin systems
[8.938s] INFO:colcon.colcon_core.plugin_system:Skipping extension 'colcon_notification.desktop_notification.win32': Not used on non-Windows systems
[8.938s] INFO:colcon.colcon_notification.desktop_notification:Sending desktop notification using 'notify2'
[8.954s] DEBUG:colcon.colcon_core.event_reactor:joined thread
[9.000s] INFO:colcon.colcon_core.plugin_system:Skipping extension 'colcon_core.shell.bat': Not used on non-Windows systems
[9.000s] INFO:colcon.colcon_core.shell:Creating prefix script '/home/yundali/Arm_Project/install/local_setup.ps1'
[9.001s] INFO:colcon.colcon_core.shell:Creating prefix util module '/home/yundali/Arm_Project/install/_local_setup_util_ps1.py'
[9.006s] INFO:colcon.colcon_core.shell:Creating prefix chain script '/home/yundali/Arm_Project/install/setup.ps1'
[9.007s] INFO:colcon.colcon_core.shell:Creating prefix script '/home/yundali/Arm_Project/install/local_setup.sh'
[9.014s] INFO:colcon.colcon_core.shell:Creating prefix util module '/home/yundali/Arm_Project/install/_local_setup_util_sh.py'
[9.014s] INFO:colcon.colcon_core.shell:Creating prefix chain script '/home/yundali/Arm_Project/install/setup.sh'
[9.015s] INFO:colcon.colcon_core.shell:Creating prefix script '/home/yundali/Arm_Project/install/local_setup.bash'
[9.034s] INFO:colcon.colcon_core.shell:Creating prefix chain script '/home/yundali/Arm_Project/install/setup.bash'
[9.036s] INFO:colcon.colcon_core.shell:Creating prefix script '/home/yundali/Arm_Project/install/local_setup.zsh'
[9.047s] INFO:colcon.colcon_core.shell:Creating prefix chain script '/home/yundali/Arm_Project/install/setup.zsh'
