[0.020s] Invoking command in '/home/yundali/Arm_Project_WS/build/soarm_scripts': CMAKE_PREFIX_PATH=${CMAKE_PREFIX_PATH}:/opt/ros/humble /usr/bin/cmake --build /home/yundali/Arm_Project_WS/build/soarm_scripts -- -j8 -l8
[0.073s] Invoked command in '/home/yundali/Arm_Project_WS/build/soarm_scripts' returned '0': CMAKE_PREFIX_PATH=${CMAKE_PREFIX_PATH}:/opt/ros/humble /usr/bin/cmake --build /home/yundali/Arm_Project_WS/build/soarm_scripts -- -j8 -l8
[0.075s] Invoking command in '/home/yundali/Arm_Project_WS/build/soarm_scripts': CMAKE_PREFIX_PATH=${CMAKE_PREFIX_PATH}:/opt/ros/humble /usr/bin/cmake --install /home/yundali/Arm_Project_WS/build/soarm_scripts
[0.086s] -- Install configuration: ""
[0.086s] -- Execute custom install script
[0.087s] -- Up-to-date symlink: /home/yundali/Arm_Project_WS/install/soarm_scripts/share/ament_index/resource_index/package_run_dependencies/soarm_scripts
[0.087s] -- Up-to-date symlink: /home/yundali/Arm_Project_WS/install/soarm_scripts/share/ament_index/resource_index/parent_prefix_path/soarm_scripts
[0.088s] -- Up-to-date symlink: /home/yundali/Arm_Project_WS/install/soarm_scripts/share/soarm_scripts/environment/ament_prefix_path.sh
[0.088s] -- Up-to-date symlink: /home/yundali/Arm_Project_WS/install/soarm_scripts/share/soarm_scripts/environment/ament_prefix_path.dsv
[0.088s] -- Up-to-date symlink: /home/yundali/Arm_Project_WS/install/soarm_scripts/share/soarm_scripts/environment/path.sh
[0.088s] -- Up-to-date symlink: /home/yundali/Arm_Project_WS/install/soarm_scripts/share/soarm_scripts/environment/path.dsv
[0.089s] -- Up-to-date symlink: /home/yundali/Arm_Project_WS/install/soarm_scripts/share/soarm_scripts/local_setup.bash
[0.089s] -- Up-to-date symlink: /home/yundali/Arm_Project_WS/install/soarm_scripts/share/soarm_scripts/local_setup.sh
[0.089s] -- Up-to-date symlink: /home/yundali/Arm_Project_WS/install/soarm_scripts/share/soarm_scripts/local_setup.zsh
[0.089s] -- Up-to-date symlink: /home/yundali/Arm_Project_WS/install/soarm_scripts/share/soarm_scripts/local_setup.dsv
[0.090s] -- Symlinking: /home/yundali/Arm_Project_WS/install/soarm_scripts/share/soarm_scripts/package.dsv
[0.105s] -- Up-to-date symlink: /home/yundali/Arm_Project_WS/install/soarm_scripts/share/ament_index/resource_index/packages/soarm_scripts
[0.105s] -- Up-to-date symlink: /home/yundali/Arm_Project_WS/install/soarm_scripts/share/soarm_scripts/cmake/soarm_scriptsConfig.cmake
[0.106s] -- Up-to-date symlink: /home/yundali/Arm_Project_WS/install/soarm_scripts/share/soarm_scripts/cmake/soarm_scriptsConfig-version.cmake
[0.106s] -- Up-to-date symlink: /home/yundali/Arm_Project_WS/install/soarm_scripts/share/soarm_scripts/package.xml
[0.143s] Invoked command in '/home/yundali/Arm_Project_WS/build/soarm_scripts' returned '0': CMAKE_PREFIX_PATH=${CMAKE_PREFIX_PATH}:/opt/ros/humble /usr/bin/cmake --install /home/yundali/Arm_Project_WS/build/soarm_scripts
