[0.028s] Invoking command in '/home/yundali/Arm_Project_WS/src/build/soarm_description': CMAKE_PREFIX_PATH=/opt/ros/humble /usr/bin/cmake /home/yundali/Arm_Project_WS/src/soarm_description -DCMAKE_INSTALL_PREFIX=/home/yundali/Arm_Project_WS/src/install/soarm_description
[0.660s] -- The C compiler identification is GNU 11.4.0
[1.045s] -- The CXX compiler identification is GNU 11.4.0
[1.139s] -- Detecting C compiler ABI info
[1.358s] -- Detecting C compiler ABI info - done
[1.367s] -- Check for working C compiler: /usr/bin/cc - skipped
[1.367s] -- Detecting C compile features
[1.389s] -- Detecting C compile features - done
[1.398s] -- Detecting CXX compiler ABI info
[1.598s] -- Detecting CXX compiler ABI info - done
[1.615s] -- Check for working CXX compiler: /usr/bin/c++ - skipped
[1.616s] -- Detecting CXX compile features
[1.617s] -- Detecting CXX compile features - done
[1.733s] -- Found ament_cmake: 1.3.13 (/opt/ros/humble/share/ament_cmake/cmake)
[2.017s] -- Found Python3: /usr/bin/python3 (found version "3.10.12") found components: Interpreter 
[2.345s] -- Found ament_lint_auto: 0.12.15 (/opt/ros/humble/share/ament_lint_auto/cmake)
[2.516s] -- Added test 'lint_cmake' to check CMake code style
[2.520s] -- Added test 'xmllint' to check XML markup files
[2.524s] -- Configuring done
[2.530s] -- Generating done
[2.534s] -- Build files have been written to: /home/yundali/Arm_Project_WS/src/build/soarm_description
[2.541s] Invoked command in '/home/yundali/Arm_Project_WS/src/build/soarm_description' returned '0': CMAKE_PREFIX_PATH=/opt/ros/humble /usr/bin/cmake /home/yundali/Arm_Project_WS/src/soarm_description -DCMAKE_INSTALL_PREFIX=/home/yundali/Arm_Project_WS/src/install/soarm_description
[2.543s] Invoking command in '/home/yundali/Arm_Project_WS/src/build/soarm_description': CMAKE_PREFIX_PATH=/opt/ros/humble /usr/bin/cmake --build /home/yundali/Arm_Project_WS/src/build/soarm_description -- -j8 -l8
[2.602s] Invoked command in '/home/yundali/Arm_Project_WS/src/build/soarm_description' returned '0': CMAKE_PREFIX_PATH=/opt/ros/humble /usr/bin/cmake --build /home/yundali/Arm_Project_WS/src/build/soarm_description -- -j8 -l8
[2.604s] Invoking command in '/home/yundali/Arm_Project_WS/src/build/soarm_description': CMAKE_PREFIX_PATH=/opt/ros/humble /usr/bin/cmake --install /home/yundali/Arm_Project_WS/src/build/soarm_description
[2.616s] -- Install configuration: ""
[2.618s] -- Installing: /home/yundali/Arm_Project_WS/src/install/soarm_description/share/ament_index/resource_index/package_run_dependencies/soarm_description
[2.618s] -- Installing: /home/yundali/Arm_Project_WS/src/install/soarm_description/share/ament_index/resource_index/parent_prefix_path/soarm_description
[2.618s] -- Installing: /home/yundali/Arm_Project_WS/src/install/soarm_description/share/soarm_description/environment/ament_prefix_path.sh
[2.619s] -- Installing: /home/yundali/Arm_Project_WS/src/install/soarm_description/share/soarm_description/environment/ament_prefix_path.dsv
[2.619s] -- Installing: /home/yundali/Arm_Project_WS/src/install/soarm_description/share/soarm_description/environment/path.sh
[2.619s] -- Installing: /home/yundali/Arm_Project_WS/src/install/soarm_description/share/soarm_description/environment/path.dsv
[2.619s] -- Installing: /home/yundali/Arm_Project_WS/src/install/soarm_description/share/soarm_description/local_setup.bash
[2.620s] -- Installing: /home/yundali/Arm_Project_WS/src/install/soarm_description/share/soarm_description/local_setup.sh
[2.620s] -- Installing: /home/yundali/Arm_Project_WS/src/install/soarm_description/share/soarm_description/local_setup.zsh
[2.620s] -- Installing: /home/yundali/Arm_Project_WS/src/install/soarm_description/share/soarm_description/local_setup.dsv
[2.621s] -- Installing: /home/yundali/Arm_Project_WS/src/install/soarm_description/share/soarm_description/package.dsv
[2.621s] -- Installing: /home/yundali/Arm_Project_WS/src/install/soarm_description/share/ament_index/resource_index/packages/soarm_description
[2.622s] -- Installing: /home/yundali/Arm_Project_WS/src/install/soarm_description/share/soarm_description/cmake/soarm_descriptionConfig.cmake
[2.622s] -- Installing: /home/yundali/Arm_Project_WS/src/install/soarm_description/share/soarm_description/cmake/soarm_descriptionConfig-version.cmake
[2.622s] -- Installing: /home/yundali/Arm_Project_WS/src/install/soarm_description/share/soarm_description/package.xml
[2.721s] Invoked command in '/home/yundali/Arm_Project_WS/src/build/soarm_description' returned '0': CMAKE_PREFIX_PATH=/opt/ros/humble /usr/bin/cmake --install /home/yundali/Arm_Project_WS/src/build/soarm_description
