[0.133s] DEBUG:colcon:Command line arguments: ['/usr/bin/colcon', 'build']
[0.133s] DEBUG:colcon:Parsed command line arguments: Namespace(log_base=None, log_level=None, verb_name='build', build_base='build', install_base='install', merge_install=False, symlink_install=False, test_result_base=None, continue_on_error=False, executor='parallel', parallel_workers=8, event_handlers=None, ignore_user_meta=False, metas=['./colcon.meta'], base_paths=['.'], packages_ignore=None, packages_ignore_regex=None, paths=None, packages_up_to=None, packages_up_to_regex=None, packages_above=None, packages_above_and_dependencies=None, packages_above_depth=None, packages_select_by_dep=None, packages_skip_by_dep=None, packages_skip_up_to=None, packages_select_build_failed=False, packages_skip_build_finished=False, packages_select_test_failures=False, packages_skip_test_passed=False, packages_select=None, packages_skip=None, packages_select_regex=None, packages_skip_regex=None, packages_start=None, packages_end=None, allow_overriding=[], cmake_args=None, cmake_target=None, cmake_target_skip_unavailable=False, cmake_clean_cache=False, cmake_clean_first=False, cmake_force_configure=False, ament_cmake_args=None, catkin_cmake_args=None, catkin_skip_building_tests=False, mixin_files=None, mixin=None, verb_parser=<colcon_mixin.mixin.mixin_argument.MixinArgumentDecorator object at 0x76957fd6a0b0>, verb_extension=<colcon_core.verb.build.BuildVerb object at 0x76957fe6b220>, main=<bound method BuildVerb.main of <colcon_core.verb.build.BuildVerb object at 0x76957fe6b220>>, mixin_verb=('build',))
[0.353s] Level 1:colcon.colcon_core.package_discovery:discover_packages(colcon_meta) check parameters
[0.353s] Level 1:colcon.colcon_core.package_discovery:discover_packages(recursive) check parameters
[0.353s] Level 1:colcon.colcon_core.package_discovery:discover_packages(ignore) check parameters
[0.353s] Level 1:colcon.colcon_core.package_discovery:discover_packages(path) check parameters
[0.353s] Level 1:colcon.colcon_core.package_discovery:discover_packages(colcon_meta) discover
[0.353s] Level 1:colcon.colcon_core.package_discovery:discover_packages(recursive) discover
[0.353s] INFO:colcon.colcon_core.package_discovery:Crawling recursively for packages in '/home/yundali/Arm_Project_WS'
[0.353s] Level 1:colcon.colcon_core.package_identification:_identify(.) by extensions ['ignore', 'ignore_ament_install']
[0.354s] Level 1:colcon.colcon_core.package_identification:_identify(.) by extension 'ignore'
[0.354s] Level 1:colcon.colcon_core.package_identification:_identify(.) by extension 'ignore_ament_install'
[0.354s] Level 1:colcon.colcon_core.package_identification:_identify(.) by extensions ['colcon_pkg']
[0.354s] Level 1:colcon.colcon_core.package_identification:_identify(.) by extension 'colcon_pkg'
[0.354s] Level 1:colcon.colcon_core.package_identification:_identify(.) by extensions ['colcon_meta']
[0.354s] Level 1:colcon.colcon_core.package_identification:_identify(.) by extension 'colcon_meta'
[0.354s] Level 1:colcon.colcon_core.package_identification:_identify(.) by extensions ['ros']
[0.354s] Level 1:colcon.colcon_core.package_identification:_identify(.) by extension 'ros'
[0.367s] Level 1:colcon.colcon_core.package_identification:_identify(.) by extensions ['cmake', 'python']
[0.367s] Level 1:colcon.colcon_core.package_identification:_identify(.) by extension 'cmake'
[0.367s] Level 1:colcon.colcon_core.package_identification:_identify(.) by extension 'python'
[0.367s] Level 1:colcon.colcon_core.package_identification:_identify(.) by extensions ['python_setup_py']
[0.367s] Level 1:colcon.colcon_core.package_identification:_identify(.) by extension 'python_setup_py'
[0.367s] Level 1:colcon.colcon_core.package_identification:_identify(build) by extensions ['ignore', 'ignore_ament_install']
[0.367s] Level 1:colcon.colcon_core.package_identification:_identify(build) by extension 'ignore'
[0.368s] Level 1:colcon.colcon_core.package_identification:_identify(build) ignored
[0.368s] Level 1:colcon.colcon_core.package_identification:_identify(install) by extensions ['ignore', 'ignore_ament_install']
[0.368s] Level 1:colcon.colcon_core.package_identification:_identify(install) by extension 'ignore'
[0.368s] Level 1:colcon.colcon_core.package_identification:_identify(install) ignored
[0.368s] Level 1:colcon.colcon_core.package_identification:_identify(log) by extensions ['ignore', 'ignore_ament_install']
[0.368s] Level 1:colcon.colcon_core.package_identification:_identify(log) by extension 'ignore'
[0.368s] Level 1:colcon.colcon_core.package_identification:_identify(log) ignored
[0.368s] Level 1:colcon.colcon_core.package_identification:_identify(src) by extensions ['ignore', 'ignore_ament_install']
[0.369s] Level 1:colcon.colcon_core.package_identification:_identify(src) by extension 'ignore'
[0.369s] Level 1:colcon.colcon_core.package_identification:_identify(src) by extension 'ignore_ament_install'
[0.369s] Level 1:colcon.colcon_core.package_identification:_identify(src) by extensions ['colcon_pkg']
[0.369s] Level 1:colcon.colcon_core.package_identification:_identify(src) by extension 'colcon_pkg'
[0.369s] Level 1:colcon.colcon_core.package_identification:_identify(src) by extensions ['colcon_meta']
[0.369s] Level 1:colcon.colcon_core.package_identification:_identify(src) by extension 'colcon_meta'
[0.369s] Level 1:colcon.colcon_core.package_identification:_identify(src) by extensions ['ros']
[0.369s] Level 1:colcon.colcon_core.package_identification:_identify(src) by extension 'ros'
[0.369s] Level 1:colcon.colcon_core.package_identification:_identify(src) by extensions ['cmake', 'python']
[0.369s] Level 1:colcon.colcon_core.package_identification:_identify(src) by extension 'cmake'
[0.369s] Level 1:colcon.colcon_core.package_identification:_identify(src) by extension 'python'
[0.369s] Level 1:colcon.colcon_core.package_identification:_identify(src) by extensions ['python_setup_py']
[0.369s] Level 1:colcon.colcon_core.package_identification:_identify(src) by extension 'python_setup_py'
[0.369s] Level 1:colcon.colcon_core.package_identification:_identify(src/soarm_controller) by extensions ['ignore', 'ignore_ament_install']
[0.369s] Level 1:colcon.colcon_core.package_identification:_identify(src/soarm_controller) by extension 'ignore'
[0.370s] Level 1:colcon.colcon_core.package_identification:_identify(src/soarm_controller) by extension 'ignore_ament_install'
[0.370s] Level 1:colcon.colcon_core.package_identification:_identify(src/soarm_controller) by extensions ['colcon_pkg']
[0.370s] Level 1:colcon.colcon_core.package_identification:_identify(src/soarm_controller) by extension 'colcon_pkg'
[0.370s] Level 1:colcon.colcon_core.package_identification:_identify(src/soarm_controller) by extensions ['colcon_meta']
[0.370s] Level 1:colcon.colcon_core.package_identification:_identify(src/soarm_controller) by extension 'colcon_meta'
[0.370s] Level 1:colcon.colcon_core.package_identification:_identify(src/soarm_controller) by extensions ['ros']
[0.370s] Level 1:colcon.colcon_core.package_identification:_identify(src/soarm_controller) by extension 'ros'
[0.374s] DEBUG:colcon.colcon_core.package_identification:Package 'src/soarm_controller' with type 'ros.ament_cmake' and name 'soarm_controller'
[0.374s] Level 1:colcon.colcon_core.package_identification:_identify(src/soarm_description) by extensions ['ignore', 'ignore_ament_install']
[0.374s] Level 1:colcon.colcon_core.package_identification:_identify(src/soarm_description) by extension 'ignore'
[0.374s] Level 1:colcon.colcon_core.package_identification:_identify(src/soarm_description) by extension 'ignore_ament_install'
[0.374s] Level 1:colcon.colcon_core.package_identification:_identify(src/soarm_description) by extensions ['colcon_pkg']
[0.374s] Level 1:colcon.colcon_core.package_identification:_identify(src/soarm_description) by extension 'colcon_pkg'
[0.375s] Level 1:colcon.colcon_core.package_identification:_identify(src/soarm_description) by extensions ['colcon_meta']
[0.375s] Level 1:colcon.colcon_core.package_identification:_identify(src/soarm_description) by extension 'colcon_meta'
[0.375s] Level 1:colcon.colcon_core.package_identification:_identify(src/soarm_description) by extensions ['ros']
[0.375s] Level 1:colcon.colcon_core.package_identification:_identify(src/soarm_description) by extension 'ros'
[0.375s] DEBUG:colcon.colcon_core.package_identification:Package 'src/soarm_description' with type 'ros.ament_cmake' and name 'soarm_description'
[0.376s] Level 1:colcon.colcon_core.package_identification:_identify(src/soarm_scripts) by extensions ['ignore', 'ignore_ament_install']
[0.376s] Level 1:colcon.colcon_core.package_identification:_identify(src/soarm_scripts) by extension 'ignore'
[0.376s] Level 1:colcon.colcon_core.package_identification:_identify(src/soarm_scripts) by extension 'ignore_ament_install'
[0.376s] Level 1:colcon.colcon_core.package_identification:_identify(src/soarm_scripts) by extensions ['colcon_pkg']
[0.376s] Level 1:colcon.colcon_core.package_identification:_identify(src/soarm_scripts) by extension 'colcon_pkg'
[0.376s] Level 1:colcon.colcon_core.package_identification:_identify(src/soarm_scripts) by extensions ['colcon_meta']
[0.376s] Level 1:colcon.colcon_core.package_identification:_identify(src/soarm_scripts) by extension 'colcon_meta'
[0.376s] Level 1:colcon.colcon_core.package_identification:_identify(src/soarm_scripts) by extensions ['ros']
[0.376s] Level 1:colcon.colcon_core.package_identification:_identify(src/soarm_scripts) by extension 'ros'
[0.377s] DEBUG:colcon.colcon_core.package_identification:Package 'src/soarm_scripts' with type 'ros.ament_cmake' and name 'soarm_scripts'
[0.377s] Level 1:colcon.colcon_core.package_discovery:discover_packages(recursive) using defaults
[0.377s] Level 1:colcon.colcon_core.package_discovery:discover_packages(ignore) discover
[0.377s] Level 1:colcon.colcon_core.package_discovery:discover_packages(ignore) using defaults
[0.377s] Level 1:colcon.colcon_core.package_discovery:discover_packages(path) discover
[0.377s] Level 1:colcon.colcon_core.package_discovery:discover_packages(path) using defaults
[0.410s] Level 1:colcon.colcon_core.package_discovery:discover_packages(prefix_path) check parameters
[0.410s] Level 1:colcon.colcon_core.package_discovery:discover_packages(prefix_path) discover
[0.412s] DEBUG:colcon.colcon_installed_package_information.package_discovery:Found 3 installed packages in /home/yundali/Arm_Project_WS/install
[0.415s] DEBUG:colcon.colcon_installed_package_information.package_discovery:Found 400 installed packages in /opt/ros/humble
[0.417s] Level 1:colcon.colcon_core.package_discovery:discover_packages(prefix_path) using defaults
[0.476s] Level 5:colcon.colcon_core.verb:set package 'soarm_controller' build argument 'cmake_args' from command line to 'None'
[0.476s] Level 5:colcon.colcon_core.verb:set package 'soarm_controller' build argument 'cmake_target' from command line to 'None'
[0.476s] Level 5:colcon.colcon_core.verb:set package 'soarm_controller' build argument 'cmake_target_skip_unavailable' from command line to 'False'
[0.476s] Level 5:colcon.colcon_core.verb:set package 'soarm_controller' build argument 'cmake_clean_cache' from command line to 'False'
[0.476s] Level 5:colcon.colcon_core.verb:set package 'soarm_controller' build argument 'cmake_clean_first' from command line to 'False'
[0.476s] Level 5:colcon.colcon_core.verb:set package 'soarm_controller' build argument 'cmake_force_configure' from command line to 'False'
[0.476s] Level 5:colcon.colcon_core.verb:set package 'soarm_controller' build argument 'ament_cmake_args' from command line to 'None'
[0.476s] Level 5:colcon.colcon_core.verb:set package 'soarm_controller' build argument 'catkin_cmake_args' from command line to 'None'
[0.476s] Level 5:colcon.colcon_core.verb:set package 'soarm_controller' build argument 'catkin_skip_building_tests' from command line to 'False'
[0.476s] DEBUG:colcon.colcon_core.verb:Building package 'soarm_controller' with the following arguments: {'ament_cmake_args': None, 'build_base': '/home/yundali/Arm_Project_WS/build/soarm_controller', 'catkin_cmake_args': None, 'catkin_skip_building_tests': False, 'cmake_args': None, 'cmake_clean_cache': False, 'cmake_clean_first': False, 'cmake_force_configure': False, 'cmake_target': None, 'cmake_target_skip_unavailable': False, 'install_base': '/home/yundali/Arm_Project_WS/install/soarm_controller', 'merge_install': False, 'path': '/home/yundali/Arm_Project_WS/src/soarm_controller', 'symlink_install': False, 'test_result_base': None}
[0.476s] Level 5:colcon.colcon_core.verb:set package 'soarm_description' build argument 'cmake_args' from command line to 'None'
[0.476s] Level 5:colcon.colcon_core.verb:set package 'soarm_description' build argument 'cmake_target' from command line to 'None'
[0.477s] Level 5:colcon.colcon_core.verb:set package 'soarm_description' build argument 'cmake_target_skip_unavailable' from command line to 'False'
[0.477s] Level 5:colcon.colcon_core.verb:set package 'soarm_description' build argument 'cmake_clean_cache' from command line to 'False'
[0.477s] Level 5:colcon.colcon_core.verb:set package 'soarm_description' build argument 'cmake_clean_first' from command line to 'False'
[0.477s] Level 5:colcon.colcon_core.verb:set package 'soarm_description' build argument 'cmake_force_configure' from command line to 'False'
[0.477s] Level 5:colcon.colcon_core.verb:set package 'soarm_description' build argument 'ament_cmake_args' from command line to 'None'
[0.477s] Level 5:colcon.colcon_core.verb:set package 'soarm_description' build argument 'catkin_cmake_args' from command line to 'None'
[0.477s] Level 5:colcon.colcon_core.verb:set package 'soarm_description' build argument 'catkin_skip_building_tests' from command line to 'False'
[0.477s] DEBUG:colcon.colcon_core.verb:Building package 'soarm_description' with the following arguments: {'ament_cmake_args': None, 'build_base': '/home/yundali/Arm_Project_WS/build/soarm_description', 'catkin_cmake_args': None, 'catkin_skip_building_tests': False, 'cmake_args': None, 'cmake_clean_cache': False, 'cmake_clean_first': False, 'cmake_force_configure': False, 'cmake_target': None, 'cmake_target_skip_unavailable': False, 'install_base': '/home/yundali/Arm_Project_WS/install/soarm_description', 'merge_install': False, 'path': '/home/yundali/Arm_Project_WS/src/soarm_description', 'symlink_install': False, 'test_result_base': None}
[0.477s] Level 5:colcon.colcon_core.verb:set package 'soarm_scripts' build argument 'cmake_args' from command line to 'None'
[0.477s] Level 5:colcon.colcon_core.verb:set package 'soarm_scripts' build argument 'cmake_target' from command line to 'None'
[0.477s] Level 5:colcon.colcon_core.verb:set package 'soarm_scripts' build argument 'cmake_target_skip_unavailable' from command line to 'False'
[0.477s] Level 5:colcon.colcon_core.verb:set package 'soarm_scripts' build argument 'cmake_clean_cache' from command line to 'False'
[0.477s] Level 5:colcon.colcon_core.verb:set package 'soarm_scripts' build argument 'cmake_clean_first' from command line to 'False'
[0.477s] Level 5:colcon.colcon_core.verb:set package 'soarm_scripts' build argument 'cmake_force_configure' from command line to 'False'
[0.477s] Level 5:colcon.colcon_core.verb:set package 'soarm_scripts' build argument 'ament_cmake_args' from command line to 'None'
[0.477s] Level 5:colcon.colcon_core.verb:set package 'soarm_scripts' build argument 'catkin_cmake_args' from command line to 'None'
[0.477s] Level 5:colcon.colcon_core.verb:set package 'soarm_scripts' build argument 'catkin_skip_building_tests' from command line to 'False'
[0.477s] DEBUG:colcon.colcon_core.verb:Building package 'soarm_scripts' with the following arguments: {'ament_cmake_args': None, 'build_base': '/home/yundali/Arm_Project_WS/build/soarm_scripts', 'catkin_cmake_args': None, 'catkin_skip_building_tests': False, 'cmake_args': None, 'cmake_clean_cache': False, 'cmake_clean_first': False, 'cmake_force_configure': False, 'cmake_target': None, 'cmake_target_skip_unavailable': False, 'install_base': '/home/yundali/Arm_Project_WS/install/soarm_scripts', 'merge_install': False, 'path': '/home/yundali/Arm_Project_WS/src/soarm_scripts', 'symlink_install': False, 'test_result_base': None}
[0.478s] INFO:colcon.colcon_core.executor:Executing jobs using 'parallel' executor
[0.479s] DEBUG:colcon.colcon_parallel_executor.executor.parallel:run_until_complete
[0.480s] INFO:colcon.colcon_ros.task.ament_cmake.build:Building ROS package in '/home/yundali/Arm_Project_WS/src/soarm_controller' with build type 'ament_cmake'
[0.480s] INFO:colcon.colcon_cmake.task.cmake.build:Building CMake package in '/home/yundali/Arm_Project_WS/src/soarm_controller'
[0.482s] INFO:colcon.colcon_core.plugin_system:Skipping extension 'colcon_core.shell.bat': Not used on non-Windows systems
[0.482s] INFO:colcon.colcon_core.shell:Skip shell extension 'powershell' for command environment: Not usable outside of PowerShell
[0.482s] DEBUG:colcon.colcon_core.shell:Skip shell extension 'dsv' for command environment
[0.487s] INFO:colcon.colcon_ros.task.ament_cmake.build:Building ROS package in '/home/yundali/Arm_Project_WS/src/soarm_description' with build type 'ament_cmake'
[0.488s] INFO:colcon.colcon_cmake.task.cmake.build:Building CMake package in '/home/yundali/Arm_Project_WS/src/soarm_description'
[0.488s] INFO:colcon.colcon_core.shell:Skip shell extension 'powershell' for command environment: Not usable outside of PowerShell
[0.488s] DEBUG:colcon.colcon_core.shell:Skip shell extension 'dsv' for command environment
[0.493s] INFO:colcon.colcon_ros.task.ament_cmake.build:Building ROS package in '/home/yundali/Arm_Project_WS/src/soarm_scripts' with build type 'ament_cmake'
[0.493s] INFO:colcon.colcon_cmake.task.cmake.build:Building CMake package in '/home/yundali/Arm_Project_WS/src/soarm_scripts'
[0.494s] INFO:colcon.colcon_core.shell:Skip shell extension 'powershell' for command environment: Not usable outside of PowerShell
[0.494s] DEBUG:colcon.colcon_core.shell:Skip shell extension 'dsv' for command environment
[0.505s] DEBUG:colcon.colcon_core.event_handler.log_command:Invoking command in '/home/yundali/Arm_Project_WS/build/soarm_controller': CMAKE_PREFIX_PATH=${CMAKE_PREFIX_PATH}:/opt/ros/humble /usr/bin/cmake --build /home/yundali/Arm_Project_WS/build/soarm_controller -- -j8 -l8
[0.508s] DEBUG:colcon.colcon_core.event_handler.log_command:Invoking command in '/home/yundali/Arm_Project_WS/build/soarm_description': CMAKE_PREFIX_PATH=${CMAKE_PREFIX_PATH}:/opt/ros/humble /usr/bin/cmake --build /home/yundali/Arm_Project_WS/build/soarm_description -- -j8 -l8
[0.514s] DEBUG:colcon.colcon_core.event_handler.log_command:Invoking command in '/home/yundali/Arm_Project_WS/build/soarm_scripts': CMAKE_PREFIX_PATH=${CMAKE_PREFIX_PATH}:/opt/ros/humble /usr/bin/cmake --build /home/yundali/Arm_Project_WS/build/soarm_scripts -- -j8 -l8
[0.552s] DEBUG:colcon.colcon_core.event_handler.log_command:Invoked command in '/home/yundali/Arm_Project_WS/build/soarm_controller' returned '0': CMAKE_PREFIX_PATH=${CMAKE_PREFIX_PATH}:/opt/ros/humble /usr/bin/cmake --build /home/yundali/Arm_Project_WS/build/soarm_controller -- -j8 -l8
[0.565s] DEBUG:colcon.colcon_core.event_handler.log_command:Invoking command in '/home/yundali/Arm_Project_WS/build/soarm_controller': CMAKE_PREFIX_PATH=${CMAKE_PREFIX_PATH}:/opt/ros/humble /usr/bin/cmake --install /home/yundali/Arm_Project_WS/build/soarm_controller
[0.567s] DEBUG:colcon.colcon_core.event_handler.log_command:Invoked command in '/home/yundali/Arm_Project_WS/build/soarm_description' returned '0': CMAKE_PREFIX_PATH=${CMAKE_PREFIX_PATH}:/opt/ros/humble /usr/bin/cmake --build /home/yundali/Arm_Project_WS/build/soarm_description -- -j8 -l8
[0.570s] DEBUG:colcon.colcon_core.event_handler.log_command:Invoking command in '/home/yundali/Arm_Project_WS/build/soarm_description': CMAKE_PREFIX_PATH=${CMAKE_PREFIX_PATH}:/opt/ros/humble /usr/bin/cmake --install /home/yundali/Arm_Project_WS/build/soarm_description
[0.571s] DEBUG:colcon.colcon_core.event_handler.log_command:Invoked command in '/home/yundali/Arm_Project_WS/build/soarm_scripts' returned '0': CMAKE_PREFIX_PATH=${CMAKE_PREFIX_PATH}:/opt/ros/humble /usr/bin/cmake --build /home/yundali/Arm_Project_WS/build/soarm_scripts -- -j8 -l8
[0.573s] DEBUG:colcon.colcon_core.event_handler.log_command:Invoking command in '/home/yundali/Arm_Project_WS/build/soarm_scripts': CMAKE_PREFIX_PATH=${CMAKE_PREFIX_PATH}:/opt/ros/humble /usr/bin/cmake --install /home/yundali/Arm_Project_WS/build/soarm_scripts
[0.586s] Level 1:colcon.colcon_core.environment:create_environment_scripts_only(soarm_description)
[0.589s] DEBUG:colcon.colcon_core.event_handler.log_command:Invoked command in '/home/yundali/Arm_Project_WS/build/soarm_description' returned '0': CMAKE_PREFIX_PATH=${CMAKE_PREFIX_PATH}:/opt/ros/humble /usr/bin/cmake --install /home/yundali/Arm_Project_WS/build/soarm_description
[0.593s] Level 1:colcon.colcon_core.environment:checking '/home/yundali/Arm_Project_WS/install/soarm_description' for CMake module files
[0.595s] Level 1:colcon.colcon_core.environment:checking '/home/yundali/Arm_Project_WS/install/soarm_description' for CMake config files
[0.595s] Level 1:colcon.colcon_core.shell:create_environment_hook('soarm_description', 'cmake_prefix_path')
[0.596s] INFO:colcon.colcon_core.shell:Creating environment hook '/home/yundali/Arm_Project_WS/install/soarm_description/share/soarm_description/hook/cmake_prefix_path.ps1'
[0.597s] INFO:colcon.colcon_core.shell:Creating environment descriptor '/home/yundali/Arm_Project_WS/install/soarm_description/share/soarm_description/hook/cmake_prefix_path.dsv'
[0.598s] INFO:colcon.colcon_core.shell:Creating environment hook '/home/yundali/Arm_Project_WS/install/soarm_description/share/soarm_description/hook/cmake_prefix_path.sh'
[0.599s] Level 1:colcon.colcon_core.environment:checking '/home/yundali/Arm_Project_WS/install/soarm_description/bin'
[0.600s] Level 1:colcon.colcon_core.environment:checking '/home/yundali/Arm_Project_WS/install/soarm_description/lib/pkgconfig/soarm_description.pc'
[0.600s] Level 1:colcon.colcon_core.environment:checking '/home/yundali/Arm_Project_WS/install/soarm_description/lib/python3.10/site-packages'
[0.601s] Level 1:colcon.colcon_core.environment:checking '/home/yundali/Arm_Project_WS/install/soarm_description/bin'
[0.601s] INFO:colcon.colcon_core.shell:Creating package script '/home/yundali/Arm_Project_WS/install/soarm_description/share/soarm_description/package.ps1'
[0.603s] INFO:colcon.colcon_core.shell:Creating package descriptor '/home/yundali/Arm_Project_WS/install/soarm_description/share/soarm_description/package.dsv'
[0.605s] INFO:colcon.colcon_core.shell:Creating package script '/home/yundali/Arm_Project_WS/install/soarm_description/share/soarm_description/package.sh'
[0.606s] INFO:colcon.colcon_core.shell:Creating package script '/home/yundali/Arm_Project_WS/install/soarm_description/share/soarm_description/package.bash'
[0.608s] INFO:colcon.colcon_core.shell:Creating package script '/home/yundali/Arm_Project_WS/install/soarm_description/share/soarm_description/package.zsh'
[0.609s] Level 1:colcon.colcon_core.environment:create_file_with_runtime_dependencies(/home/yundali/Arm_Project_WS/install/soarm_description/share/colcon-core/packages/soarm_description)
[0.611s] Level 1:colcon.colcon_core.environment:create_environment_scripts_only(soarm_description)
[0.612s] Level 1:colcon.colcon_core.environment:checking '/home/yundali/Arm_Project_WS/install/soarm_description' for CMake module files
[0.612s] Level 1:colcon.colcon_core.environment:checking '/home/yundali/Arm_Project_WS/install/soarm_description' for CMake config files
[0.613s] Level 1:colcon.colcon_core.shell:create_environment_hook('soarm_description', 'cmake_prefix_path')
[0.613s] INFO:colcon.colcon_core.shell:Creating environment hook '/home/yundali/Arm_Project_WS/install/soarm_description/share/soarm_description/hook/cmake_prefix_path.ps1'
[0.614s] INFO:colcon.colcon_core.shell:Creating environment descriptor '/home/yundali/Arm_Project_WS/install/soarm_description/share/soarm_description/hook/cmake_prefix_path.dsv'
[0.615s] INFO:colcon.colcon_core.shell:Creating environment hook '/home/yundali/Arm_Project_WS/install/soarm_description/share/soarm_description/hook/cmake_prefix_path.sh'
[0.616s] Level 1:colcon.colcon_core.environment:checking '/home/yundali/Arm_Project_WS/install/soarm_description/bin'
[0.616s] Level 1:colcon.colcon_core.environment:checking '/home/yundali/Arm_Project_WS/install/soarm_description/lib/pkgconfig/soarm_description.pc'
[0.617s] Level 1:colcon.colcon_core.environment:checking '/home/yundali/Arm_Project_WS/install/soarm_description/lib/python3.10/site-packages'
[0.617s] Level 1:colcon.colcon_core.environment:checking '/home/yundali/Arm_Project_WS/install/soarm_description/bin'
[0.618s] INFO:colcon.colcon_core.shell:Creating package script '/home/yundali/Arm_Project_WS/install/soarm_description/share/soarm_description/package.ps1'
[0.619s] INFO:colcon.colcon_core.shell:Creating package descriptor '/home/yundali/Arm_Project_WS/install/soarm_description/share/soarm_description/package.dsv'
[0.620s] INFO:colcon.colcon_core.shell:Creating package script '/home/yundali/Arm_Project_WS/install/soarm_description/share/soarm_description/package.sh'
[0.621s] INFO:colcon.colcon_core.shell:Creating package script '/home/yundali/Arm_Project_WS/install/soarm_description/share/soarm_description/package.bash'
[0.621s] INFO:colcon.colcon_core.shell:Creating package script '/home/yundali/Arm_Project_WS/install/soarm_description/share/soarm_description/package.zsh'
[0.622s] Level 1:colcon.colcon_core.environment:create_file_with_runtime_dependencies(/home/yundali/Arm_Project_WS/install/soarm_description/share/colcon-core/packages/soarm_description)
[0.624s] Level 1:colcon.colcon_core.environment:create_environment_scripts_only(soarm_controller)
[0.625s] Level 1:colcon.colcon_core.environment:checking '/home/yundali/Arm_Project_WS/install/soarm_controller' for CMake module files
[0.626s] DEBUG:colcon.colcon_core.event_handler.log_command:Invoked command in '/home/yundali/Arm_Project_WS/build/soarm_controller' returned '0': CMAKE_PREFIX_PATH=${CMAKE_PREFIX_PATH}:/opt/ros/humble /usr/bin/cmake --install /home/yundali/Arm_Project_WS/build/soarm_controller
[0.626s] Level 1:colcon.colcon_core.environment:checking '/home/yundali/Arm_Project_WS/install/soarm_controller' for CMake config files
[0.627s] Level 1:colcon.colcon_core.shell:create_environment_hook('soarm_controller', 'cmake_prefix_path')
[0.627s] INFO:colcon.colcon_core.shell:Creating environment hook '/home/yundali/Arm_Project_WS/install/soarm_controller/share/soarm_controller/hook/cmake_prefix_path.ps1'
[0.628s] INFO:colcon.colcon_core.shell:Creating environment descriptor '/home/yundali/Arm_Project_WS/install/soarm_controller/share/soarm_controller/hook/cmake_prefix_path.dsv'
[0.628s] INFO:colcon.colcon_core.shell:Creating environment hook '/home/yundali/Arm_Project_WS/install/soarm_controller/share/soarm_controller/hook/cmake_prefix_path.sh'
[0.629s] Level 1:colcon.colcon_core.environment:checking '/home/yundali/Arm_Project_WS/install/soarm_controller/bin'
[0.629s] Level 1:colcon.colcon_core.environment:checking '/home/yundali/Arm_Project_WS/install/soarm_controller/lib/pkgconfig/soarm_controller.pc'
[0.630s] Level 1:colcon.colcon_core.environment:checking '/home/yundali/Arm_Project_WS/install/soarm_controller/lib/python3.10/site-packages'
[0.630s] Level 1:colcon.colcon_core.environment:checking '/home/yundali/Arm_Project_WS/install/soarm_controller/bin'
[0.630s] INFO:colcon.colcon_core.shell:Creating package script '/home/yundali/Arm_Project_WS/install/soarm_controller/share/soarm_controller/package.ps1'
[0.631s] INFO:colcon.colcon_core.shell:Creating package descriptor '/home/yundali/Arm_Project_WS/install/soarm_controller/share/soarm_controller/package.dsv'
[0.632s] INFO:colcon.colcon_core.shell:Creating package script '/home/yundali/Arm_Project_WS/install/soarm_controller/share/soarm_controller/package.sh'
[0.632s] INFO:colcon.colcon_core.shell:Creating package script '/home/yundali/Arm_Project_WS/install/soarm_controller/share/soarm_controller/package.bash'
[0.633s] INFO:colcon.colcon_core.shell:Creating package script '/home/yundali/Arm_Project_WS/install/soarm_controller/share/soarm_controller/package.zsh'
[0.633s] Level 1:colcon.colcon_core.environment:create_file_with_runtime_dependencies(/home/yundali/Arm_Project_WS/install/soarm_controller/share/colcon-core/packages/soarm_controller)
[0.634s] Level 1:colcon.colcon_core.environment:create_environment_scripts_only(soarm_controller)
[0.634s] Level 1:colcon.colcon_core.environment:checking '/home/yundali/Arm_Project_WS/install/soarm_controller' for CMake module files
[0.634s] Level 1:colcon.colcon_core.environment:checking '/home/yundali/Arm_Project_WS/install/soarm_controller' for CMake config files
[0.635s] Level 1:colcon.colcon_core.shell:create_environment_hook('soarm_controller', 'cmake_prefix_path')
[0.635s] INFO:colcon.colcon_core.shell:Creating environment hook '/home/yundali/Arm_Project_WS/install/soarm_controller/share/soarm_controller/hook/cmake_prefix_path.ps1'
[0.636s] INFO:colcon.colcon_core.shell:Creating environment descriptor '/home/yundali/Arm_Project_WS/install/soarm_controller/share/soarm_controller/hook/cmake_prefix_path.dsv'
[0.636s] INFO:colcon.colcon_core.shell:Creating environment hook '/home/yundali/Arm_Project_WS/install/soarm_controller/share/soarm_controller/hook/cmake_prefix_path.sh'
[0.637s] Level 1:colcon.colcon_core.environment:checking '/home/yundali/Arm_Project_WS/install/soarm_controller/bin'
[0.637s] Level 1:colcon.colcon_core.environment:checking '/home/yundali/Arm_Project_WS/install/soarm_controller/lib/pkgconfig/soarm_controller.pc'
[0.637s] Level 1:colcon.colcon_core.environment:checking '/home/yundali/Arm_Project_WS/install/soarm_controller/lib/python3.10/site-packages'
[0.637s] Level 1:colcon.colcon_core.environment:checking '/home/yundali/Arm_Project_WS/install/soarm_controller/bin'
[0.638s] INFO:colcon.colcon_core.shell:Creating package script '/home/yundali/Arm_Project_WS/install/soarm_controller/share/soarm_controller/package.ps1'
[0.639s] INFO:colcon.colcon_core.shell:Creating package descriptor '/home/yundali/Arm_Project_WS/install/soarm_controller/share/soarm_controller/package.dsv'
[0.639s] INFO:colcon.colcon_core.shell:Creating package script '/home/yundali/Arm_Project_WS/install/soarm_controller/share/soarm_controller/package.sh'
[0.640s] INFO:colcon.colcon_core.shell:Creating package script '/home/yundali/Arm_Project_WS/install/soarm_controller/share/soarm_controller/package.bash'
[0.641s] INFO:colcon.colcon_core.shell:Creating package script '/home/yundali/Arm_Project_WS/install/soarm_controller/share/soarm_controller/package.zsh'
[0.641s] Level 1:colcon.colcon_core.environment:create_file_with_runtime_dependencies(/home/yundali/Arm_Project_WS/install/soarm_controller/share/colcon-core/packages/soarm_controller)
[0.642s] Level 1:colcon.colcon_core.environment:create_environment_scripts_only(soarm_scripts)
[0.643s] Level 1:colcon.colcon_core.environment:checking '/home/yundali/Arm_Project_WS/install/soarm_scripts' for CMake module files
[0.644s] DEBUG:colcon.colcon_core.event_handler.log_command:Invoked command in '/home/yundali/Arm_Project_WS/build/soarm_scripts' returned '0': CMAKE_PREFIX_PATH=${CMAKE_PREFIX_PATH}:/opt/ros/humble /usr/bin/cmake --install /home/yundali/Arm_Project_WS/build/soarm_scripts
[0.645s] Level 1:colcon.colcon_core.environment:checking '/home/yundali/Arm_Project_WS/install/soarm_scripts' for CMake config files
[0.645s] Level 1:colcon.colcon_core.shell:create_environment_hook('soarm_scripts', 'cmake_prefix_path')
[0.645s] INFO:colcon.colcon_core.shell:Creating environment hook '/home/yundali/Arm_Project_WS/install/soarm_scripts/share/soarm_scripts/hook/cmake_prefix_path.ps1'
[0.646s] INFO:colcon.colcon_core.shell:Creating environment descriptor '/home/yundali/Arm_Project_WS/install/soarm_scripts/share/soarm_scripts/hook/cmake_prefix_path.dsv'
[0.646s] INFO:colcon.colcon_core.shell:Creating environment hook '/home/yundali/Arm_Project_WS/install/soarm_scripts/share/soarm_scripts/hook/cmake_prefix_path.sh'
[0.647s] Level 1:colcon.colcon_core.environment:checking '/home/yundali/Arm_Project_WS/install/soarm_scripts/bin'
[0.647s] Level 1:colcon.colcon_core.environment:checking '/home/yundali/Arm_Project_WS/install/soarm_scripts/lib/pkgconfig/soarm_scripts.pc'
[0.647s] Level 1:colcon.colcon_core.environment:checking '/home/yundali/Arm_Project_WS/install/soarm_scripts/lib/python3.10/site-packages'
[0.647s] Level 1:colcon.colcon_core.environment:checking '/home/yundali/Arm_Project_WS/install/soarm_scripts/bin'
[0.648s] INFO:colcon.colcon_core.shell:Creating package script '/home/yundali/Arm_Project_WS/install/soarm_scripts/share/soarm_scripts/package.ps1'
[0.648s] INFO:colcon.colcon_core.shell:Creating package descriptor '/home/yundali/Arm_Project_WS/install/soarm_scripts/share/soarm_scripts/package.dsv'
[0.649s] INFO:colcon.colcon_core.shell:Creating package script '/home/yundali/Arm_Project_WS/install/soarm_scripts/share/soarm_scripts/package.sh'
[0.649s] INFO:colcon.colcon_core.shell:Creating package script '/home/yundali/Arm_Project_WS/install/soarm_scripts/share/soarm_scripts/package.bash'
[0.650s] INFO:colcon.colcon_core.shell:Creating package script '/home/yundali/Arm_Project_WS/install/soarm_scripts/share/soarm_scripts/package.zsh'
[0.650s] Level 1:colcon.colcon_core.environment:create_file_with_runtime_dependencies(/home/yundali/Arm_Project_WS/install/soarm_scripts/share/colcon-core/packages/soarm_scripts)
[0.650s] Level 1:colcon.colcon_core.environment:create_environment_scripts_only(soarm_scripts)
[0.651s] Level 1:colcon.colcon_core.environment:checking '/home/yundali/Arm_Project_WS/install/soarm_scripts' for CMake module files
[0.651s] Level 1:colcon.colcon_core.environment:checking '/home/yundali/Arm_Project_WS/install/soarm_scripts' for CMake config files
[0.651s] Level 1:colcon.colcon_core.shell:create_environment_hook('soarm_scripts', 'cmake_prefix_path')
[0.652s] INFO:colcon.colcon_core.shell:Creating environment hook '/home/yundali/Arm_Project_WS/install/soarm_scripts/share/soarm_scripts/hook/cmake_prefix_path.ps1'
[0.652s] INFO:colcon.colcon_core.shell:Creating environment descriptor '/home/yundali/Arm_Project_WS/install/soarm_scripts/share/soarm_scripts/hook/cmake_prefix_path.dsv'
[0.653s] INFO:colcon.colcon_core.shell:Creating environment hook '/home/yundali/Arm_Project_WS/install/soarm_scripts/share/soarm_scripts/hook/cmake_prefix_path.sh'
[0.653s] Level 1:colcon.colcon_core.environment:checking '/home/yundali/Arm_Project_WS/install/soarm_scripts/bin'
[0.653s] Level 1:colcon.colcon_core.environment:checking '/home/yundali/Arm_Project_WS/install/soarm_scripts/lib/pkgconfig/soarm_scripts.pc'
[0.653s] Level 1:colcon.colcon_core.environment:checking '/home/yundali/Arm_Project_WS/install/soarm_scripts/lib/python3.10/site-packages'
[0.654s] Level 1:colcon.colcon_core.environment:checking '/home/yundali/Arm_Project_WS/install/soarm_scripts/bin'
[0.654s] INFO:colcon.colcon_core.shell:Creating package script '/home/yundali/Arm_Project_WS/install/soarm_scripts/share/soarm_scripts/package.ps1'
[0.655s] INFO:colcon.colcon_core.shell:Creating package descriptor '/home/yundali/Arm_Project_WS/install/soarm_scripts/share/soarm_scripts/package.dsv'
[0.656s] INFO:colcon.colcon_core.shell:Creating package script '/home/yundali/Arm_Project_WS/install/soarm_scripts/share/soarm_scripts/package.sh'
[0.656s] INFO:colcon.colcon_core.shell:Creating package script '/home/yundali/Arm_Project_WS/install/soarm_scripts/share/soarm_scripts/package.bash'
[0.657s] INFO:colcon.colcon_core.shell:Creating package script '/home/yundali/Arm_Project_WS/install/soarm_scripts/share/soarm_scripts/package.zsh'
[0.657s] Level 1:colcon.colcon_core.environment:create_file_with_runtime_dependencies(/home/yundali/Arm_Project_WS/install/soarm_scripts/share/colcon-core/packages/soarm_scripts)
[0.658s] DEBUG:colcon.colcon_parallel_executor.executor.parallel:closing loop
[0.658s] DEBUG:colcon.colcon_parallel_executor.executor.parallel:loop closed
[0.658s] DEBUG:colcon.colcon_parallel_executor.executor.parallel:run_until_complete finished with '0'
[0.658s] DEBUG:colcon.colcon_core.event_reactor:joining thread
[0.664s] INFO:colcon.colcon_core.plugin_system:Skipping extension 'colcon_notification.desktop_notification.terminal_notifier': Not used on non-Darwin systems
[0.664s] INFO:colcon.colcon_core.plugin_system:Skipping extension 'colcon_notification.desktop_notification.win32': Not used on non-Windows systems
[0.664s] INFO:colcon.colcon_notification.desktop_notification:Sending desktop notification using 'notify2'
[0.676s] DEBUG:colcon.colcon_core.event_reactor:joined thread
[0.677s] INFO:colcon.colcon_core.shell:Creating prefix script '/home/yundali/Arm_Project_WS/install/local_setup.ps1'
[0.679s] INFO:colcon.colcon_core.shell:Creating prefix util module '/home/yundali/Arm_Project_WS/install/_local_setup_util_ps1.py'
[0.682s] INFO:colcon.colcon_core.shell:Creating prefix chain script '/home/yundali/Arm_Project_WS/install/setup.ps1'
[0.684s] INFO:colcon.colcon_core.shell:Creating prefix script '/home/yundali/Arm_Project_WS/install/local_setup.sh'
[0.684s] INFO:colcon.colcon_core.shell:Creating prefix util module '/home/yundali/Arm_Project_WS/install/_local_setup_util_sh.py'
[0.685s] INFO:colcon.colcon_core.shell:Creating prefix chain script '/home/yundali/Arm_Project_WS/install/setup.sh'
[0.687s] INFO:colcon.colcon_core.shell:Creating prefix script '/home/yundali/Arm_Project_WS/install/local_setup.bash'
[0.687s] INFO:colcon.colcon_core.shell:Creating prefix chain script '/home/yundali/Arm_Project_WS/install/setup.bash'
[0.689s] INFO:colcon.colcon_core.shell:Creating prefix script '/home/yundali/Arm_Project_WS/install/local_setup.zsh'
[0.690s] INFO:colcon.colcon_core.shell:Creating prefix chain script '/home/yundali/Arm_Project_WS/install/setup.zsh'
