[0.023s] Invoking command in '/home/yundali/Arm_Project_WS/build/soarm_controller': CMAKE_PREFIX_PATH=${CMAKE_PREFIX_PATH}:/opt/ros/humble /usr/bin/cmake /home/yundali/Arm_Project_WS/src/soarm_controller -DCMAKE_INSTALL_PREFIX=/home/yundali/Arm_Project_WS/install/soarm_controller
[0.041s] -- Found ament_cmake: 1.3.13 (/opt/ros/humble/share/ament_cmake/cmake)
[0.190s] -- Override CMake install command with custom implementation using symlinks instead of copying resources
[0.204s] -- Found ament_lint_auto: 0.12.15 (/opt/ros/humble/share/ament_lint_auto/cmake)
[0.297s] -- Added test 'lint_cmake' to check CMake code style
[0.299s] -- Added test 'xmllint' to check XML markup files
[0.301s] -- Configuring done
[0.306s] -- Generating done
[0.309s] -- Build files have been written to: /home/yundali/Arm_Project_WS/build/soarm_controller
[0.314s] Invoked command in '/home/yundali/Arm_Project_WS/build/soarm_controller' returned '0': CMAKE_PREFIX_PATH=${CMAKE_PREFIX_PATH}:/opt/ros/humble /usr/bin/cmake /home/yundali/Arm_Project_WS/src/soarm_controller -DCMAKE_INSTALL_PREFIX=/home/yundali/Arm_Project_WS/install/soarm_controller
[0.316s] Invoking command in '/home/yundali/Arm_Project_WS/build/soarm_controller': CMAKE_PREFIX_PATH=${CMAKE_PREFIX_PATH}:/opt/ros/humble /usr/bin/cmake --build /home/yundali/Arm_Project_WS/build/soarm_controller -- -j8 -l8
[0.374s] Invoked command in '/home/yundali/Arm_Project_WS/build/soarm_controller' returned '0': CMAKE_PREFIX_PATH=${CMAKE_PREFIX_PATH}:/opt/ros/humble /usr/bin/cmake --build /home/yundali/Arm_Project_WS/build/soarm_controller -- -j8 -l8
[0.389s] Invoking command in '/home/yundali/Arm_Project_WS/build/soarm_controller': CMAKE_PREFIX_PATH=${CMAKE_PREFIX_PATH}:/opt/ros/humble /usr/bin/cmake --install /home/yundali/Arm_Project_WS/build/soarm_controller
[0.400s] -- Install configuration: ""
[0.401s] -- Execute custom install script
[0.401s] -- Up-to-date symlink: /home/yundali/Arm_Project_WS/install/soarm_controller/share/ament_index/resource_index/package_run_dependencies/soarm_controller
[0.401s] -- Up-to-date symlink: /home/yundali/Arm_Project_WS/install/soarm_controller/share/ament_index/resource_index/parent_prefix_path/soarm_controller
[0.401s] -- Up-to-date symlink: /home/yundali/Arm_Project_WS/install/soarm_controller/share/soarm_controller/environment/ament_prefix_path.sh
[0.402s] -- Up-to-date symlink: /home/yundali/Arm_Project_WS/install/soarm_controller/share/soarm_controller/environment/ament_prefix_path.dsv
[0.402s] -- Up-to-date symlink: /home/yundali/Arm_Project_WS/install/soarm_controller/share/soarm_controller/environment/path.sh
[0.402s] -- Up-to-date symlink: /home/yundali/Arm_Project_WS/install/soarm_controller/share/soarm_controller/environment/path.dsv
[0.402s] -- Up-to-date symlink: /home/yundali/Arm_Project_WS/install/soarm_controller/share/soarm_controller/local_setup.bash
[0.403s] -- Up-to-date symlink: /home/yundali/Arm_Project_WS/install/soarm_controller/share/soarm_controller/local_setup.sh
[0.403s] -- Up-to-date symlink: /home/yundali/Arm_Project_WS/install/soarm_controller/share/soarm_controller/local_setup.zsh
[0.403s] -- Up-to-date symlink: /home/yundali/Arm_Project_WS/install/soarm_controller/share/soarm_controller/local_setup.dsv
[0.403s] -- Symlinking: /home/yundali/Arm_Project_WS/install/soarm_controller/share/soarm_controller/package.dsv
[0.416s] -- Up-to-date symlink: /home/yundali/Arm_Project_WS/install/soarm_controller/share/ament_index/resource_index/packages/soarm_controller
[0.417s] -- Up-to-date symlink: /home/yundali/Arm_Project_WS/install/soarm_controller/share/soarm_controller/cmake/soarm_controllerConfig.cmake
[0.417s] -- Up-to-date symlink: /home/yundali/Arm_Project_WS/install/soarm_controller/share/soarm_controller/cmake/soarm_controllerConfig-version.cmake
[0.417s] -- Up-to-date symlink: /home/yundali/Arm_Project_WS/install/soarm_controller/share/soarm_controller/package.xml
[0.421s] Invoked command in '/home/yundali/Arm_Project_WS/build/soarm_controller' returned '0': CMAKE_PREFIX_PATH=${CMAKE_PREFIX_PATH}:/opt/ros/humble /usr/bin/cmake --install /home/yundali/Arm_Project_WS/build/soarm_controller
