[0.070s] Invoking command in '/home/yundali/Arm_Project_WS/src/build/soarm_controller': CMAKE_PREFIX_PATH=/opt/ros/humble /usr/bin/cmake /home/yundali/Arm_Project_WS/src/soarm_controller -DCMAKE_INSTALL_PREFIX=/home/yundali/Arm_Project_WS/src/install/soarm_controller
[0.719s] -- The C compiler identification is GNU 11.4.0
[1.102s] -- The CXX compiler identification is GNU 11.4.0
[1.198s] -- Detecting C compiler ABI info
[1.417s] -- Detecting C compiler ABI info - done
[1.426s] -- Check for working C compiler: /usr/bin/cc - skipped
[1.426s] -- Detecting C compile features
[1.448s] -- Detecting C compile features - done
[1.457s] -- Detecting CXX compiler ABI info
[1.657s] -- Detecting CXX compiler ABI info - done
[1.674s] -- Check for working CXX compiler: /usr/bin/c++ - skipped
[1.674s] -- Detecting CXX compile features
[1.675s] -- Detecting CXX compile features - done
[1.792s] -- Found ament_cmake: 1.3.13 (/opt/ros/humble/share/ament_cmake/cmake)
[2.076s] -- Found Python3: /usr/bin/python3 (found version "3.10.12") found components: Interpreter 
[2.404s] -- Found ament_lint_auto: 0.12.15 (/opt/ros/humble/share/ament_lint_auto/cmake)
[2.575s] -- Added test 'lint_cmake' to check CMake code style
[2.577s] -- Added test 'xmllint' to check XML markup files
[2.583s] -- Configuring done
[2.589s] -- Generating done
[2.592s] -- Build files have been written to: /home/yundali/Arm_Project_WS/src/build/soarm_controller
[2.603s] Invoked command in '/home/yundali/Arm_Project_WS/src/build/soarm_controller' returned '0': CMAKE_PREFIX_PATH=/opt/ros/humble /usr/bin/cmake /home/yundali/Arm_Project_WS/src/soarm_controller -DCMAKE_INSTALL_PREFIX=/home/yundali/Arm_Project_WS/src/install/soarm_controller
[2.605s] Invoking command in '/home/yundali/Arm_Project_WS/src/build/soarm_controller': CMAKE_PREFIX_PATH=/opt/ros/humble /usr/bin/cmake --build /home/yundali/Arm_Project_WS/src/build/soarm_controller -- -j8 -l8
[2.664s] Invoked command in '/home/yundali/Arm_Project_WS/src/build/soarm_controller' returned '0': CMAKE_PREFIX_PATH=/opt/ros/humble /usr/bin/cmake --build /home/yundali/Arm_Project_WS/src/build/soarm_controller -- -j8 -l8
[2.667s] Invoking command in '/home/yundali/Arm_Project_WS/src/build/soarm_controller': CMAKE_PREFIX_PATH=/opt/ros/humble /usr/bin/cmake --install /home/yundali/Arm_Project_WS/src/build/soarm_controller
[2.679s] -- Install configuration: ""
[2.679s] -- Installing: /home/yundali/Arm_Project_WS/src/install/soarm_controller/share/ament_index/resource_index/package_run_dependencies/soarm_controller
[2.680s] -- Installing: /home/yundali/Arm_Project_WS/src/install/soarm_controller/share/ament_index/resource_index/parent_prefix_path/soarm_controller
[2.680s] -- Installing: /home/yundali/Arm_Project_WS/src/install/soarm_controller/share/soarm_controller/environment/ament_prefix_path.sh
[2.680s] -- Installing: /home/yundali/Arm_Project_WS/src/install/soarm_controller/share/soarm_controller/environment/ament_prefix_path.dsv
[2.680s] -- Installing: /home/yundali/Arm_Project_WS/src/install/soarm_controller/share/soarm_controller/environment/path.sh
[2.681s] -- Installing: /home/yundali/Arm_Project_WS/src/install/soarm_controller/share/soarm_controller/environment/path.dsv
[2.681s] -- Installing: /home/yundali/Arm_Project_WS/src/install/soarm_controller/share/soarm_controller/local_setup.bash
[2.681s] -- Installing: /home/yundali/Arm_Project_WS/src/install/soarm_controller/share/soarm_controller/local_setup.sh
[2.681s] -- Installing: /home/yundali/Arm_Project_WS/src/install/soarm_controller/share/soarm_controller/local_setup.zsh
[2.681s] -- Installing: /home/yundali/Arm_Project_WS/src/install/soarm_controller/share/soarm_controller/local_setup.dsv
[2.681s] -- Installing: /home/yundali/Arm_Project_WS/src/install/soarm_controller/share/soarm_controller/package.dsv
[2.682s] -- Installing: /home/yundali/Arm_Project_WS/src/install/soarm_controller/share/ament_index/resource_index/packages/soarm_controller
[2.682s] -- Installing: /home/yundali/Arm_Project_WS/src/install/soarm_controller/share/soarm_controller/cmake/soarm_controllerConfig.cmake
[2.682s] -- Installing: /home/yundali/Arm_Project_WS/src/install/soarm_controller/share/soarm_controller/cmake/soarm_controllerConfig-version.cmake
[2.682s] -- Installing: /home/yundali/Arm_Project_WS/src/install/soarm_controller/share/soarm_controller/package.xml
[2.794s] Invoked command in '/home/yundali/Arm_Project_WS/src/build/soarm_controller' returned '0': CMAKE_PREFIX_PATH=/opt/ros/humble /usr/bin/cmake --install /home/yundali/Arm_Project_WS/src/build/soarm_controller
