[0.025s] Invoking command in '/home/yundali/Arm_Project_WS/build/soarm_controller': CMAKE_PREFIX_PATH=${CMAKE_PREFIX_PATH}:/opt/ros/humble /usr/bin/cmake /home/yundali/Arm_Project_WS/src/soarm_controller -DAMENT_CMAKE_SYMLINK_INSTALL=1 -DCMAKE_INSTALL_PREFIX=/home/yundali/Arm_Project_WS/install/soarm_controller
[0.043s] -- Found ament_cmake: 1.3.13 (/opt/ros/humble/share/ament_cmake/cmake)
[0.188s] -- Override CMake install command with custom implementation using symlinks instead of copying resources
[0.254s] -- Found ament_lint_auto: 0.12.15 (/opt/ros/humble/share/ament_lint_auto/cmake)
[0.391s] -- Added test 'lint_cmake' to check CMake code style
[0.393s] -- Added test 'xmllint' to check XML markup files
[0.395s] -- Configuring done
[0.402s] -- Generating done
[0.403s] -- Build files have been written to: /home/yundali/Arm_Project_WS/build/soarm_controller
[0.412s] Invoked command in '/home/yundali/Arm_Project_WS/build/soarm_controller' returned '0': CMAKE_PREFIX_PATH=${CMAKE_PREFIX_PATH}:/opt/ros/humble /usr/bin/cmake /home/yundali/Arm_Project_WS/src/soarm_controller -DAMENT_CMAKE_SYMLINK_INSTALL=1 -DCMAKE_INSTALL_PREFIX=/home/yundali/Arm_Project_WS/install/soarm_controller
[0.412s] Invoking command in '/home/yundali/Arm_Project_WS/build/soarm_controller': CMAKE_PREFIX_PATH=${CMAKE_PREFIX_PATH}:/opt/ros/humble /usr/bin/cmake --build /home/yundali/Arm_Project_WS/build/soarm_controller -- -j8 -l8
[0.468s] Invoked command in '/home/yundali/Arm_Project_WS/build/soarm_controller' returned '0': CMAKE_PREFIX_PATH=${CMAKE_PREFIX_PATH}:/opt/ros/humble /usr/bin/cmake --build /home/yundali/Arm_Project_WS/build/soarm_controller -- -j8 -l8
[0.471s] Invoking command in '/home/yundali/Arm_Project_WS/build/soarm_controller': CMAKE_PREFIX_PATH=${CMAKE_PREFIX_PATH}:/opt/ros/humble /usr/bin/cmake --install /home/yundali/Arm_Project_WS/build/soarm_controller
[0.482s] -- Install configuration: ""
[0.483s] -- Execute custom install script
[0.483s] -- Symlinking: /home/yundali/Arm_Project_WS/install/soarm_controller/share/ament_index/resource_index/package_run_dependencies/soarm_controller
[0.495s] -- Symlinking: /home/yundali/Arm_Project_WS/install/soarm_controller/share/ament_index/resource_index/parent_prefix_path/soarm_controller
[0.507s] -- Symlinking: /home/yundali/Arm_Project_WS/install/soarm_controller/share/soarm_controller/environment/ament_prefix_path.sh
[0.518s] -- Symlinking: /home/yundali/Arm_Project_WS/install/soarm_controller/share/soarm_controller/environment/ament_prefix_path.dsv
[0.529s] -- Symlinking: /home/yundali/Arm_Project_WS/install/soarm_controller/share/soarm_controller/environment/path.sh
[0.540s] -- Symlinking: /home/yundali/Arm_Project_WS/install/soarm_controller/share/soarm_controller/environment/path.dsv
[0.551s] -- Symlinking: /home/yundali/Arm_Project_WS/install/soarm_controller/share/soarm_controller/local_setup.bash
[0.563s] -- Symlinking: /home/yundali/Arm_Project_WS/install/soarm_controller/share/soarm_controller/local_setup.sh
[0.574s] -- Symlinking: /home/yundali/Arm_Project_WS/install/soarm_controller/share/soarm_controller/local_setup.zsh
[0.583s] -- Symlinking: /home/yundali/Arm_Project_WS/install/soarm_controller/share/soarm_controller/local_setup.dsv
[0.594s] -- Symlinking: /home/yundali/Arm_Project_WS/install/soarm_controller/share/soarm_controller/package.dsv
[0.605s] -- Symlinking: /home/yundali/Arm_Project_WS/install/soarm_controller/share/ament_index/resource_index/packages/soarm_controller
[0.616s] -- Symlinking: /home/yundali/Arm_Project_WS/install/soarm_controller/share/soarm_controller/cmake/soarm_controllerConfig.cmake
[0.627s] -- Symlinking: /home/yundali/Arm_Project_WS/install/soarm_controller/share/soarm_controller/cmake/soarm_controllerConfig-version.cmake
[0.638s] -- Symlinking: /home/yundali/Arm_Project_WS/install/soarm_controller/share/soarm_controller/package.xml
[0.651s] Invoked command in '/home/yundali/Arm_Project_WS/build/soarm_controller' returned '0': CMAKE_PREFIX_PATH=${CMAKE_PREFIX_PATH}:/opt/ros/humble /usr/bin/cmake --install /home/yundali/Arm_Project_WS/build/soarm_controller
