[0.021s] Invoking command in '/home/yundali/Arm_Project_WS/build/soarm_description': CMAKE_PREFIX_PATH=${CMAKE_PREFIX_PATH}:/opt/ros/humble /usr/bin/cmake --build /home/yundali/Arm_Project_WS/build/soarm_description -- -j8 -l8
[0.080s] Invoked command in '/home/yundali/Arm_Project_WS/build/soarm_description' returned '0': CMAKE_PREFIX_PATH=${CMAKE_PREFIX_PATH}:/opt/ros/humble /usr/bin/cmake --build /home/yundali/Arm_Project_WS/build/soarm_description -- -j8 -l8
[0.082s] Invoking command in '/home/yundali/Arm_Project_WS/build/soarm_description': CMAKE_PREFIX_PATH=${CMAKE_PREFIX_PATH}:/opt/ros/humble /usr/bin/cmake --install /home/yundali/Arm_Project_WS/build/soarm_description
[0.092s] -- Install configuration: ""
[0.093s] -- Up-to-date: /home/yundali/Arm_Project_WS/install/soarm_description/share/soarm_description/meshes
[0.093s] -- Up-to-date: /home/yundali/Arm_Project_WS/install/soarm_description/share/soarm_description/meshes/Wrist_Roll_Follower_SO101.stl
[0.093s] -- Up-to-date: /home/yundali/Arm_Project_WS/install/soarm_description/share/soarm_description/meshes/Rotation_Pitch_SO101.stl
[0.093s] -- Up-to-date: /home/yundali/Arm_Project_WS/install/soarm_description/share/soarm_description/meshes/Base_SO101.stl
[0.093s] -- Up-to-date: /home/yundali/Arm_Project_WS/install/soarm_description/share/soarm_description/meshes/WaveShare_Mounting_Plate_SO101.stl
[0.094s] -- Up-to-date: /home/yundali/Arm_Project_WS/install/soarm_description/share/soarm_description/meshes/Wrist_Roll_SO101.stl
[0.094s] -- Up-to-date: /home/yundali/Arm_Project_WS/install/soarm_description/share/soarm_description/meshes/Seeedstudio_Mounting_Plate_SO101.stl
[0.094s] -- Up-to-date: /home/yundali/Arm_Project_WS/install/soarm_description/share/soarm_description/meshes/Motor_holder_SO101_Base.stl
[0.094s] -- Up-to-date: /home/yundali/Arm_Project_WS/install/soarm_description/share/soarm_description/meshes/Upper_arm_SO101.stl
[0.094s] -- Up-to-date: /home/yundali/Arm_Project_WS/install/soarm_description/share/soarm_description/meshes/Wrist_Roll_Pitch_SO101.stl
[0.095s] -- Up-to-date: /home/yundali/Arm_Project_WS/install/soarm_description/share/soarm_description/meshes/SO101 Assembly.stl
[0.095s] -- Up-to-date: /home/yundali/Arm_Project_WS/install/soarm_description/share/soarm_description/meshes/Under_arm_SO101.stl
[0.095s] -- Up-to-date: /home/yundali/Arm_Project_WS/install/soarm_description/share/soarm_description/meshes/Base_motor_holder_SO101.stl
[0.096s] -- Up-to-date: /home/yundali/Arm_Project_WS/install/soarm_description/share/soarm_description/meshes/Moving_Jaw_SO101.stl
[0.096s] -- Up-to-date: /home/yundali/Arm_Project_WS/install/soarm_description/share/soarm_description/meshes/Handle_SO101.stl
[0.096s] -- Up-to-date: /home/yundali/Arm_Project_WS/install/soarm_description/share/soarm_description/meshes/Motor_holder_SO101_Wrist.stl
[0.097s] -- Up-to-date: /home/yundali/Arm_Project_WS/install/soarm_description/share/soarm_description/meshes/Trigger_SO101.stl
[0.097s] -- Up-to-date: /home/yundali/Arm_Project_WS/install/soarm_description/share/soarm_description/urdf
[0.097s] -- Up-to-date: /home/yundali/Arm_Project_WS/install/soarm_description/share/soarm_description/urdf/soarm.urdf.xacro
[0.097s] -- Up-to-date: /home/yundali/Arm_Project_WS/install/soarm_description/share/soarm_description/launch
[0.097s] -- Up-to-date: /home/yundali/Arm_Project_WS/install/soarm_description/share/soarm_description/launch/display.launch.py
[0.097s] -- Up-to-date: /home/yundali/Arm_Project_WS/install/soarm_description/share/soarm_description/rviz
[0.098s] -- Up-to-date: /home/yundali/Arm_Project_WS/install/soarm_description/share/ament_index/resource_index/package_run_dependencies/soarm_description
[0.098s] -- Up-to-date: /home/yundali/Arm_Project_WS/install/soarm_description/share/ament_index/resource_index/parent_prefix_path/soarm_description
[0.098s] -- Up-to-date: /home/yundali/Arm_Project_WS/install/soarm_description/share/soarm_description/environment/ament_prefix_path.sh
[0.099s] -- Up-to-date: /home/yundali/Arm_Project_WS/install/soarm_description/share/soarm_description/environment/ament_prefix_path.dsv
[0.099s] -- Up-to-date: /home/yundali/Arm_Project_WS/install/soarm_description/share/soarm_description/environment/path.sh
[0.099s] -- Up-to-date: /home/yundali/Arm_Project_WS/install/soarm_description/share/soarm_description/environment/path.dsv
[0.099s] -- Up-to-date: /home/yundali/Arm_Project_WS/install/soarm_description/share/soarm_description/local_setup.bash
[0.099s] -- Up-to-date: /home/yundali/Arm_Project_WS/install/soarm_description/share/soarm_description/local_setup.sh
[0.100s] -- Up-to-date: /home/yundali/Arm_Project_WS/install/soarm_description/share/soarm_description/local_setup.zsh
[0.100s] -- Up-to-date: /home/yundali/Arm_Project_WS/install/soarm_description/share/soarm_description/local_setup.dsv
[0.100s] -- Up-to-date: /home/yundali/Arm_Project_WS/install/soarm_description/share/soarm_description/package.dsv
[0.100s] -- Up-to-date: /home/yundali/Arm_Project_WS/install/soarm_description/share/ament_index/resource_index/packages/soarm_description
[0.101s] -- Up-to-date: /home/yundali/Arm_Project_WS/install/soarm_description/share/soarm_description/cmake/soarm_descriptionConfig.cmake
[0.101s] -- Up-to-date: /home/yundali/Arm_Project_WS/install/soarm_description/share/soarm_description/cmake/soarm_descriptionConfig-version.cmake
[0.101s] -- Up-to-date: /home/yundali/Arm_Project_WS/install/soarm_description/share/soarm_description/package.xml
[0.124s] Invoked command in '/home/yundali/Arm_Project_WS/build/soarm_description' returned '0': CMAKE_PREFIX_PATH=${CMAKE_PREFIX_PATH}:/opt/ros/humble /usr/bin/cmake --install /home/yundali/Arm_Project_WS/build/soarm_description
