[0.127s] DEBUG:colcon:Command line arguments: ['/usr/bin/colcon', 'build', '--packages-select', 'soarm_description']
[0.127s] DEBUG:colcon:Parsed command line arguments: Namespace(log_base=None, log_level=None, verb_name='build', build_base='build', install_base='install', merge_install=False, symlink_install=False, test_result_base=None, continue_on_error=False, executor='parallel', parallel_workers=8, event_handlers=None, ignore_user_meta=False, metas=['./colcon.meta'], base_paths=['.'], packages_ignore=None, packages_ignore_regex=None, paths=None, packages_up_to=None, packages_up_to_regex=None, packages_above=None, packages_above_and_dependencies=None, packages_above_depth=None, packages_select_by_dep=None, packages_skip_by_dep=None, packages_skip_up_to=None, packages_select_build_failed=False, packages_skip_build_finished=False, packages_select_test_failures=False, packages_skip_test_passed=False, packages_select=['soarm_description'], packages_skip=None, packages_select_regex=None, packages_skip_regex=None, packages_start=None, packages_end=None, allow_overriding=[], cmake_args=None, cmake_target=None, cmake_target_skip_unavailable=False, cmake_clean_cache=False, cmake_clean_first=False, cmake_force_configure=False, ament_cmake_args=None, catkin_cmake_args=None, catkin_skip_building_tests=False, mixin_files=None, mixin=None, verb_parser=<colcon_mixin.mixin.mixin_argument.MixinArgumentDecorator object at 0x75d08906a0e0>, verb_extension=<colcon_core.verb.build.BuildVerb object at 0x75d089167250>, main=<bound method BuildVerb.main of <colcon_core.verb.build.BuildVerb object at 0x75d089167250>>, mixin_verb=('build',))
[0.337s] Level 1:colcon.colcon_core.package_discovery:discover_packages(colcon_meta) check parameters
[0.337s] Level 1:colcon.colcon_core.package_discovery:discover_packages(recursive) check parameters
[0.337s] Level 1:colcon.colcon_core.package_discovery:discover_packages(ignore) check parameters
[0.337s] Level 1:colcon.colcon_core.package_discovery:discover_packages(path) check parameters
[0.337s] Level 1:colcon.colcon_core.package_discovery:discover_packages(colcon_meta) discover
[0.338s] Level 1:colcon.colcon_core.package_discovery:discover_packages(recursive) discover
[0.338s] INFO:colcon.colcon_core.package_discovery:Crawling recursively for packages in '/home/yundali/Arm_Project_WS'
[0.338s] Level 1:colcon.colcon_core.package_identification:_identify(.) by extensions ['ignore', 'ignore_ament_install']
[0.338s] Level 1:colcon.colcon_core.package_identification:_identify(.) by extension 'ignore'
[0.338s] Level 1:colcon.colcon_core.package_identification:_identify(.) by extension 'ignore_ament_install'
[0.338s] Level 1:colcon.colcon_core.package_identification:_identify(.) by extensions ['colcon_pkg']
[0.338s] Level 1:colcon.colcon_core.package_identification:_identify(.) by extension 'colcon_pkg'
[0.338s] Level 1:colcon.colcon_core.package_identification:_identify(.) by extensions ['colcon_meta']
[0.338s] Level 1:colcon.colcon_core.package_identification:_identify(.) by extension 'colcon_meta'
[0.338s] Level 1:colcon.colcon_core.package_identification:_identify(.) by extensions ['ros']
[0.338s] Level 1:colcon.colcon_core.package_identification:_identify(.) by extension 'ros'
[0.351s] Level 1:colcon.colcon_core.package_identification:_identify(.) by extensions ['cmake', 'python']
[0.351s] Level 1:colcon.colcon_core.package_identification:_identify(.) by extension 'cmake'
[0.351s] Level 1:colcon.colcon_core.package_identification:_identify(.) by extension 'python'
[0.351s] Level 1:colcon.colcon_core.package_identification:_identify(.) by extensions ['python_setup_py']
[0.351s] Level 1:colcon.colcon_core.package_identification:_identify(.) by extension 'python_setup_py'
[0.352s] Level 1:colcon.colcon_core.package_identification:_identify(build) by extensions ['ignore', 'ignore_ament_install']
[0.352s] Level 1:colcon.colcon_core.package_identification:_identify(build) by extension 'ignore'
[0.352s] Level 1:colcon.colcon_core.package_identification:_identify(build) ignored
[0.352s] Level 1:colcon.colcon_core.package_identification:_identify(install) by extensions ['ignore', 'ignore_ament_install']
[0.352s] Level 1:colcon.colcon_core.package_identification:_identify(install) by extension 'ignore'
[0.352s] Level 1:colcon.colcon_core.package_identification:_identify(install) ignored
[0.352s] Level 1:colcon.colcon_core.package_identification:_identify(log) by extensions ['ignore', 'ignore_ament_install']
[0.352s] Level 1:colcon.colcon_core.package_identification:_identify(log) by extension 'ignore'
[0.352s] Level 1:colcon.colcon_core.package_identification:_identify(log) ignored
[0.352s] Level 1:colcon.colcon_core.package_identification:_identify(src) by extensions ['ignore', 'ignore_ament_install']
[0.352s] Level 1:colcon.colcon_core.package_identification:_identify(src) by extension 'ignore'
[0.353s] Level 1:colcon.colcon_core.package_identification:_identify(src) by extension 'ignore_ament_install'
[0.353s] Level 1:colcon.colcon_core.package_identification:_identify(src) by extensions ['colcon_pkg']
[0.353s] Level 1:colcon.colcon_core.package_identification:_identify(src) by extension 'colcon_pkg'
[0.353s] Level 1:colcon.colcon_core.package_identification:_identify(src) by extensions ['colcon_meta']
[0.353s] Level 1:colcon.colcon_core.package_identification:_identify(src) by extension 'colcon_meta'
[0.353s] Level 1:colcon.colcon_core.package_identification:_identify(src) by extensions ['ros']
[0.353s] Level 1:colcon.colcon_core.package_identification:_identify(src) by extension 'ros'
[0.353s] Level 1:colcon.colcon_core.package_identification:_identify(src) by extensions ['cmake', 'python']
[0.353s] Level 1:colcon.colcon_core.package_identification:_identify(src) by extension 'cmake'
[0.353s] Level 1:colcon.colcon_core.package_identification:_identify(src) by extension 'python'
[0.353s] Level 1:colcon.colcon_core.package_identification:_identify(src) by extensions ['python_setup_py']
[0.353s] Level 1:colcon.colcon_core.package_identification:_identify(src) by extension 'python_setup_py'
[0.353s] Level 1:colcon.colcon_core.package_identification:_identify(src/soarm_controller) by extensions ['ignore', 'ignore_ament_install']
[0.353s] Level 1:colcon.colcon_core.package_identification:_identify(src/soarm_controller) by extension 'ignore'
[0.353s] Level 1:colcon.colcon_core.package_identification:_identify(src/soarm_controller) by extension 'ignore_ament_install'
[0.353s] Level 1:colcon.colcon_core.package_identification:_identify(src/soarm_controller) by extensions ['colcon_pkg']
[0.353s] Level 1:colcon.colcon_core.package_identification:_identify(src/soarm_controller) by extension 'colcon_pkg'
[0.354s] Level 1:colcon.colcon_core.package_identification:_identify(src/soarm_controller) by extensions ['colcon_meta']
[0.354s] Level 1:colcon.colcon_core.package_identification:_identify(src/soarm_controller) by extension 'colcon_meta'
[0.354s] Level 1:colcon.colcon_core.package_identification:_identify(src/soarm_controller) by extensions ['ros']
[0.354s] Level 1:colcon.colcon_core.package_identification:_identify(src/soarm_controller) by extension 'ros'
[0.358s] DEBUG:colcon.colcon_core.package_identification:Package 'src/soarm_controller' with type 'ros.ament_cmake' and name 'soarm_controller'
[0.358s] Level 1:colcon.colcon_core.package_identification:_identify(src/soarm_description) by extensions ['ignore', 'ignore_ament_install']
[0.358s] Level 1:colcon.colcon_core.package_identification:_identify(src/soarm_description) by extension 'ignore'
[0.358s] Level 1:colcon.colcon_core.package_identification:_identify(src/soarm_description) by extension 'ignore_ament_install'
[0.358s] Level 1:colcon.colcon_core.package_identification:_identify(src/soarm_description) by extensions ['colcon_pkg']
[0.358s] Level 1:colcon.colcon_core.package_identification:_identify(src/soarm_description) by extension 'colcon_pkg'
[0.358s] Level 1:colcon.colcon_core.package_identification:_identify(src/soarm_description) by extensions ['colcon_meta']
[0.358s] Level 1:colcon.colcon_core.package_identification:_identify(src/soarm_description) by extension 'colcon_meta'
[0.358s] Level 1:colcon.colcon_core.package_identification:_identify(src/soarm_description) by extensions ['ros']
[0.358s] Level 1:colcon.colcon_core.package_identification:_identify(src/soarm_description) by extension 'ros'
[0.359s] DEBUG:colcon.colcon_core.package_identification:Package 'src/soarm_description' with type 'ros.ament_cmake' and name 'soarm_description'
[0.359s] Level 1:colcon.colcon_core.package_identification:_identify(src/soarm_scripts) by extensions ['ignore', 'ignore_ament_install']
[0.359s] Level 1:colcon.colcon_core.package_identification:_identify(src/soarm_scripts) by extension 'ignore'
[0.360s] Level 1:colcon.colcon_core.package_identification:_identify(src/soarm_scripts) by extension 'ignore_ament_install'
[0.360s] Level 1:colcon.colcon_core.package_identification:_identify(src/soarm_scripts) by extensions ['colcon_pkg']
[0.360s] Level 1:colcon.colcon_core.package_identification:_identify(src/soarm_scripts) by extension 'colcon_pkg'
[0.360s] Level 1:colcon.colcon_core.package_identification:_identify(src/soarm_scripts) by extensions ['colcon_meta']
[0.360s] Level 1:colcon.colcon_core.package_identification:_identify(src/soarm_scripts) by extension 'colcon_meta'
[0.360s] Level 1:colcon.colcon_core.package_identification:_identify(src/soarm_scripts) by extensions ['ros']
[0.360s] Level 1:colcon.colcon_core.package_identification:_identify(src/soarm_scripts) by extension 'ros'
[0.361s] DEBUG:colcon.colcon_core.package_identification:Package 'src/soarm_scripts' with type 'ros.ament_cmake' and name 'soarm_scripts'
[0.361s] Level 1:colcon.colcon_core.package_discovery:discover_packages(recursive) using defaults
[0.361s] Level 1:colcon.colcon_core.package_discovery:discover_packages(ignore) discover
[0.361s] Level 1:colcon.colcon_core.package_discovery:discover_packages(ignore) using defaults
[0.361s] Level 1:colcon.colcon_core.package_discovery:discover_packages(path) discover
[0.361s] Level 1:colcon.colcon_core.package_discovery:discover_packages(path) using defaults
[0.391s] INFO:colcon.colcon_core.package_selection:Skipping not selected package 'soarm_controller' in 'src/soarm_controller'
[0.392s] INFO:colcon.colcon_core.package_selection:Skipping not selected package 'soarm_scripts' in 'src/soarm_scripts'
[0.392s] Level 1:colcon.colcon_core.package_discovery:discover_packages(prefix_path) check parameters
[0.392s] Level 1:colcon.colcon_core.package_discovery:discover_packages(prefix_path) discover
[0.393s] WARNING:colcon.colcon_ros.prefix_path.ament:The path '/home/yundali/Arm_Project_WS/install/soarm_description' in the environment variable AMENT_PREFIX_PATH doesn't exist
[0.394s] WARNING:colcon.colcon_ros.prefix_path.catkin:The path '/home/yundali/Arm_Project_WS/install/soarm_description' in the environment variable CMAKE_PREFIX_PATH doesn't exist
[0.395s] DEBUG:colcon.colcon_installed_package_information.package_discovery:Found 2 installed packages in /home/yundali/Arm_Project_WS/install
[0.397s] DEBUG:colcon.colcon_installed_package_information.package_discovery:Found 400 installed packages in /opt/ros/humble
[0.399s] Level 1:colcon.colcon_core.package_discovery:discover_packages(prefix_path) using defaults
[0.457s] Level 5:colcon.colcon_core.verb:set package 'soarm_description' build argument 'cmake_args' from command line to 'None'
[0.457s] Level 5:colcon.colcon_core.verb:set package 'soarm_description' build argument 'cmake_target' from command line to 'None'
[0.457s] Level 5:colcon.colcon_core.verb:set package 'soarm_description' build argument 'cmake_target_skip_unavailable' from command line to 'False'
[0.457s] Level 5:colcon.colcon_core.verb:set package 'soarm_description' build argument 'cmake_clean_cache' from command line to 'False'
[0.457s] Level 5:colcon.colcon_core.verb:set package 'soarm_description' build argument 'cmake_clean_first' from command line to 'False'
[0.457s] Level 5:colcon.colcon_core.verb:set package 'soarm_description' build argument 'cmake_force_configure' from command line to 'False'
[0.457s] Level 5:colcon.colcon_core.verb:set package 'soarm_description' build argument 'ament_cmake_args' from command line to 'None'
[0.458s] Level 5:colcon.colcon_core.verb:set package 'soarm_description' build argument 'catkin_cmake_args' from command line to 'None'
[0.458s] Level 5:colcon.colcon_core.verb:set package 'soarm_description' build argument 'catkin_skip_building_tests' from command line to 'False'
[0.458s] DEBUG:colcon.colcon_core.verb:Building package 'soarm_description' with the following arguments: {'ament_cmake_args': None, 'build_base': '/home/yundali/Arm_Project_WS/build/soarm_description', 'catkin_cmake_args': None, 'catkin_skip_building_tests': False, 'cmake_args': None, 'cmake_clean_cache': False, 'cmake_clean_first': False, 'cmake_force_configure': False, 'cmake_target': None, 'cmake_target_skip_unavailable': False, 'install_base': '/home/yundali/Arm_Project_WS/install/soarm_description', 'merge_install': False, 'path': '/home/yundali/Arm_Project_WS/src/soarm_description', 'symlink_install': False, 'test_result_base': None}
[0.458s] INFO:colcon.colcon_core.executor:Executing jobs using 'parallel' executor
[0.459s] DEBUG:colcon.colcon_parallel_executor.executor.parallel:run_until_complete
[0.459s] INFO:colcon.colcon_ros.task.ament_cmake.build:Building ROS package in '/home/yundali/Arm_Project_WS/src/soarm_description' with build type 'ament_cmake'
[0.460s] INFO:colcon.colcon_cmake.task.cmake.build:Building CMake package in '/home/yundali/Arm_Project_WS/src/soarm_description'
[0.463s] INFO:colcon.colcon_core.plugin_system:Skipping extension 'colcon_core.shell.bat': Not used on non-Windows systems
[0.464s] INFO:colcon.colcon_core.shell:Skip shell extension 'powershell' for command environment: Not usable outside of PowerShell
[0.464s] DEBUG:colcon.colcon_core.shell:Skip shell extension 'dsv' for command environment
[0.476s] DEBUG:colcon.colcon_core.event_handler.log_command:Invoking command in '/home/yundali/Arm_Project_WS/build/soarm_description': CMAKE_PREFIX_PATH=${CMAKE_PREFIX_PATH}:/opt/ros/humble /usr/bin/cmake /home/yundali/Arm_Project_WS/src/soarm_description -DCMAKE_INSTALL_PREFIX=/home/yundali/Arm_Project_WS/install/soarm_description
[1.252s] DEBUG:colcon.colcon_core.event_handler.log_command:Invoked command in '/home/yundali/Arm_Project_WS/build/soarm_description' returned '0': CMAKE_PREFIX_PATH=${CMAKE_PREFIX_PATH}:/opt/ros/humble /usr/bin/cmake /home/yundali/Arm_Project_WS/src/soarm_description -DCMAKE_INSTALL_PREFIX=/home/yundali/Arm_Project_WS/install/soarm_description
[1.254s] DEBUG:colcon.colcon_core.event_handler.log_command:Invoking command in '/home/yundali/Arm_Project_WS/build/soarm_description': CMAKE_PREFIX_PATH=${CMAKE_PREFIX_PATH}:/opt/ros/humble /usr/bin/cmake --build /home/yundali/Arm_Project_WS/build/soarm_description -- -j8 -l8
[1.299s] DEBUG:colcon.colcon_core.event_handler.log_command:Invoked command in '/home/yundali/Arm_Project_WS/build/soarm_description' returned '0': CMAKE_PREFIX_PATH=${CMAKE_PREFIX_PATH}:/opt/ros/humble /usr/bin/cmake --build /home/yundali/Arm_Project_WS/build/soarm_description -- -j8 -l8
[1.311s] DEBUG:colcon.colcon_core.event_handler.log_command:Invoking command in '/home/yundali/Arm_Project_WS/build/soarm_description': CMAKE_PREFIX_PATH=${CMAKE_PREFIX_PATH}:/opt/ros/humble /usr/bin/cmake --install /home/yundali/Arm_Project_WS/build/soarm_description
[1.382s] Level 1:colcon.colcon_core.environment:create_environment_scripts_only(soarm_description)
[1.382s] DEBUG:colcon.colcon_core.event_handler.log_command:Invoked command in '/home/yundali/Arm_Project_WS/build/soarm_description' returned '0': CMAKE_PREFIX_PATH=${CMAKE_PREFIX_PATH}:/opt/ros/humble /usr/bin/cmake --install /home/yundali/Arm_Project_WS/build/soarm_description
[1.385s] Level 1:colcon.colcon_core.environment:checking '/home/yundali/Arm_Project_WS/install/soarm_description' for CMake module files
[1.385s] Level 1:colcon.colcon_core.environment:checking '/home/yundali/Arm_Project_WS/install/soarm_description' for CMake config files
[1.386s] Level 1:colcon.colcon_core.shell:create_environment_hook('soarm_description', 'cmake_prefix_path')
[1.386s] INFO:colcon.colcon_core.shell:Creating environment hook '/home/yundali/Arm_Project_WS/install/soarm_description/share/soarm_description/hook/cmake_prefix_path.ps1'
[1.387s] INFO:colcon.colcon_core.shell:Creating environment descriptor '/home/yundali/Arm_Project_WS/install/soarm_description/share/soarm_description/hook/cmake_prefix_path.dsv'
[1.387s] INFO:colcon.colcon_core.shell:Creating environment hook '/home/yundali/Arm_Project_WS/install/soarm_description/share/soarm_description/hook/cmake_prefix_path.sh'
[1.388s] Level 1:colcon.colcon_core.environment:checking '/home/yundali/Arm_Project_WS/install/soarm_description/bin'
[1.388s] Level 1:colcon.colcon_core.environment:checking '/home/yundali/Arm_Project_WS/install/soarm_description/lib/pkgconfig/soarm_description.pc'
[1.388s] Level 1:colcon.colcon_core.environment:checking '/home/yundali/Arm_Project_WS/install/soarm_description/lib/python3.10/site-packages'
[1.389s] Level 1:colcon.colcon_core.environment:checking '/home/yundali/Arm_Project_WS/install/soarm_description/bin'
[1.390s] INFO:colcon.colcon_core.shell:Creating package script '/home/yundali/Arm_Project_WS/install/soarm_description/share/soarm_description/package.ps1'
[1.391s] INFO:colcon.colcon_core.shell:Creating package descriptor '/home/yundali/Arm_Project_WS/install/soarm_description/share/soarm_description/package.dsv'
[1.391s] INFO:colcon.colcon_core.shell:Creating package script '/home/yundali/Arm_Project_WS/install/soarm_description/share/soarm_description/package.sh'
[1.392s] INFO:colcon.colcon_core.shell:Creating package script '/home/yundali/Arm_Project_WS/install/soarm_description/share/soarm_description/package.bash'
[1.393s] INFO:colcon.colcon_core.shell:Creating package script '/home/yundali/Arm_Project_WS/install/soarm_description/share/soarm_description/package.zsh'
[1.393s] Level 1:colcon.colcon_core.environment:create_file_with_runtime_dependencies(/home/yundali/Arm_Project_WS/install/soarm_description/share/colcon-core/packages/soarm_description)
[1.394s] Level 1:colcon.colcon_core.environment:create_environment_scripts_only(soarm_description)
[1.394s] Level 1:colcon.colcon_core.environment:checking '/home/yundali/Arm_Project_WS/install/soarm_description' for CMake module files
[1.395s] Level 1:colcon.colcon_core.environment:checking '/home/yundali/Arm_Project_WS/install/soarm_description' for CMake config files
[1.395s] Level 1:colcon.colcon_core.shell:create_environment_hook('soarm_description', 'cmake_prefix_path')
[1.396s] INFO:colcon.colcon_core.shell:Creating environment hook '/home/yundali/Arm_Project_WS/install/soarm_description/share/soarm_description/hook/cmake_prefix_path.ps1'
[1.396s] INFO:colcon.colcon_core.shell:Creating environment descriptor '/home/yundali/Arm_Project_WS/install/soarm_description/share/soarm_description/hook/cmake_prefix_path.dsv'
[1.396s] INFO:colcon.colcon_core.shell:Creating environment hook '/home/yundali/Arm_Project_WS/install/soarm_description/share/soarm_description/hook/cmake_prefix_path.sh'
[1.397s] Level 1:colcon.colcon_core.environment:checking '/home/yundali/Arm_Project_WS/install/soarm_description/bin'
[1.397s] Level 1:colcon.colcon_core.environment:checking '/home/yundali/Arm_Project_WS/install/soarm_description/lib/pkgconfig/soarm_description.pc'
[1.397s] Level 1:colcon.colcon_core.environment:checking '/home/yundali/Arm_Project_WS/install/soarm_description/lib/python3.10/site-packages'
[1.398s] Level 1:colcon.colcon_core.environment:checking '/home/yundali/Arm_Project_WS/install/soarm_description/bin'
[1.398s] INFO:colcon.colcon_core.shell:Creating package script '/home/yundali/Arm_Project_WS/install/soarm_description/share/soarm_description/package.ps1'
[1.399s] INFO:colcon.colcon_core.shell:Creating package descriptor '/home/yundali/Arm_Project_WS/install/soarm_description/share/soarm_description/package.dsv'
[1.399s] INFO:colcon.colcon_core.shell:Creating package script '/home/yundali/Arm_Project_WS/install/soarm_description/share/soarm_description/package.sh'
[1.400s] INFO:colcon.colcon_core.shell:Creating package script '/home/yundali/Arm_Project_WS/install/soarm_description/share/soarm_description/package.bash'
[1.400s] INFO:colcon.colcon_core.shell:Creating package script '/home/yundali/Arm_Project_WS/install/soarm_description/share/soarm_description/package.zsh'
[1.401s] Level 1:colcon.colcon_core.environment:create_file_with_runtime_dependencies(/home/yundali/Arm_Project_WS/install/soarm_description/share/colcon-core/packages/soarm_description)
[1.401s] DEBUG:colcon.colcon_parallel_executor.executor.parallel:closing loop
[1.402s] DEBUG:colcon.colcon_parallel_executor.executor.parallel:loop closed
[1.402s] DEBUG:colcon.colcon_parallel_executor.executor.parallel:run_until_complete finished with '0'
[1.402s] DEBUG:colcon.colcon_core.event_reactor:joining thread
[1.408s] INFO:colcon.colcon_core.plugin_system:Skipping extension 'colcon_notification.desktop_notification.terminal_notifier': Not used on non-Darwin systems
[1.408s] INFO:colcon.colcon_core.plugin_system:Skipping extension 'colcon_notification.desktop_notification.win32': Not used on non-Windows systems
[1.408s] INFO:colcon.colcon_notification.desktop_notification:Sending desktop notification using 'notify2'
[1.420s] DEBUG:colcon.colcon_core.event_reactor:joined thread
[1.421s] INFO:colcon.colcon_core.shell:Creating prefix script '/home/yundali/Arm_Project_WS/install/local_setup.ps1'
[1.423s] INFO:colcon.colcon_core.shell:Creating prefix util module '/home/yundali/Arm_Project_WS/install/_local_setup_util_ps1.py'
[1.425s] INFO:colcon.colcon_core.shell:Creating prefix chain script '/home/yundali/Arm_Project_WS/install/setup.ps1'
[1.427s] INFO:colcon.colcon_core.shell:Creating prefix script '/home/yundali/Arm_Project_WS/install/local_setup.sh'
[1.428s] INFO:colcon.colcon_core.shell:Creating prefix util module '/home/yundali/Arm_Project_WS/install/_local_setup_util_sh.py'
[1.429s] INFO:colcon.colcon_core.shell:Creating prefix chain script '/home/yundali/Arm_Project_WS/install/setup.sh'
[1.430s] INFO:colcon.colcon_core.shell:Creating prefix script '/home/yundali/Arm_Project_WS/install/local_setup.bash'
[1.431s] INFO:colcon.colcon_core.shell:Creating prefix chain script '/home/yundali/Arm_Project_WS/install/setup.bash'
[1.432s] INFO:colcon.colcon_core.shell:Creating prefix script '/home/yundali/Arm_Project_WS/install/local_setup.zsh'
[1.433s] INFO:colcon.colcon_core.shell:Creating prefix chain script '/home/yundali/Arm_Project_WS/install/setup.zsh'
