[0.121s] Invoking command in '/home/yundali/Arm_Project_WS/build/soarm_scripts': CMAKE_PREFIX_PATH=${CMAKE_PREFIX_PATH}:/opt/ros/humble /usr/bin/cmake --build /home/yundali/Arm_Project_WS/build/soarm_scripts -- -j8 -l8
[0.378s] Invoked command in '/home/yundali/Arm_Project_WS/build/soarm_scripts' returned '0': CMAKE_PREFIX_PATH=${CMAKE_PREFIX_PATH}:/opt/ros/humble /usr/bin/cmake --build /home/yundali/Arm_Project_WS/build/soarm_scripts -- -j8 -l8
[0.381s] Invoking command in '/home/yundali/Arm_Project_WS/build/soarm_scripts': CMAKE_PREFIX_PATH=${CMAKE_PREFIX_PATH}:/opt/ros/humble /usr/bin/cmake --install /home/yundali/Arm_Project_WS/build/soarm_scripts
[0.440s] -- Install configuration: ""
[0.442s] -- Execute custom install script
[0.442s] -- Up-to-date symlink: /home/yundali/Arm_Project_WS/install/soarm_scripts/share/ament_index/resource_index/package_run_dependencies/soarm_scripts
[0.443s] -- Up-to-date symlink: /home/yundali/Arm_Project_WS/install/soarm_scripts/share/ament_index/resource_index/parent_prefix_path/soarm_scripts
[0.444s] -- Up-to-date symlink: /home/yundali/Arm_Project_WS/install/soarm_scripts/share/soarm_scripts/environment/ament_prefix_path.sh
[0.445s] -- Up-to-date symlink: /home/yundali/Arm_Project_WS/install/soarm_scripts/share/soarm_scripts/environment/ament_prefix_path.dsv
[0.445s] -- Up-to-date symlink: /home/yundali/Arm_Project_WS/install/soarm_scripts/share/soarm_scripts/environment/path.sh
[0.445s] -- Up-to-date symlink: /home/yundali/Arm_Project_WS/install/soarm_scripts/share/soarm_scripts/environment/path.dsv
[0.446s] -- Up-to-date symlink: /home/yundali/Arm_Project_WS/install/soarm_scripts/share/soarm_scripts/local_setup.bash
[0.446s] -- Up-to-date symlink: /home/yundali/Arm_Project_WS/install/soarm_scripts/share/soarm_scripts/local_setup.sh
[0.446s] -- Up-to-date symlink: /home/yundali/Arm_Project_WS/install/soarm_scripts/share/soarm_scripts/local_setup.zsh
[0.446s] -- Up-to-date symlink: /home/yundali/Arm_Project_WS/install/soarm_scripts/share/soarm_scripts/local_setup.dsv
[0.447s] -- Symlinking: /home/yundali/Arm_Project_WS/install/soarm_scripts/share/soarm_scripts/package.dsv
[0.457s] -- Up-to-date symlink: /home/yundali/Arm_Project_WS/install/soarm_scripts/share/ament_index/resource_index/packages/soarm_scripts
[0.457s] -- Up-to-date symlink: /home/yundali/Arm_Project_WS/install/soarm_scripts/share/soarm_scripts/cmake/soarm_scriptsConfig.cmake
[0.457s] -- Up-to-date symlink: /home/yundali/Arm_Project_WS/install/soarm_scripts/share/soarm_scripts/cmake/soarm_scriptsConfig-version.cmake
[0.458s] -- Up-to-date symlink: /home/yundali/Arm_Project_WS/install/soarm_scripts/share/soarm_scripts/package.xml
[0.628s] Invoked command in '/home/yundali/Arm_Project_WS/build/soarm_scripts' returned '0': CMAKE_PREFIX_PATH=${CMAKE_PREFIX_PATH}:/opt/ros/humble /usr/bin/cmake --install /home/yundali/Arm_Project_WS/build/soarm_scripts
