-- Install configuration: ""
-- Up-to-date: /home/yundali/Arm_Project_WS/install/soarm_description/share/soarm_description/meshes
-- Up-to-date: /home/yundali/Arm_Project_WS/install/soarm_description/share/soarm_description/meshes/Wrist_Roll_Follower_SO101.stl
-- Up-to-date: /home/yundali/Arm_Project_WS/install/soarm_description/share/soarm_description/meshes/Rotation_Pitch_SO101.stl
-- Up-to-date: /home/yundali/Arm_Project_WS/install/soarm_description/share/soarm_description/meshes/Base_SO101.stl
-- Up-to-date: /home/yundali/Arm_Project_WS/install/soarm_description/share/soarm_description/meshes/WaveShare_Mounting_Plate_SO101.stl
-- Up-to-date: /home/yundali/Arm_Project_WS/install/soarm_description/share/soarm_description/meshes/Wrist_Roll_SO101.stl
-- Up-to-date: /home/yundali/Arm_Project_WS/install/soarm_description/share/soarm_description/meshes/Seeedstudio_Mounting_Plate_SO101.stl
-- Up-to-date: /home/yundali/Arm_Project_WS/install/soarm_description/share/soarm_description/meshes/Motor_holder_SO101_Base.stl
-- Up-to-date: /home/yundali/Arm_Project_WS/install/soarm_description/share/soarm_description/meshes/Upper_arm_SO101.stl
-- Up-to-date: /home/yundali/Arm_Project_WS/install/soarm_description/share/soarm_description/meshes/Wrist_Roll_Pitch_SO101.stl
-- Up-to-date: /home/yundali/Arm_Project_WS/install/soarm_description/share/soarm_description/meshes/SO101 Assembly.stl
-- Up-to-date: /home/yundali/Arm_Project_WS/install/soarm_description/share/soarm_description/meshes/Under_arm_SO101.stl
-- Up-to-date: /home/yundali/Arm_Project_WS/install/soarm_description/share/soarm_description/meshes/Base_motor_holder_SO101.stl
-- Up-to-date: /home/yundali/Arm_Project_WS/install/soarm_description/share/soarm_description/meshes/Moving_Jaw_SO101.stl
-- Up-to-date: /home/yundali/Arm_Project_WS/install/soarm_description/share/soarm_description/meshes/Handle_SO101.stl
-- Up-to-date: /home/yundali/Arm_Project_WS/install/soarm_description/share/soarm_description/meshes/Motor_holder_SO101_Wrist.stl
-- Up-to-date: /home/yundali/Arm_Project_WS/install/soarm_description/share/soarm_description/meshes/Trigger_SO101.stl
-- Up-to-date: /home/yundali/Arm_Project_WS/install/soarm_description/share/soarm_description/urdf
-- Up-to-date: /home/yundali/Arm_Project_WS/install/soarm_description/share/soarm_description/urdf/soarm.urdf.xacro
-- Up-to-date: /home/yundali/Arm_Project_WS/install/soarm_description/share/soarm_description/launch
-- Up-to-date: /home/yundali/Arm_Project_WS/install/soarm_description/share/soarm_description/launch/display.launch.py
-- Up-to-date: /home/yundali/Arm_Project_WS/install/soarm_description/share/soarm_description/rviz
-- Up-to-date: /home/yundali/Arm_Project_WS/install/soarm_description/share/soarm_description/rviz/display.rviz
-- Up-to-date: /home/yundali/Arm_Project_WS/install/soarm_description/share/ament_index/resource_index/package_run_dependencies/soarm_description
-- Up-to-date: /home/yundali/Arm_Project_WS/install/soarm_description/share/ament_index/resource_index/parent_prefix_path/soarm_description
-- Up-to-date: /home/yundali/Arm_Project_WS/install/soarm_description/share/soarm_description/environment/ament_prefix_path.sh
-- Up-to-date: /home/yundali/Arm_Project_WS/install/soarm_description/share/soarm_description/environment/ament_prefix_path.dsv
-- Up-to-date: /home/yundali/Arm_Project_WS/install/soarm_description/share/soarm_description/environment/path.sh
-- Up-to-date: /home/yundali/Arm_Project_WS/install/soarm_description/share/soarm_description/environment/path.dsv
-- Up-to-date: /home/yundali/Arm_Project_WS/install/soarm_description/share/soarm_description/local_setup.bash
-- Up-to-date: /home/yundali/Arm_Project_WS/install/soarm_description/share/soarm_description/local_setup.sh
-- Up-to-date: /home/yundali/Arm_Project_WS/install/soarm_description/share/soarm_description/local_setup.zsh
-- Up-to-date: /home/yundali/Arm_Project_WS/install/soarm_description/share/soarm_description/local_setup.dsv
-- Installing: /home/yundali/Arm_Project_WS/install/soarm_description/share/soarm_description/package.dsv
-- Up-to-date: /home/yundali/Arm_Project_WS/install/soarm_description/share/ament_index/resource_index/packages/soarm_description
-- Up-to-date: /home/yundali/Arm_Project_WS/install/soarm_description/share/soarm_description/cmake/soarm_descriptionConfig.cmake
-- Up-to-date: /home/yundali/Arm_Project_WS/install/soarm_description/share/soarm_description/cmake/soarm_descriptionConfig-version.cmake
-- Up-to-date: /home/yundali/Arm_Project_WS/install/soarm_description/share/soarm_description/package.xml
