[0.123s] DEBUG:colcon:Command line arguments: ['/usr/bin/colcon', 'build']
[0.124s] DEBUG:colcon:Parsed command line arguments: Namespace(log_base=None, log_level=None, verb_name='build', build_base='build', install_base='install', merge_install=False, symlink_install=False, test_result_base=None, continue_on_error=False, executor='parallel', parallel_workers=8, event_handlers=None, ignore_user_meta=False, metas=['./colcon.meta'], base_paths=['.'], packages_ignore=None, packages_ignore_regex=None, paths=None, packages_up_to=None, packages_up_to_regex=None, packages_above=None, packages_above_and_dependencies=None, packages_above_depth=None, packages_select_by_dep=None, packages_skip_by_dep=None, packages_skip_up_to=None, packages_select_build_failed=False, packages_skip_build_finished=False, packages_select_test_failures=False, packages_skip_test_passed=False, packages_select=None, packages_skip=None, packages_select_regex=None, packages_skip_regex=None, packages_start=None, packages_end=None, allow_overriding=[], cmake_args=None, cmake_target=None, cmake_target_skip_unavailable=False, cmake_clean_cache=False, cmake_clean_first=False, cmake_force_configure=False, ament_cmake_args=None, catkin_cmake_args=None, catkin_skip_building_tests=False, mixin_files=None, mixin=None, verb_parser=<colcon_mixin.mixin.mixin_argument.MixinArgumentDecorator object at 0x7f1533b5e0b0>, verb_extension=<colcon_core.verb.build.BuildVerb object at 0x7f1533c5f220>, main=<bound method BuildVerb.main of <colcon_core.verb.build.BuildVerb object at 0x7f1533c5f220>>, mixin_verb=('build',))
[0.329s] Level 1:colcon.colcon_core.package_discovery:discover_packages(colcon_meta) check parameters
[0.330s] Level 1:colcon.colcon_core.package_discovery:discover_packages(recursive) check parameters
[0.330s] Level 1:colcon.colcon_core.package_discovery:discover_packages(ignore) check parameters
[0.330s] Level 1:colcon.colcon_core.package_discovery:discover_packages(path) check parameters
[0.330s] Level 1:colcon.colcon_core.package_discovery:discover_packages(colcon_meta) discover
[0.330s] Level 1:colcon.colcon_core.package_discovery:discover_packages(recursive) discover
[0.330s] INFO:colcon.colcon_core.package_discovery:Crawling recursively for packages in '/home/yundali/Arm_Project_WS'
[0.330s] Level 1:colcon.colcon_core.package_identification:_identify(.) by extensions ['ignore', 'ignore_ament_install']
[0.330s] Level 1:colcon.colcon_core.package_identification:_identify(.) by extension 'ignore'
[0.330s] Level 1:colcon.colcon_core.package_identification:_identify(.) by extension 'ignore_ament_install'
[0.330s] Level 1:colcon.colcon_core.package_identification:_identify(.) by extensions ['colcon_pkg']
[0.330s] Level 1:colcon.colcon_core.package_identification:_identify(.) by extension 'colcon_pkg'
[0.330s] Level 1:colcon.colcon_core.package_identification:_identify(.) by extensions ['colcon_meta']
[0.330s] Level 1:colcon.colcon_core.package_identification:_identify(.) by extension 'colcon_meta'
[0.330s] Level 1:colcon.colcon_core.package_identification:_identify(.) by extensions ['ros']
[0.330s] Level 1:colcon.colcon_core.package_identification:_identify(.) by extension 'ros'
[0.342s] Level 1:colcon.colcon_core.package_identification:_identify(.) by extensions ['cmake', 'python']
[0.342s] Level 1:colcon.colcon_core.package_identification:_identify(.) by extension 'cmake'
[0.342s] Level 1:colcon.colcon_core.package_identification:_identify(.) by extension 'python'
[0.342s] Level 1:colcon.colcon_core.package_identification:_identify(.) by extensions ['python_setup_py']
[0.342s] Level 1:colcon.colcon_core.package_identification:_identify(.) by extension 'python_setup_py'
[0.342s] Level 1:colcon.colcon_core.package_identification:_identify(build) by extensions ['ignore', 'ignore_ament_install']
[0.343s] Level 1:colcon.colcon_core.package_identification:_identify(build) by extension 'ignore'
[0.343s] Level 1:colcon.colcon_core.package_identification:_identify(build) ignored
[0.343s] Level 1:colcon.colcon_core.package_identification:_identify(install) by extensions ['ignore', 'ignore_ament_install']
[0.343s] Level 1:colcon.colcon_core.package_identification:_identify(install) by extension 'ignore'
[0.343s] Level 1:colcon.colcon_core.package_identification:_identify(install) ignored
[0.343s] Level 1:colcon.colcon_core.package_identification:_identify(log) by extensions ['ignore', 'ignore_ament_install']
[0.343s] Level 1:colcon.colcon_core.package_identification:_identify(log) by extension 'ignore'
[0.344s] Level 1:colcon.colcon_core.package_identification:_identify(log) ignored
[0.344s] Level 1:colcon.colcon_core.package_identification:_identify(src) by extensions ['ignore', 'ignore_ament_install']
[0.344s] Level 1:colcon.colcon_core.package_identification:_identify(src) by extension 'ignore'
[0.344s] Level 1:colcon.colcon_core.package_identification:_identify(src) by extension 'ignore_ament_install'
[0.344s] Level 1:colcon.colcon_core.package_identification:_identify(src) by extensions ['colcon_pkg']
[0.344s] Level 1:colcon.colcon_core.package_identification:_identify(src) by extension 'colcon_pkg'
[0.344s] Level 1:colcon.colcon_core.package_identification:_identify(src) by extensions ['colcon_meta']
[0.344s] Level 1:colcon.colcon_core.package_identification:_identify(src) by extension 'colcon_meta'
[0.344s] Level 1:colcon.colcon_core.package_identification:_identify(src) by extensions ['ros']
[0.344s] Level 1:colcon.colcon_core.package_identification:_identify(src) by extension 'ros'
[0.344s] Level 1:colcon.colcon_core.package_identification:_identify(src) by extensions ['cmake', 'python']
[0.344s] Level 1:colcon.colcon_core.package_identification:_identify(src) by extension 'cmake'
[0.344s] Level 1:colcon.colcon_core.package_identification:_identify(src) by extension 'python'
[0.344s] Level 1:colcon.colcon_core.package_identification:_identify(src) by extensions ['python_setup_py']
[0.344s] Level 1:colcon.colcon_core.package_identification:_identify(src) by extension 'python_setup_py'
[0.344s] Level 1:colcon.colcon_core.package_identification:_identify(src/soarm_controller) by extensions ['ignore', 'ignore_ament_install']
[0.345s] Level 1:colcon.colcon_core.package_identification:_identify(src/soarm_controller) by extension 'ignore'
[0.345s] Level 1:colcon.colcon_core.package_identification:_identify(src/soarm_controller) by extension 'ignore_ament_install'
[0.345s] Level 1:colcon.colcon_core.package_identification:_identify(src/soarm_controller) by extensions ['colcon_pkg']
[0.345s] Level 1:colcon.colcon_core.package_identification:_identify(src/soarm_controller) by extension 'colcon_pkg'
[0.345s] Level 1:colcon.colcon_core.package_identification:_identify(src/soarm_controller) by extensions ['colcon_meta']
[0.345s] Level 1:colcon.colcon_core.package_identification:_identify(src/soarm_controller) by extension 'colcon_meta'
[0.345s] Level 1:colcon.colcon_core.package_identification:_identify(src/soarm_controller) by extensions ['ros']
[0.345s] Level 1:colcon.colcon_core.package_identification:_identify(src/soarm_controller) by extension 'ros'
[0.349s] DEBUG:colcon.colcon_core.package_identification:Package 'src/soarm_controller' with type 'ros.ament_cmake' and name 'soarm_controller'
[0.349s] Level 1:colcon.colcon_core.package_identification:_identify(src/soarm_description) by extensions ['ignore', 'ignore_ament_install']
[0.349s] Level 1:colcon.colcon_core.package_identification:_identify(src/soarm_description) by extension 'ignore'
[0.349s] Level 1:colcon.colcon_core.package_identification:_identify(src/soarm_description) by extension 'ignore_ament_install'
[0.349s] Level 1:colcon.colcon_core.package_identification:_identify(src/soarm_description) by extensions ['colcon_pkg']
[0.349s] Level 1:colcon.colcon_core.package_identification:_identify(src/soarm_description) by extension 'colcon_pkg'
[0.349s] Level 1:colcon.colcon_core.package_identification:_identify(src/soarm_description) by extensions ['colcon_meta']
[0.349s] Level 1:colcon.colcon_core.package_identification:_identify(src/soarm_description) by extension 'colcon_meta'
[0.350s] Level 1:colcon.colcon_core.package_identification:_identify(src/soarm_description) by extensions ['ros']
[0.350s] Level 1:colcon.colcon_core.package_identification:_identify(src/soarm_description) by extension 'ros'
[0.350s] DEBUG:colcon.colcon_core.package_identification:Package 'src/soarm_description' with type 'ros.ament_cmake' and name 'soarm_description'
[0.350s] Level 1:colcon.colcon_core.package_identification:_identify(src/soarm_scripts) by extensions ['ignore', 'ignore_ament_install']
[0.351s] Level 1:colcon.colcon_core.package_identification:_identify(src/soarm_scripts) by extension 'ignore'
[0.351s] Level 1:colcon.colcon_core.package_identification:_identify(src/soarm_scripts) by extension 'ignore_ament_install'
[0.351s] Level 1:colcon.colcon_core.package_identification:_identify(src/soarm_scripts) by extensions ['colcon_pkg']
[0.351s] Level 1:colcon.colcon_core.package_identification:_identify(src/soarm_scripts) by extension 'colcon_pkg'
[0.351s] Level 1:colcon.colcon_core.package_identification:_identify(src/soarm_scripts) by extensions ['colcon_meta']
[0.351s] Level 1:colcon.colcon_core.package_identification:_identify(src/soarm_scripts) by extension 'colcon_meta'
[0.351s] Level 1:colcon.colcon_core.package_identification:_identify(src/soarm_scripts) by extensions ['ros']
[0.351s] Level 1:colcon.colcon_core.package_identification:_identify(src/soarm_scripts) by extension 'ros'
[0.351s] DEBUG:colcon.colcon_core.package_identification:Package 'src/soarm_scripts' with type 'ros.ament_cmake' and name 'soarm_scripts'
[0.352s] Level 1:colcon.colcon_core.package_discovery:discover_packages(recursive) using defaults
[0.352s] Level 1:colcon.colcon_core.package_discovery:discover_packages(ignore) discover
[0.352s] Level 1:colcon.colcon_core.package_discovery:discover_packages(ignore) using defaults
[0.352s] Level 1:colcon.colcon_core.package_discovery:discover_packages(path) discover
[0.352s] Level 1:colcon.colcon_core.package_discovery:discover_packages(path) using defaults
[0.382s] Level 1:colcon.colcon_core.package_discovery:discover_packages(prefix_path) check parameters
[0.382s] Level 1:colcon.colcon_core.package_discovery:discover_packages(prefix_path) discover
[0.384s] DEBUG:colcon.colcon_installed_package_information.package_discovery:Found 3 installed packages in /home/yundali/Arm_Project_WS/install
[0.386s] DEBUG:colcon.colcon_installed_package_information.package_discovery:Found 400 installed packages in /opt/ros/humble
[0.388s] Level 1:colcon.colcon_core.package_discovery:discover_packages(prefix_path) using defaults
[0.444s] Level 5:colcon.colcon_core.verb:set package 'soarm_controller' build argument 'cmake_args' from command line to 'None'
[0.444s] Level 5:colcon.colcon_core.verb:set package 'soarm_controller' build argument 'cmake_target' from command line to 'None'
[0.444s] Level 5:colcon.colcon_core.verb:set package 'soarm_controller' build argument 'cmake_target_skip_unavailable' from command line to 'False'
[0.444s] Level 5:colcon.colcon_core.verb:set package 'soarm_controller' build argument 'cmake_clean_cache' from command line to 'False'
[0.444s] Level 5:colcon.colcon_core.verb:set package 'soarm_controller' build argument 'cmake_clean_first' from command line to 'False'
[0.444s] Level 5:colcon.colcon_core.verb:set package 'soarm_controller' build argument 'cmake_force_configure' from command line to 'False'
[0.444s] Level 5:colcon.colcon_core.verb:set package 'soarm_controller' build argument 'ament_cmake_args' from command line to 'None'
[0.444s] Level 5:colcon.colcon_core.verb:set package 'soarm_controller' build argument 'catkin_cmake_args' from command line to 'None'
[0.445s] Level 5:colcon.colcon_core.verb:set package 'soarm_controller' build argument 'catkin_skip_building_tests' from command line to 'False'
[0.445s] DEBUG:colcon.colcon_core.verb:Building package 'soarm_controller' with the following arguments: {'ament_cmake_args': None, 'build_base': '/home/yundali/Arm_Project_WS/build/soarm_controller', 'catkin_cmake_args': None, 'catkin_skip_building_tests': False, 'cmake_args': None, 'cmake_clean_cache': False, 'cmake_clean_first': False, 'cmake_force_configure': False, 'cmake_target': None, 'cmake_target_skip_unavailable': False, 'install_base': '/home/yundali/Arm_Project_WS/install/soarm_controller', 'merge_install': False, 'path': '/home/yundali/Arm_Project_WS/src/soarm_controller', 'symlink_install': False, 'test_result_base': None}
[0.445s] Level 5:colcon.colcon_core.verb:set package 'soarm_description' build argument 'cmake_args' from command line to 'None'
[0.445s] Level 5:colcon.colcon_core.verb:set package 'soarm_description' build argument 'cmake_target' from command line to 'None'
[0.445s] Level 5:colcon.colcon_core.verb:set package 'soarm_description' build argument 'cmake_target_skip_unavailable' from command line to 'False'
[0.445s] Level 5:colcon.colcon_core.verb:set package 'soarm_description' build argument 'cmake_clean_cache' from command line to 'False'
[0.445s] Level 5:colcon.colcon_core.verb:set package 'soarm_description' build argument 'cmake_clean_first' from command line to 'False'
[0.445s] Level 5:colcon.colcon_core.verb:set package 'soarm_description' build argument 'cmake_force_configure' from command line to 'False'
[0.445s] Level 5:colcon.colcon_core.verb:set package 'soarm_description' build argument 'ament_cmake_args' from command line to 'None'
[0.445s] Level 5:colcon.colcon_core.verb:set package 'soarm_description' build argument 'catkin_cmake_args' from command line to 'None'
[0.445s] Level 5:colcon.colcon_core.verb:set package 'soarm_description' build argument 'catkin_skip_building_tests' from command line to 'False'
[0.445s] DEBUG:colcon.colcon_core.verb:Building package 'soarm_description' with the following arguments: {'ament_cmake_args': None, 'build_base': '/home/yundali/Arm_Project_WS/build/soarm_description', 'catkin_cmake_args': None, 'catkin_skip_building_tests': False, 'cmake_args': None, 'cmake_clean_cache': False, 'cmake_clean_first': False, 'cmake_force_configure': False, 'cmake_target': None, 'cmake_target_skip_unavailable': False, 'install_base': '/home/yundali/Arm_Project_WS/install/soarm_description', 'merge_install': False, 'path': '/home/yundali/Arm_Project_WS/src/soarm_description', 'symlink_install': False, 'test_result_base': None}
[0.446s] Level 5:colcon.colcon_core.verb:set package 'soarm_scripts' build argument 'cmake_args' from command line to 'None'
[0.446s] Level 5:colcon.colcon_core.verb:set package 'soarm_scripts' build argument 'cmake_target' from command line to 'None'
[0.446s] Level 5:colcon.colcon_core.verb:set package 'soarm_scripts' build argument 'cmake_target_skip_unavailable' from command line to 'False'
[0.446s] Level 5:colcon.colcon_core.verb:set package 'soarm_scripts' build argument 'cmake_clean_cache' from command line to 'False'
[0.446s] Level 5:colcon.colcon_core.verb:set package 'soarm_scripts' build argument 'cmake_clean_first' from command line to 'False'
[0.446s] Level 5:colcon.colcon_core.verb:set package 'soarm_scripts' build argument 'cmake_force_configure' from command line to 'False'
[0.446s] Level 5:colcon.colcon_core.verb:set package 'soarm_scripts' build argument 'ament_cmake_args' from command line to 'None'
[0.446s] Level 5:colcon.colcon_core.verb:set package 'soarm_scripts' build argument 'catkin_cmake_args' from command line to 'None'
[0.446s] Level 5:colcon.colcon_core.verb:set package 'soarm_scripts' build argument 'catkin_skip_building_tests' from command line to 'False'
[0.446s] DEBUG:colcon.colcon_core.verb:Building package 'soarm_scripts' with the following arguments: {'ament_cmake_args': None, 'build_base': '/home/yundali/Arm_Project_WS/build/soarm_scripts', 'catkin_cmake_args': None, 'catkin_skip_building_tests': False, 'cmake_args': None, 'cmake_clean_cache': False, 'cmake_clean_first': False, 'cmake_force_configure': False, 'cmake_target': None, 'cmake_target_skip_unavailable': False, 'install_base': '/home/yundali/Arm_Project_WS/install/soarm_scripts', 'merge_install': False, 'path': '/home/yundali/Arm_Project_WS/src/soarm_scripts', 'symlink_install': False, 'test_result_base': None}
[0.446s] INFO:colcon.colcon_core.executor:Executing jobs using 'parallel' executor
[0.448s] DEBUG:colcon.colcon_parallel_executor.executor.parallel:run_until_complete
[0.448s] INFO:colcon.colcon_ros.task.ament_cmake.build:Building ROS package in '/home/yundali/Arm_Project_WS/src/soarm_controller' with build type 'ament_cmake'
[0.448s] INFO:colcon.colcon_cmake.task.cmake.build:Building CMake package in '/home/yundali/Arm_Project_WS/src/soarm_controller'
[0.451s] INFO:colcon.colcon_core.plugin_system:Skipping extension 'colcon_core.shell.bat': Not used on non-Windows systems
[0.451s] INFO:colcon.colcon_core.shell:Skip shell extension 'powershell' for command environment: Not usable outside of PowerShell
[0.451s] DEBUG:colcon.colcon_core.shell:Skip shell extension 'dsv' for command environment
[0.456s] INFO:colcon.colcon_ros.task.ament_cmake.build:Building ROS package in '/home/yundali/Arm_Project_WS/src/soarm_description' with build type 'ament_cmake'
[0.457s] INFO:colcon.colcon_cmake.task.cmake.build:Building CMake package in '/home/yundali/Arm_Project_WS/src/soarm_description'
[0.457s] INFO:colcon.colcon_core.shell:Skip shell extension 'powershell' for command environment: Not usable outside of PowerShell
[0.457s] DEBUG:colcon.colcon_core.shell:Skip shell extension 'dsv' for command environment
[0.463s] INFO:colcon.colcon_ros.task.ament_cmake.build:Building ROS package in '/home/yundali/Arm_Project_WS/src/soarm_scripts' with build type 'ament_cmake'
[0.463s] INFO:colcon.colcon_cmake.task.cmake.build:Building CMake package in '/home/yundali/Arm_Project_WS/src/soarm_scripts'
[0.463s] INFO:colcon.colcon_core.shell:Skip shell extension 'powershell' for command environment: Not usable outside of PowerShell
[0.463s] DEBUG:colcon.colcon_core.shell:Skip shell extension 'dsv' for command environment
[0.474s] DEBUG:colcon.colcon_core.event_handler.log_command:Invoking command in '/home/yundali/Arm_Project_WS/build/soarm_controller': CMAKE_PREFIX_PATH=${CMAKE_PREFIX_PATH}:/opt/ros/humble /usr/bin/cmake --build /home/yundali/Arm_Project_WS/build/soarm_controller -- -j8 -l8
[0.479s] DEBUG:colcon.colcon_core.event_handler.log_command:Invoking command in '/home/yundali/Arm_Project_WS/build/soarm_description': CMAKE_PREFIX_PATH=${CMAKE_PREFIX_PATH}:/opt/ros/humble /usr/bin/cmake --build /home/yundali/Arm_Project_WS/build/soarm_description -- -j8 -l8
[0.484s] DEBUG:colcon.colcon_core.event_handler.log_command:Invoking command in '/home/yundali/Arm_Project_WS/build/soarm_scripts': CMAKE_PREFIX_PATH=${CMAKE_PREFIX_PATH}:/opt/ros/humble /usr/bin/cmake --build /home/yundali/Arm_Project_WS/build/soarm_scripts -- -j8 -l8
[0.523s] DEBUG:colcon.colcon_core.event_handler.log_command:Invoked command in '/home/yundali/Arm_Project_WS/build/soarm_controller' returned '0': CMAKE_PREFIX_PATH=${CMAKE_PREFIX_PATH}:/opt/ros/humble /usr/bin/cmake --build /home/yundali/Arm_Project_WS/build/soarm_controller -- -j8 -l8
[0.536s] DEBUG:colcon.colcon_core.event_handler.log_command:Invoking command in '/home/yundali/Arm_Project_WS/build/soarm_controller': CMAKE_PREFIX_PATH=${CMAKE_PREFIX_PATH}:/opt/ros/humble /usr/bin/cmake --install /home/yundali/Arm_Project_WS/build/soarm_controller
[0.538s] DEBUG:colcon.colcon_core.event_handler.log_command:Invoked command in '/home/yundali/Arm_Project_WS/build/soarm_description' returned '0': CMAKE_PREFIX_PATH=${CMAKE_PREFIX_PATH}:/opt/ros/humble /usr/bin/cmake --build /home/yundali/Arm_Project_WS/build/soarm_description -- -j8 -l8
[0.541s] DEBUG:colcon.colcon_core.event_handler.log_command:Invoking command in '/home/yundali/Arm_Project_WS/build/soarm_description': CMAKE_PREFIX_PATH=${CMAKE_PREFIX_PATH}:/opt/ros/humble /usr/bin/cmake --install /home/yundali/Arm_Project_WS/build/soarm_description
[0.542s] DEBUG:colcon.colcon_core.event_handler.log_command:Invoked command in '/home/yundali/Arm_Project_WS/build/soarm_scripts' returned '0': CMAKE_PREFIX_PATH=${CMAKE_PREFIX_PATH}:/opt/ros/humble /usr/bin/cmake --build /home/yundali/Arm_Project_WS/build/soarm_scripts -- -j8 -l8
[0.545s] DEBUG:colcon.colcon_core.event_handler.log_command:Invoking command in '/home/yundali/Arm_Project_WS/build/soarm_scripts': CMAKE_PREFIX_PATH=${CMAKE_PREFIX_PATH}:/opt/ros/humble /usr/bin/cmake --install /home/yundali/Arm_Project_WS/build/soarm_scripts
[0.555s] Level 1:colcon.colcon_core.environment:create_environment_scripts_only(soarm_description)
[0.562s] DEBUG:colcon.colcon_core.event_handler.log_command:Invoked command in '/home/yundali/Arm_Project_WS/build/soarm_description' returned '0': CMAKE_PREFIX_PATH=${CMAKE_PREFIX_PATH}:/opt/ros/humble /usr/bin/cmake --install /home/yundali/Arm_Project_WS/build/soarm_description
[0.568s] Level 1:colcon.colcon_core.environment:checking '/home/yundali/Arm_Project_WS/install/soarm_description' for CMake module files
[0.568s] Level 1:colcon.colcon_core.environment:checking '/home/yundali/Arm_Project_WS/install/soarm_description' for CMake config files
[0.569s] Level 1:colcon.colcon_core.shell:create_environment_hook('soarm_description', 'cmake_prefix_path')
[0.569s] INFO:colcon.colcon_core.shell:Creating environment hook '/home/yundali/Arm_Project_WS/install/soarm_description/share/soarm_description/hook/cmake_prefix_path.ps1'
[0.570s] INFO:colcon.colcon_core.shell:Creating environment descriptor '/home/yundali/Arm_Project_WS/install/soarm_description/share/soarm_description/hook/cmake_prefix_path.dsv'
[0.570s] INFO:colcon.colcon_core.shell:Creating environment hook '/home/yundali/Arm_Project_WS/install/soarm_description/share/soarm_description/hook/cmake_prefix_path.sh'
[0.571s] Level 1:colcon.colcon_core.environment:checking '/home/yundali/Arm_Project_WS/install/soarm_description/bin'
[0.571s] Level 1:colcon.colcon_core.environment:checking '/home/yundali/Arm_Project_WS/install/soarm_description/lib/pkgconfig/soarm_description.pc'
[0.572s] Level 1:colcon.colcon_core.environment:checking '/home/yundali/Arm_Project_WS/install/soarm_description/lib/python3.10/site-packages'
[0.572s] Level 1:colcon.colcon_core.environment:checking '/home/yundali/Arm_Project_WS/install/soarm_description/bin'
[0.572s] INFO:colcon.colcon_core.shell:Creating package script '/home/yundali/Arm_Project_WS/install/soarm_description/share/soarm_description/package.ps1'
[0.573s] INFO:colcon.colcon_core.shell:Creating package descriptor '/home/yundali/Arm_Project_WS/install/soarm_description/share/soarm_description/package.dsv'
[0.575s] INFO:colcon.colcon_core.shell:Creating package script '/home/yundali/Arm_Project_WS/install/soarm_description/share/soarm_description/package.sh'
[0.576s] INFO:colcon.colcon_core.shell:Creating package script '/home/yundali/Arm_Project_WS/install/soarm_description/share/soarm_description/package.bash'
[0.577s] INFO:colcon.colcon_core.shell:Creating package script '/home/yundali/Arm_Project_WS/install/soarm_description/share/soarm_description/package.zsh'
[0.578s] Level 1:colcon.colcon_core.environment:create_file_with_runtime_dependencies(/home/yundali/Arm_Project_WS/install/soarm_description/share/colcon-core/packages/soarm_description)
[0.578s] Level 1:colcon.colcon_core.environment:create_environment_scripts_only(soarm_description)
[0.579s] Level 1:colcon.colcon_core.environment:checking '/home/yundali/Arm_Project_WS/install/soarm_description' for CMake module files
[0.579s] Level 1:colcon.colcon_core.environment:checking '/home/yundali/Arm_Project_WS/install/soarm_description' for CMake config files
[0.580s] Level 1:colcon.colcon_core.shell:create_environment_hook('soarm_description', 'cmake_prefix_path')
[0.580s] INFO:colcon.colcon_core.shell:Creating environment hook '/home/yundali/Arm_Project_WS/install/soarm_description/share/soarm_description/hook/cmake_prefix_path.ps1'
[0.580s] INFO:colcon.colcon_core.shell:Creating environment descriptor '/home/yundali/Arm_Project_WS/install/soarm_description/share/soarm_description/hook/cmake_prefix_path.dsv'
[0.581s] INFO:colcon.colcon_core.shell:Creating environment hook '/home/yundali/Arm_Project_WS/install/soarm_description/share/soarm_description/hook/cmake_prefix_path.sh'
[0.582s] Level 1:colcon.colcon_core.environment:checking '/home/yundali/Arm_Project_WS/install/soarm_description/bin'
[0.582s] Level 1:colcon.colcon_core.environment:checking '/home/yundali/Arm_Project_WS/install/soarm_description/lib/pkgconfig/soarm_description.pc'
[0.582s] Level 1:colcon.colcon_core.environment:checking '/home/yundali/Arm_Project_WS/install/soarm_description/lib/python3.10/site-packages'
[0.582s] Level 1:colcon.colcon_core.environment:checking '/home/yundali/Arm_Project_WS/install/soarm_description/bin'
[0.583s] INFO:colcon.colcon_core.shell:Creating package script '/home/yundali/Arm_Project_WS/install/soarm_description/share/soarm_description/package.ps1'
[0.583s] INFO:colcon.colcon_core.shell:Creating package descriptor '/home/yundali/Arm_Project_WS/install/soarm_description/share/soarm_description/package.dsv'
[0.584s] INFO:colcon.colcon_core.shell:Creating package script '/home/yundali/Arm_Project_WS/install/soarm_description/share/soarm_description/package.sh'
[0.585s] INFO:colcon.colcon_core.shell:Creating package script '/home/yundali/Arm_Project_WS/install/soarm_description/share/soarm_description/package.bash'
[0.585s] INFO:colcon.colcon_core.shell:Creating package script '/home/yundali/Arm_Project_WS/install/soarm_description/share/soarm_description/package.zsh'
[0.586s] Level 1:colcon.colcon_core.environment:create_file_with_runtime_dependencies(/home/yundali/Arm_Project_WS/install/soarm_description/share/colcon-core/packages/soarm_description)
[0.587s] Level 1:colcon.colcon_core.environment:create_environment_scripts_only(soarm_controller)
[0.588s] Level 1:colcon.colcon_core.environment:checking '/home/yundali/Arm_Project_WS/install/soarm_controller' for CMake module files
[0.589s] DEBUG:colcon.colcon_core.event_handler.log_command:Invoked command in '/home/yundali/Arm_Project_WS/build/soarm_controller' returned '0': CMAKE_PREFIX_PATH=${CMAKE_PREFIX_PATH}:/opt/ros/humble /usr/bin/cmake --install /home/yundali/Arm_Project_WS/build/soarm_controller
[0.589s] Level 1:colcon.colcon_core.environment:checking '/home/yundali/Arm_Project_WS/install/soarm_controller' for CMake config files
[0.589s] Level 1:colcon.colcon_core.shell:create_environment_hook('soarm_controller', 'cmake_prefix_path')
[0.590s] INFO:colcon.colcon_core.shell:Creating environment hook '/home/yundali/Arm_Project_WS/install/soarm_controller/share/soarm_controller/hook/cmake_prefix_path.ps1'
[0.590s] INFO:colcon.colcon_core.shell:Creating environment descriptor '/home/yundali/Arm_Project_WS/install/soarm_controller/share/soarm_controller/hook/cmake_prefix_path.dsv'
[0.591s] INFO:colcon.colcon_core.shell:Creating environment hook '/home/yundali/Arm_Project_WS/install/soarm_controller/share/soarm_controller/hook/cmake_prefix_path.sh'
[0.591s] Level 1:colcon.colcon_core.environment:checking '/home/yundali/Arm_Project_WS/install/soarm_controller/bin'
[0.591s] Level 1:colcon.colcon_core.environment:checking '/home/yundali/Arm_Project_WS/install/soarm_controller/lib/pkgconfig/soarm_controller.pc'
[0.592s] Level 1:colcon.colcon_core.environment:checking '/home/yundali/Arm_Project_WS/install/soarm_controller/lib/python3.10/site-packages'
[0.592s] Level 1:colcon.colcon_core.environment:checking '/home/yundali/Arm_Project_WS/install/soarm_controller/bin'
[0.592s] INFO:colcon.colcon_core.shell:Creating package script '/home/yundali/Arm_Project_WS/install/soarm_controller/share/soarm_controller/package.ps1'
[0.593s] INFO:colcon.colcon_core.shell:Creating package descriptor '/home/yundali/Arm_Project_WS/install/soarm_controller/share/soarm_controller/package.dsv'
[0.593s] INFO:colcon.colcon_core.shell:Creating package script '/home/yundali/Arm_Project_WS/install/soarm_controller/share/soarm_controller/package.sh'
[0.594s] INFO:colcon.colcon_core.shell:Creating package script '/home/yundali/Arm_Project_WS/install/soarm_controller/share/soarm_controller/package.bash'
[0.594s] INFO:colcon.colcon_core.shell:Creating package script '/home/yundali/Arm_Project_WS/install/soarm_controller/share/soarm_controller/package.zsh'
[0.595s] Level 1:colcon.colcon_core.environment:create_file_with_runtime_dependencies(/home/yundali/Arm_Project_WS/install/soarm_controller/share/colcon-core/packages/soarm_controller)
[0.595s] Level 1:colcon.colcon_core.environment:create_environment_scripts_only(soarm_controller)
[0.596s] Level 1:colcon.colcon_core.environment:checking '/home/yundali/Arm_Project_WS/install/soarm_controller' for CMake module files
[0.596s] Level 1:colcon.colcon_core.environment:checking '/home/yundali/Arm_Project_WS/install/soarm_controller' for CMake config files
[0.596s] Level 1:colcon.colcon_core.shell:create_environment_hook('soarm_controller', 'cmake_prefix_path')
[0.597s] INFO:colcon.colcon_core.shell:Creating environment hook '/home/yundali/Arm_Project_WS/install/soarm_controller/share/soarm_controller/hook/cmake_prefix_path.ps1'
[0.597s] INFO:colcon.colcon_core.shell:Creating environment descriptor '/home/yundali/Arm_Project_WS/install/soarm_controller/share/soarm_controller/hook/cmake_prefix_path.dsv'
[0.598s] INFO:colcon.colcon_core.shell:Creating environment hook '/home/yundali/Arm_Project_WS/install/soarm_controller/share/soarm_controller/hook/cmake_prefix_path.sh'
[0.598s] Level 1:colcon.colcon_core.environment:checking '/home/yundali/Arm_Project_WS/install/soarm_controller/bin'
[0.598s] Level 1:colcon.colcon_core.environment:checking '/home/yundali/Arm_Project_WS/install/soarm_controller/lib/pkgconfig/soarm_controller.pc'
[0.599s] Level 1:colcon.colcon_core.environment:checking '/home/yundali/Arm_Project_WS/install/soarm_controller/lib/python3.10/site-packages'
[0.599s] Level 1:colcon.colcon_core.environment:checking '/home/yundali/Arm_Project_WS/install/soarm_controller/bin'
[0.599s] INFO:colcon.colcon_core.shell:Creating package script '/home/yundali/Arm_Project_WS/install/soarm_controller/share/soarm_controller/package.ps1'
[0.600s] INFO:colcon.colcon_core.shell:Creating package descriptor '/home/yundali/Arm_Project_WS/install/soarm_controller/share/soarm_controller/package.dsv'
[0.601s] INFO:colcon.colcon_core.shell:Creating package script '/home/yundali/Arm_Project_WS/install/soarm_controller/share/soarm_controller/package.sh'
[0.601s] INFO:colcon.colcon_core.shell:Creating package script '/home/yundali/Arm_Project_WS/install/soarm_controller/share/soarm_controller/package.bash'
[0.602s] INFO:colcon.colcon_core.shell:Creating package script '/home/yundali/Arm_Project_WS/install/soarm_controller/share/soarm_controller/package.zsh'
[0.602s] Level 1:colcon.colcon_core.environment:create_file_with_runtime_dependencies(/home/yundali/Arm_Project_WS/install/soarm_controller/share/colcon-core/packages/soarm_controller)
[0.603s] Level 1:colcon.colcon_core.environment:create_environment_scripts_only(soarm_scripts)
[0.603s] Level 1:colcon.colcon_core.environment:checking '/home/yundali/Arm_Project_WS/install/soarm_scripts' for CMake module files
[0.604s] DEBUG:colcon.colcon_core.event_handler.log_command:Invoked command in '/home/yundali/Arm_Project_WS/build/soarm_scripts' returned '0': CMAKE_PREFIX_PATH=${CMAKE_PREFIX_PATH}:/opt/ros/humble /usr/bin/cmake --install /home/yundali/Arm_Project_WS/build/soarm_scripts
[0.605s] Level 1:colcon.colcon_core.environment:checking '/home/yundali/Arm_Project_WS/install/soarm_scripts' for CMake config files
[0.605s] Level 1:colcon.colcon_core.shell:create_environment_hook('soarm_scripts', 'cmake_prefix_path')
[0.605s] INFO:colcon.colcon_core.shell:Creating environment hook '/home/yundali/Arm_Project_WS/install/soarm_scripts/share/soarm_scripts/hook/cmake_prefix_path.ps1'
[0.606s] INFO:colcon.colcon_core.shell:Creating environment descriptor '/home/yundali/Arm_Project_WS/install/soarm_scripts/share/soarm_scripts/hook/cmake_prefix_path.dsv'
[0.606s] INFO:colcon.colcon_core.shell:Creating environment hook '/home/yundali/Arm_Project_WS/install/soarm_scripts/share/soarm_scripts/hook/cmake_prefix_path.sh'
[0.607s] Level 1:colcon.colcon_core.environment:checking '/home/yundali/Arm_Project_WS/install/soarm_scripts/bin'
[0.607s] Level 1:colcon.colcon_core.environment:checking '/home/yundali/Arm_Project_WS/install/soarm_scripts/lib/pkgconfig/soarm_scripts.pc'
[0.607s] Level 1:colcon.colcon_core.environment:checking '/home/yundali/Arm_Project_WS/install/soarm_scripts/lib/python3.10/site-packages'
[0.608s] Level 1:colcon.colcon_core.environment:checking '/home/yundali/Arm_Project_WS/install/soarm_scripts/bin'
[0.608s] INFO:colcon.colcon_core.shell:Creating package script '/home/yundali/Arm_Project_WS/install/soarm_scripts/share/soarm_scripts/package.ps1'
[0.609s] INFO:colcon.colcon_core.shell:Creating package descriptor '/home/yundali/Arm_Project_WS/install/soarm_scripts/share/soarm_scripts/package.dsv'
[0.609s] INFO:colcon.colcon_core.shell:Creating package script '/home/yundali/Arm_Project_WS/install/soarm_scripts/share/soarm_scripts/package.sh'
[0.610s] INFO:colcon.colcon_core.shell:Creating package script '/home/yundali/Arm_Project_WS/install/soarm_scripts/share/soarm_scripts/package.bash'
[0.610s] INFO:colcon.colcon_core.shell:Creating package script '/home/yundali/Arm_Project_WS/install/soarm_scripts/share/soarm_scripts/package.zsh'
[0.611s] Level 1:colcon.colcon_core.environment:create_file_with_runtime_dependencies(/home/yundali/Arm_Project_WS/install/soarm_scripts/share/colcon-core/packages/soarm_scripts)
[0.611s] Level 1:colcon.colcon_core.environment:create_environment_scripts_only(soarm_scripts)
[0.612s] Level 1:colcon.colcon_core.environment:checking '/home/yundali/Arm_Project_WS/install/soarm_scripts' for CMake module files
[0.612s] Level 1:colcon.colcon_core.environment:checking '/home/yundali/Arm_Project_WS/install/soarm_scripts' for CMake config files
[0.612s] Level 1:colcon.colcon_core.shell:create_environment_hook('soarm_scripts', 'cmake_prefix_path')
[0.613s] INFO:colcon.colcon_core.shell:Creating environment hook '/home/yundali/Arm_Project_WS/install/soarm_scripts/share/soarm_scripts/hook/cmake_prefix_path.ps1'
[0.613s] INFO:colcon.colcon_core.shell:Creating environment descriptor '/home/yundali/Arm_Project_WS/install/soarm_scripts/share/soarm_scripts/hook/cmake_prefix_path.dsv'
[0.614s] INFO:colcon.colcon_core.shell:Creating environment hook '/home/yundali/Arm_Project_WS/install/soarm_scripts/share/soarm_scripts/hook/cmake_prefix_path.sh'
[0.614s] Level 1:colcon.colcon_core.environment:checking '/home/yundali/Arm_Project_WS/install/soarm_scripts/bin'
[0.614s] Level 1:colcon.colcon_core.environment:checking '/home/yundali/Arm_Project_WS/install/soarm_scripts/lib/pkgconfig/soarm_scripts.pc'
[0.615s] Level 1:colcon.colcon_core.environment:checking '/home/yundali/Arm_Project_WS/install/soarm_scripts/lib/python3.10/site-packages'
[0.615s] Level 1:colcon.colcon_core.environment:checking '/home/yundali/Arm_Project_WS/install/soarm_scripts/bin'
[0.615s] INFO:colcon.colcon_core.shell:Creating package script '/home/yundali/Arm_Project_WS/install/soarm_scripts/share/soarm_scripts/package.ps1'
[0.616s] INFO:colcon.colcon_core.shell:Creating package descriptor '/home/yundali/Arm_Project_WS/install/soarm_scripts/share/soarm_scripts/package.dsv'
[0.616s] INFO:colcon.colcon_core.shell:Creating package script '/home/yundali/Arm_Project_WS/install/soarm_scripts/share/soarm_scripts/package.sh'
[0.617s] INFO:colcon.colcon_core.shell:Creating package script '/home/yundali/Arm_Project_WS/install/soarm_scripts/share/soarm_scripts/package.bash'
[0.617s] INFO:colcon.colcon_core.shell:Creating package script '/home/yundali/Arm_Project_WS/install/soarm_scripts/share/soarm_scripts/package.zsh'
[0.618s] Level 1:colcon.colcon_core.environment:create_file_with_runtime_dependencies(/home/yundali/Arm_Project_WS/install/soarm_scripts/share/colcon-core/packages/soarm_scripts)
[0.618s] DEBUG:colcon.colcon_parallel_executor.executor.parallel:closing loop
[0.618s] DEBUG:colcon.colcon_parallel_executor.executor.parallel:loop closed
[0.618s] DEBUG:colcon.colcon_parallel_executor.executor.parallel:run_until_complete finished with '0'
[0.618s] DEBUG:colcon.colcon_core.event_reactor:joining thread
[0.625s] INFO:colcon.colcon_core.plugin_system:Skipping extension 'colcon_notification.desktop_notification.terminal_notifier': Not used on non-Darwin systems
[0.625s] INFO:colcon.colcon_core.plugin_system:Skipping extension 'colcon_notification.desktop_notification.win32': Not used on non-Windows systems
[0.625s] INFO:colcon.colcon_notification.desktop_notification:Sending desktop notification using 'notify2'
[0.637s] DEBUG:colcon.colcon_core.event_reactor:joined thread
[0.637s] INFO:colcon.colcon_core.shell:Creating prefix script '/home/yundali/Arm_Project_WS/install/local_setup.ps1'
[0.640s] INFO:colcon.colcon_core.shell:Creating prefix util module '/home/yundali/Arm_Project_WS/install/_local_setup_util_ps1.py'
[0.641s] INFO:colcon.colcon_core.shell:Creating prefix chain script '/home/yundali/Arm_Project_WS/install/setup.ps1'
[0.643s] INFO:colcon.colcon_core.shell:Creating prefix script '/home/yundali/Arm_Project_WS/install/local_setup.sh'
[0.644s] INFO:colcon.colcon_core.shell:Creating prefix util module '/home/yundali/Arm_Project_WS/install/_local_setup_util_sh.py'
[0.644s] INFO:colcon.colcon_core.shell:Creating prefix chain script '/home/yundali/Arm_Project_WS/install/setup.sh'
[0.646s] INFO:colcon.colcon_core.shell:Creating prefix script '/home/yundali/Arm_Project_WS/install/local_setup.bash'
[0.647s] INFO:colcon.colcon_core.shell:Creating prefix chain script '/home/yundali/Arm_Project_WS/install/setup.bash'
[0.648s] INFO:colcon.colcon_core.shell:Creating prefix script '/home/yundali/Arm_Project_WS/install/local_setup.zsh'
[0.649s] INFO:colcon.colcon_core.shell:Creating prefix chain script '/home/yundali/Arm_Project_WS/install/setup.zsh'
